This is pdfeTeX, Version 3.141592-1.30.6-2.2 (MiKTeX 2.5) (preloaded format=latex 2007.2.26)  1 AUG 2007 17:51
entering extended mode
**D:/nick/fastlib/u/nvasil/docs/proposal/proposal.tex
(D:\nick\fastlib\u\nvasil\docs\proposal\proposal.tex
LaTeX2e <2005/12/01>
Babel <v3.8g> and hyphenation patterns for english, dumylang, nohyphenation, ge
rman, ngerman, french, loaded.
(gtthesis.cls
Document Class: gtthesis 2006/06/21 v1.3 GT Thesis template
GTTHESIS Class Option: Default font (Times Roman) turned on.
   Make sure your LaTeX installation has all required packages.
GTTHESIS Class Option: ``proposal''
GTTHESIS Class Info: The option, ETD, is
   not an explicit option of the GTTHESIS class and 
   will therefore be ignored and/or passed to later included 
   packages. 
GTTHESIS Class Info: The option, dvips, is
   not an explicit option of the GTTHESIS class and 
   will therefore be ignored and/or passed to later included 
   packages. 
GTTHESIS Class Info: Begin loading of TIMES ROMAN font packages.
("C:\Program Files\MiKTeX 2.5\tex\latex\base\textcomp.sty"
Package: textcomp 2005/09/27 v1.99g Standard LaTeX package
Package textcomp Info: Sub-encoding information:
(textcomp)               5 = only ISO-Adobe without \textcurrency
(textcomp)               4 = 5 + \texteuro
(textcomp)               3 = 4 + \textohm
(textcomp)               2 = 3 + \textestimated + \textcurrency
(textcomp)               1 = TS1 - \textcircled - \t
(textcomp)               0 = TS1 (full)
(textcomp)             Font families with sub-encoding setting implement
(textcomp)             only a restricted character set as indicated.
(textcomp)             Family '?' is the default used for unknown fonts.
(textcomp)             See the documentation for details.
Package textcomp Info: Setting ? sub-encoding to TS1/1 on input line 71.

("C:\Program Files\MiKTeX 2.5\tex\latex\base\ts1enc.def"
File: ts1enc.def 2001/06/05 v3.0e (jk/car/fm) Standard LaTeX file
)
LaTeX Info: Redefining \oldstylenums on input line 266.
Package textcomp Info: Setting cmr sub-encoding to TS1/0 on input line 281.
Package textcomp Info: Setting cmss sub-encoding to TS1/0 on input line 282.
Package textcomp Info: Setting cmtt sub-encoding to TS1/0 on input line 283.
Package textcomp Info: Setting cmvtt sub-encoding to TS1/0 on input line 284.
Package textcomp Info: Setting cmbr sub-encoding to TS1/0 on input line 285.
Package textcomp Info: Setting cmtl sub-encoding to TS1/0 on input line 286.
Package textcomp Info: Setting ccr sub-encoding to TS1/0 on input line 287.
Package textcomp Info: Setting ptm sub-encoding to TS1/4 on input line 288.
Package textcomp Info: Setting pcr sub-encoding to TS1/4 on input line 289.
Package textcomp Info: Setting phv sub-encoding to TS1/4 on input line 290.
Package textcomp Info: Setting ppl sub-encoding to TS1/3 on input line 291.
Package textcomp Info: Setting pag sub-encoding to TS1/4 on input line 292.
Package textcomp Info: Setting pbk sub-encoding to TS1/4 on input line 293.
Package textcomp Info: Setting pnc sub-encoding to TS1/4 on input line 294.
Package textcomp Info: Setting pzc sub-encoding to TS1/4 on input line 295.
Package textcomp Info: Setting bch sub-encoding to TS1/4 on input line 296.
Package textcomp Info: Setting put sub-encoding to TS1/5 on input line 297.
Package textcomp Info: Setting uag sub-encoding to TS1/5 on input line 298.
Package textcomp Info: Setting ugq sub-encoding to TS1/5 on input line 299.
Package textcomp Info: Setting ul8 sub-encoding to TS1/4 on input line 300.
Package textcomp Info: Setting ul9 sub-encoding to TS1/4 on input line 301.
Package textcomp Info: Setting augie sub-encoding to TS1/5 on input line 302.
Package textcomp Info: Setting dayrom sub-encoding to TS1/3 on input line 303.
Package textcomp Info: Setting dayroms sub-encoding to TS1/3 on input line 304.

Package textcomp Info: Setting pxr sub-encoding to TS1/0 on input line 305.
Package textcomp Info: Setting pxss sub-encoding to TS1/0 on input line 306.
Package textcomp Info: Setting pxtt sub-encoding to TS1/0 on input line 307.
Package textcomp Info: Setting txr sub-encoding to TS1/0 on input line 308.
Package textcomp Info: Setting txss sub-encoding to TS1/0 on input line 309.
Package textcomp Info: Setting txtt sub-encoding to TS1/0 on input line 310.
Package textcomp Info: Setting futs sub-encoding to TS1/4 on input line 311.
Package textcomp Info: Setting futx sub-encoding to TS1/4 on input line 312.
Package textcomp Info: Setting futj sub-encoding to TS1/4 on input line 313.
Package textcomp Info: Setting hlh sub-encoding to TS1/3 on input line 314.
Package textcomp Info: Setting hls sub-encoding to TS1/3 on input line 315.
Package textcomp Info: Setting hlst sub-encoding to TS1/3 on input line 316.
Package textcomp Info: Setting hlct sub-encoding to TS1/5 on input line 317.
Package textcomp Info: Setting hlx sub-encoding to TS1/5 on input line 318.
Package textcomp Info: Setting hlce sub-encoding to TS1/5 on input line 319.
Package textcomp Info: Setting hlcn sub-encoding to TS1/5 on input line 320.
Package textcomp Info: Setting hlcw sub-encoding to TS1/5 on input line 321.
Package textcomp Info: Setting hlcf sub-encoding to TS1/5 on input line 322.
Package textcomp Info: Setting pplx sub-encoding to TS1/3 on input line 323.
Package textcomp Info: Setting pplj sub-encoding to TS1/3 on input line 324.
Package textcomp Info: Setting ptmx sub-encoding to TS1/4 on input line 325.
Package textcomp Info: Setting ptmj sub-encoding to TS1/4 on input line 326.
)
("C:\Program Files\MiKTeX 2.5\tex\latex\base\latexsym.sty"
Package: latexsym 1998/08/17 v2.2e Standard LaTeX package (lasy symbols)
\symlasy=\mathgroup4
LaTeX Font Info:    Overwriting symbol font `lasy' in version `bold'
(Font)                  U/lasy/m/n --> U/lasy/b/n on input line 47.
)
("C:\Program Files\MiKTeX 2.5\tex\latex\amsmath\amsmath.sty"
Package: amsmath 2000/07/18 v2.13 AMS math features
\@mathmargin=\skip41

For additional information on amsmath, use the `?' option.
("C:\Program Files\MiKTeX 2.5\tex\latex\amsmath\amstext.sty"
Package: amstext 2000/06/29 v2.01

("C:\Program Files\MiKTeX 2.5\tex\latex\amsmath\amsgen.sty"
File: amsgen.sty 1999/11/30 v2.0
\@emptytoks=\toks14
\ex@=\dimen102
))
("C:\Program Files\MiKTeX 2.5\tex\latex\amsmath\amsbsy.sty"
Package: amsbsy 1999/11/29 v1.2d
\pmbraise@=\dimen103
)
("C:\Program Files\MiKTeX 2.5\tex\latex\amsmath\amsopn.sty"
Package: amsopn 1999/12/14 v2.01 operator names
)
\inf@bad=\count79
LaTeX Info: Redefining \frac on input line 211.
\uproot@=\count80
\leftroot@=\count81
LaTeX Info: Redefining \overline on input line 307.
\classnum@=\count82
\DOTSCASE@=\count83
LaTeX Info: Redefining \ldots on input line 379.
LaTeX Info: Redefining \dots on input line 382.
LaTeX Info: Redefining \cdots on input line 467.
\Mathstrutbox@=\box26
\strutbox@=\box27
\big@size=\dimen104
LaTeX Font Info:    Redeclaring font encoding OML on input line 567.
LaTeX Font Info:    Redeclaring font encoding OMS on input line 568.
\macc@depth=\count84
\c@MaxMatrixCols=\count85
\dotsspace@=\muskip10
\c@parentequation=\count86
\dspbrk@lvl=\count87
\tag@help=\toks15
\row@=\count88
\column@=\count89
\maxfields@=\count90
\andhelp@=\toks16
\eqnshift@=\dimen105
\alignsep@=\dimen106
\tagshift@=\dimen107
\tagwidth@=\dimen108
\totwidth@=\dimen109
\lineht@=\dimen110
\@envbody=\toks17
\multlinegap=\skip42
\multlinetaggap=\skip43
\mathdisplay@stack=\toks18
LaTeX Info: Redefining \[ on input line 2666.
LaTeX Info: Redefining \] on input line 2667.
)
("C:\Program Files\MiKTeX 2.5\tex\latex\amsfonts\amsfonts.sty"
Package: amsfonts 2001/10/25 v2.2f
\symAMSa=\mathgroup5
\symAMSb=\mathgroup6
LaTeX Font Info:    Overwriting math alphabet `\mathfrak' in version `bold'
(Font)                  U/euf/m/n --> U/euf/b/n on input line 132.
)
("C:\Program Files\MiKTeX 2.5\tex\latex\amsfonts\amssymb.sty"
Package: amssymb 2002/01/22 v2.2d
)
("C:\Program Files\MiKTeX 2.5\tex\latex\txfonts\txfonts.sty"
Package: txfonts 2005/01/03 v3.2
LaTeX Font Info:    Redeclaring symbol font `operators' on input line 20.
LaTeX Font Info:    Overwriting symbol font `operators' in version `normal'
(Font)                  OT1/cmr/m/n --> OT1/txr/m/n on input line 20.
LaTeX Font Info:    Overwriting symbol font `operators' in version `bold'
(Font)                  OT1/cmr/bx/n --> OT1/txr/m/n on input line 20.
LaTeX Font Info:    Overwriting symbol font `operators' in version `bold'
(Font)                  OT1/txr/m/n --> OT1/txr/bx/n on input line 21.
\symitalic=\mathgroup7
LaTeX Font Info:    Overwriting symbol font `italic' in version `bold'
(Font)                  OT1/txr/m/it --> OT1/txr/bx/it on input line 25.
LaTeX Font Info:    Redeclaring math alphabet \mathbf on input line 28.
LaTeX Font Info:    Overwriting math alphabet `\mathbf' in version `normal'
(Font)                  OT1/cmr/bx/n --> OT1/txr/bx/n on input line 28.
LaTeX Font Info:    Overwriting math alphabet `\mathbf' in version `bold'
(Font)                  OT1/cmr/bx/n --> OT1/txr/bx/n on input line 28.
LaTeX Font Info:    Redeclaring math alphabet \mathit on input line 29.
LaTeX Font Info:    Overwriting math alphabet `\mathit' in version `normal'
(Font)                  OT1/cmr/m/it --> OT1/txr/m/it on input line 29.
LaTeX Font Info:    Overwriting math alphabet `\mathit' in version `bold'
(Font)                  OT1/cmr/bx/it --> OT1/txr/m/it on input line 29.
LaTeX Font Info:    Overwriting math alphabet `\mathit' in version `bold'
(Font)                  OT1/txr/m/it --> OT1/txr/bx/it on input line 30.
LaTeX Font Info:    Redeclaring math alphabet \mathsf on input line 39.
LaTeX Font Info:    Overwriting math alphabet `\mathsf' in version `normal'
(Font)                  OT1/cmss/m/n --> OT1/txss/m/n on input line 39.
LaTeX Font Info:    Overwriting math alphabet `\mathsf' in version `bold'
(Font)                  OT1/cmss/bx/n --> OT1/txss/m/n on input line 39.
LaTeX Font Info:    Overwriting math alphabet `\mathsf' in version `bold'
(Font)                  OT1/txss/m/n --> OT1/txss/b/n on input line 40.
LaTeX Font Info:    Redeclaring math alphabet \mathtt on input line 49.
LaTeX Font Info:    Overwriting math alphabet `\mathtt' in version `normal'
(Font)                  OT1/cmtt/m/n --> OT1/txtt/m/n on input line 49.
LaTeX Font Info:    Overwriting math alphabet `\mathtt' in version `bold'
(Font)                  OT1/cmtt/m/n --> OT1/txtt/m/n on input line 49.
LaTeX Font Info:    Overwriting math alphabet `\mathtt' in version `bold'
(Font)                  OT1/txtt/m/n --> OT1/txtt/b/n on input line 50.
LaTeX Font Info:    Redeclaring symbol font `letters' on input line 57.
LaTeX Font Info:    Overwriting symbol font `letters' in version `normal'
(Font)                  OML/cmm/m/it --> OML/txmi/m/it on input line 57.
LaTeX Font Info:    Overwriting symbol font `letters' in version `bold'
(Font)                  OML/cmm/b/it --> OML/txmi/m/it on input line 57.
LaTeX Font Info:    Overwriting symbol font `letters' in version `bold'
(Font)                  OML/txmi/m/it --> OML/txmi/bx/it on input line 58.
\symlettersA=\mathgroup8
LaTeX Font Info:    Overwriting symbol font `lettersA' in version `bold'
(Font)                  U/txmia/m/it --> U/txmia/bx/it on input line 66.
LaTeX Font Info:    Redeclaring math alphabet \mathfrak on input line 69.
LaTeX Font Info:    Redeclaring symbol font `symbols' on input line 76.
LaTeX Font Info:    Overwriting symbol font `symbols' in version `normal'
(Font)                  OMS/cmsy/m/n --> OMS/txsy/m/n on input line 76.
LaTeX Font Info:    Overwriting symbol font `symbols' in version `bold'
(Font)                  OMS/cmsy/b/n --> OMS/txsy/m/n on input line 76.
LaTeX Font Info:    Overwriting symbol font `symbols' in version `bold'
(Font)                  OMS/txsy/m/n --> OMS/txsy/bx/n on input line 77.
LaTeX Font Info:    Redeclaring symbol font `AMSa' on input line 92.
LaTeX Font Info:    Overwriting symbol font `AMSa' in version `normal'
(Font)                  U/msa/m/n --> U/txsya/m/n on input line 92.
LaTeX Font Info:    Overwriting symbol font `AMSa' in version `bold'
(Font)                  U/msa/m/n --> U/txsya/m/n on input line 92.
LaTeX Font Info:    Overwriting symbol font `AMSa' in version `bold'
(Font)                  U/txsya/m/n --> U/txsya/bx/n on input line 93.
LaTeX Font Info:    Redeclaring symbol font `AMSb' on input line 101.
LaTeX Font Info:    Overwriting symbol font `AMSb' in version `normal'
(Font)                  U/msb/m/n --> U/txsyb/m/n on input line 101.
LaTeX Font Info:    Overwriting symbol font `AMSb' in version `bold'
(Font)                  U/msb/m/n --> U/txsyb/m/n on input line 101.
LaTeX Font Info:    Overwriting symbol font `AMSb' in version `bold'
(Font)                  U/txsyb/m/n --> U/txsyb/bx/n on input line 102.
\symsymbolsC=\mathgroup9
LaTeX Font Info:    Overwriting symbol font `symbolsC' in version `bold'
(Font)                  U/txsyc/m/n --> U/txsyc/bx/n on input line 112.
LaTeX Font Info:    Redeclaring symbol font `largesymbols' on input line 119.
LaTeX Font Info:    Overwriting symbol font `largesymbols' in version `normal'
(Font)                  OMX/cmex/m/n --> OMX/txex/m/n on input line 119.
LaTeX Font Info:    Overwriting symbol font `largesymbols' in version `bold'
(Font)                  OMX/cmex/m/n --> OMX/txex/m/n on input line 119.
LaTeX Font Info:    Overwriting symbol font `largesymbols' in version `bold'
(Font)                  OMX/txex/m/n --> OMX/txex/bx/n on input line 120.
\symlargesymbolsA=\mathgroup10
LaTeX Font Info:    Overwriting symbol font `largesymbolsA' in version `bold'
(Font)                  U/txexa/m/n --> U/txexa/bx/n on input line 128.
LaTeX Info: Redefining \not on input line 1042.
)
GTTHESIS Class Info: Finished loading of TIMES ROMAN font packages.
GTTHESIS Class Info: Begin loading of graphics package(for campanile).
("C:\Program Files\MiKTeX 2.5\tex\latex\graphics\graphics.sty"
Package: graphics 2006/02/20 v1.0o Standard LaTeX Graphics (DPC,SPQR)

("C:\Program Files\MiKTeX 2.5\tex\latex\graphics\trig.sty"
Package: trig 1999/03/16 v1.09 sin cos tan (DPC)
)
("C:\Program Files\MiKTeX 2.5\tex\latex\00miktex\graphics.cfg"
File: graphics.cfg 2005/12/29 v1.2 MiKTeX 'graphics' configuration
)
Package graphics Info: Driver file: dvips.def on input line 90.

("C:\Program Files\MiKTeX 2.5\tex\latex\graphics\dvips.def"
File: dvips.def 1999/02/16 v3.0i Driver-dependant file (DPC,SPQR)
))
GTTHESIS Class Info: Finished loading of graphics package(for campanile).
GTTHESIS Class Info: Begin loading of required packages.
("C:\Program Files\MiKTeX 2.5\tex\latex\tools\calc.sty"
Package: calc 2005/08/06 v4.2 Infix arithmetic (KKT,FJ)
\calc@Acount=\count91
\calc@Bcount=\count92
\calc@Adimen=\dimen111
\calc@Bdimen=\dimen112
\calc@Askip=\skip44
\calc@Bskip=\skip45
LaTeX Info: Redefining \setlength on input line 75.
LaTeX Info: Redefining \addtolength on input line 76.
\calc@Ccount=\count93
\calc@Cskip=\skip46
)
GTTHESIS Class Info: Finished loading of required packages.
("C:\Program Files\MiKTeX 2.5\tex\latex\base\size12.clo"
File: size12.clo 2005/09/16 v1.4f Standard LaTeX file (size option)
)
\c@figure=\count94
\c@table=\count95
\c@numGeneralReaders=\count96
\c@numSpecialReaders=\count97
\signature@width=\skip47
\gt@tmpa=\skip48
\baseskip@value=\skip49
\beforepartskip@value=\skip50
\beforechapskip@value=\skip51
\beforesecskip@value=\skip52
\beforesubsecskip@value=\skip53
\beforesubsubsecskip@value=\skip54
\beforeparaskip@value=\skip55
\beforesubparaskip@value=\skip56
\beforefigskip@value=\skip57
\beforetableskip@value=\skip58
\zeroskip@value=\skip59
\gtlositemsep=\skip60
\gtloslabelwidth=\dimen113
\gtglossaryitemsep=\skip61
\gtglossarylabelwidth=\dimen114
\abovecaptionskip=\skip62
\belowcaptionskip=\skip63
\c@part=\count98
\c@chapter=\count99
\c@section=\count100
\c@subsection=\count101
\c@subsubsection=\count102
\c@paragraph=\count103
\c@subparagraph=\count104
\c@part@savepagenum=\count105
\c@part@pagenum=\count106
\bibindent=\dimen115
)
("C:\Program Files\MiKTeX 2.5\tex\latex\graphics\graphicx.sty"
Package: graphicx 1999/02/16 v1.0f Enhanced LaTeX Graphics (DPC,SPQR)

("C:\Program Files\MiKTeX 2.5\tex\latex\graphics\keyval.sty"
Package: keyval 1999/03/16 v1.13 key=value parser (DPC)
\KV@toks@=\toks19
)
\Gin@req@height=\dimen116
\Gin@req@width=\dimen117
) (insfig.sty
Package: insfig 2004/11/04 insfig Package

("C:\Program Files\MiKTeX 2.5\tex\latex\base\ifthen.sty"
Package: ifthen 2001/05/26 v1.1c Standard LaTeX ifthen package (DPC)
))
("C:\Program Files\MiKTeX 2.5\tex\latex\hyperref\hyperref.sty"
Package: hyperref 2007/01/18 v6.75o Hypertext links for LaTeX
\@linkdim=\dimen118
\Hy@linkcounter=\count107
\Hy@pagecounter=\count108

("C:\Program Files\MiKTeX 2.5\tex\latex\hyperref\pd1enc.def"
File: pd1enc.def 2007/01/18 v6.75o Hyperref: PDFDocEncoding definition (HO)
)
("C:\Program Files\MiKTeX 2.5\tex\latex\00miktex\hyperref.cfg"
File: hyperref.cfg 2006/02/14 v1.1 MiKTeX 'hyperref' configuration
)
("C:\Program Files\MiKTeX 2.5\tex\latex\oberdiek\kvoptions.sty"
Package: kvoptions 2006/08/22 v2.4 Connects package keyval with LaTeX options (
HO)
)
Package hyperref Info: Hyper figures OFF on input line 2287.
Package hyperref Info: Link nesting OFF on input line 2292.
Package hyperref Info: Hyper index ON on input line 2295.
Package hyperref Info: Plain pages OFF on input line 2302.
Package hyperref Info: Backreferencing OFF on input line 2307.

Implicit mode ON; LaTeX internals redefined
Package hyperref Info: Bookmarks ON on input line 2443.
("C:\Program Files\MiKTeX 2.5\tex\latex\ltxmisc\url.sty"
\Urlmuskip=\muskip11
Package: url 2005/06/27  ver 3.2  Verb mode for urls, etc.
)
LaTeX Info: Redefining \url on input line 2598.
\Fld@menulength=\count109
\Field@Width=\dimen119
\Fld@charsize=\dimen120
\Choice@toks=\toks20
\Field@toks=\toks21
Package hyperref Info: Hyper figures OFF on input line 3076.
Package hyperref Info: Link nesting OFF on input line 3081.
Package hyperref Info: Hyper index ON on input line 3084.
Package hyperref Info: backreferencing OFF on input line 3091.
Package hyperref Info: Link coloring OFF on input line 3096.
\Hy@abspage=\count110
\c@Item=\count111
\c@Hfootnote=\count112
)
*hyperref using driver hdvips*
("C:\Program Files\MiKTeX 2.5\tex\latex\hyperref\hdvips.def"
File: hdvips.def 2007/01/18 v6.75o Hyperref driver for dvips

("C:\Program Files\MiKTeX 2.5\tex\latex\hyperref\pdfmark.def"
File: pdfmark.def 2007/01/18 v6.75o Hyperref definitions for pdfmark specials
\pdf@docset=\toks22
\pdf@box=\box28
\pdf@toks=\toks23
\pdf@defaulttoks=\toks24
\Fld@listcount=\count113
)) (proposal.aux)
LaTeX Font Info:    Checking defaults for OML/txmi/m/it on input line 89.
LaTeX Font Info:    Try loading font information for OML+txmi on input line 89.


("C:\Program Files\MiKTeX 2.5\tex\latex\txfonts\omltxmi.fd"
File: omltxmi.fd 2000/12/15 v3.1
)
LaTeX Font Info:    ... okay on input line 89.
LaTeX Font Info:    Checking defaults for T1/cmr/m/n on input line 89.
LaTeX Font Info:    ... okay on input line 89.
LaTeX Font Info:    Checking defaults for OT1/cmr/m/n on input line 89.
LaTeX Font Info:    ... okay on input line 89.
LaTeX Font Info:    Checking defaults for OMS/txsy/m/n on input line 89.
LaTeX Font Info:    Try loading font information for OMS+txsy on input line 89.


("C:\Program Files\MiKTeX 2.5\tex\latex\txfonts\omstxsy.fd"
File: omstxsy.fd 2000/12/15 v3.1
)
LaTeX Font Info:    ... okay on input line 89.
LaTeX Font Info:    Checking defaults for OMX/txex/m/n on input line 89.
LaTeX Font Info:    Try loading font information for OMX+txex on input line 89.


("C:\Program Files\MiKTeX 2.5\tex\latex\txfonts\omxtxex.fd"
File: omxtxex.fd 2000/12/15 v3.1
)
LaTeX Font Info:    ... okay on input line 89.
LaTeX Font Info:    Checking defaults for U/txexa/m/n on input line 89.
LaTeX Font Info:    Try loading font information for U+txexa on input line 89.

("C:\Program Files\MiKTeX 2.5\tex\latex\txfonts\utxexa.fd"
File: utxexa.fd 2000/12/15 v3.1
)
LaTeX Font Info:    ... okay on input line 89.
LaTeX Font Info:    Checking defaults for TS1/cmr/m/n on input line 89.
LaTeX Font Info:    Try loading font information for TS1+cmr on input line 89.

("C:\Program Files\MiKTeX 2.5\tex\latex\base\ts1cmr.fd"
File: ts1cmr.fd 1999/05/25 v2.5h Standard LaTeX font definitions
)
LaTeX Font Info:    ... okay on input line 89.
LaTeX Font Info:    Checking defaults for PD1/pdf/m/n on input line 89.
LaTeX Font Info:    ... okay on input line 89.
LaTeX Font Info:    Try loading font information for OT1+txr on input line 89.

("C:\Program Files\MiKTeX 2.5\tex\latex\txfonts\ot1txr.fd"
File: ot1txr.fd 2000/12/15 v3.1
)
GTTHESIS Class Info: The hyperref package has been loaded.
Package hyperref Info: Option `plainpages' set `true' on input line 89.
Package hyperref Info: Option `breaklinks' set `true' on input line 89.
Package hyperref Info: Option `hypertexnames' set `false' on input line 89.
Package hyperref Info: Option `pageanchor' set `true' on input line 89.
Package hyperref Info: Option `colorlinks' set `true' on input line 89.
("C:\Program Files\MiKTeX 2.5\tex\latex\graphics\color.sty"
Package: color 2005/11/14 v1.0j Standard LaTeX Color (DPC)

("C:\Program Files\MiKTeX 2.5\tex\latex\00miktex\color.cfg"
File: color.cfg 2005/12/29 v1.1 MiKTeX 'color' configuration
)
Package color Info: Driver file: dvips.def on input line 130.

("C:\Program Files\MiKTeX 2.5\tex\latex\graphics\dvipsnam.def"
File: dvipsnam.def 1999/02/16 v3.0i Driver-dependant file (DPC,SPQR)
))
Package hyperref Info: Link coloring ON on input line 89.

("C:\Program Files\MiKTeX 2.5\tex\latex\hyperref\nameref.sty"
Package: nameref 2006/12/27 v2.28 Cross-referencing by name of section

("C:\Program Files\MiKTeX 2.5\tex\latex\oberdiek\refcount.sty"
Package: refcount 2006/02/20 v3.0 Data extraction from references (HO)
)
\c@section@level=\count114
)
LaTeX Info: Redefining \ref on input line 89.
LaTeX Info: Redefining \pageref on input line 89.
 (proposal.out) (proposal.out)
\@outlinefile=\write3

******** FrontMatter Begins ********
******** Titlepage ********
File: campanile.eps Graphic file (type eps)
<campanile.eps>
LaTeX Font Info:    Try loading font information for TS1+txr on input line 92.
 ("C:\Program Files\MiKTeX 2.5\tex\latex\txfonts\ts1txr.fd"
File: ts1txr.fd 2000/12/15 v3.1
)
Underfull \hbox (badness 10000) has occurred while \output is active
[][][][][][][] 
 []


Underfull \hbox (badness 10000) has occurred while \output is active
 
 []

[1]
******** End Titlepage ********
(proposal.toc
LaTeX Font Info:    Try loading font information for U+lasy on input line 2.
 ("C:\Program Files\MiKTeX 2.5\tex\latex\base\ulasy.fd"
File: ulasy.fd 1998/08/17 v2.2e LaTeX symbol font definitions
)
LaTeX Font Info:    Try loading font information for U+txsya on input line 2.

("C:\Program Files\MiKTeX 2.5\tex\latex\txfonts\utxsya.fd"
File: utxsya.fd 2000/12/15 v3.1
)
LaTeX Font Info:    Try loading font information for U+txsyb on input line 2.

("C:\Program Files\MiKTeX 2.5\tex\latex\txfonts\utxsyb.fd"
File: utxsyb.fd 2000/12/15 v3.1
)
LaTeX Font Info:    Try loading font information for U+txmia on input line 2.

("C:\Program Files\MiKTeX 2.5\tex\latex\txfonts\utxmia.fd"
File: utxmia.fd 2000/12/15 v3.1
)
LaTeX Font Info:    Try loading font information for U+txsyc on input line 2.

("C:\Program Files\MiKTeX 2.5\tex\latex\txfonts\utxsyc.fd"
File: utxsyc.fd 2000/12/15 v3.1
))
\tf@toc=\write4
 [2


] (proposal.lot)
\tf@lot=\write5
[3


] (proposal.lof)
\tf@lof=\write6
 [4


]
******** FrontMatter Ends ********
******** Body Begins ********
Section 1.
File: 2d_kernel_density_estimation.eps Graphic file (type eps)
<2d_kernel_density_estimation.eps>
Underfull \hbox (badness 10000) has occurred while \output is active
[][][][][][][] 
 []


Underfull \hbox (badness 10000) has occurred while \output is active
 
 []

[1]
Section 2.
[2]
Overfull \hbox (3.30002pt too wide) in paragraph at lines 187--196
\OT1/txr/m/n/12 true di-men-sion of speech. Many rep-re-sen-ta-tions have been 
rec-om-mended for speech MFCC,
 []

Section 3.
[3] [4] [5] [6] [7] [8] [9] [10] [11] [12] [13]

LaTeX Warning: Citation `Lafon' on page 14 undefined on input line 596.


LaTeX Warning: Citation `Belkin' on page 14 undefined on input line 596.


LaTeX Warning: Citation `jenssen17lpd' on page 14 undefined on input line 606.


LaTeX Warning: Citation `Silverman' on page 14 undefined on input line 611.


LaTeX Warning: Citation `girolami2002osd' on page 14 undefined on input line 61
8.


LaTeX Warning: Citation `Lafon' on page 14 undefined on input line 624.

[14] [15] [16]

LaTeX Warning: Citation `Silverman' on page 17 undefined on input line 754.

[17] [18]

LaTeX Warning: Citation `Cvetkovic' on page 19 undefined on input line 827.

[19]

LaTeX Warning: Citation `Silverman' on page 20 undefined on input line 844.

[20] [21]

LaTeX Warning: Citation `jenssen17lpd' on page 22 undefined on input line 930.


LaTeX Warning: Citation `gray2001nbp' on page 22 undefined on input line 938.

File: fig1.1b.eps Graphic file (type eps)
<fig1.1b.eps>
File: fig1.1c.eps Graphic file (type eps)
 <fig1.1c.eps>
File: fig1a.eps Graphic file (type eps)
 <fig1a.eps>
File: fig1b.eps Graphic file (type eps)
 <fig1b.eps>
File: fig1c.eps Graphic file (type eps)
 <fig1c.eps>
File: fig2a.eps Graphic file (type eps)
 <fig2a.eps>
File: fig2b.eps Graphic file (type eps)

<fig2b.eps>
File: fig2c.eps Graphic file (type eps)
 <fig2c.eps>
Overfull \hbox (114.52956pt too wide) in paragraph at lines 967--967
 [][] 
 []

File: fig3a.eps Graphic file (type eps)
<fig3a.eps>
File: fig3b.eps Graphic file (type eps)
 <fig3b.eps>
File: fig3c.eps Graphic file (type eps)
 <fig3c.eps>
Overfull \hbox (114.52956pt too wide) in paragraph at lines 984--984
 [][] 
 []

File: fig4a.eps Graphic file (type eps)
<fig4a.eps>
File: fig4c.eps Graphic file (type eps)
 <fig4c.eps>
File: fig4e.eps Graphic file (type eps)
 <fig4e.eps>
Overfull \hbox (114.52956pt too wide) in paragraph at lines 1003--1003
 [][] 
 []

File: fig4b.eps Graphic file (type eps)
<fig4b.eps>
File: fig4d.eps Graphic file (type eps)
 <fig4d.eps>
File: fig4f.eps Graphic file (type eps)
 <fig4f.eps>
Overfull \hbox (114.52956pt too wide) in paragraph at lines 1019--1019
 [][] 
 []

[22] [23] [24]

LaTeX Warning: Citation `quatieri2002dts' on page 25 undefined on input line 10
44.


LaTeX Warning: Citation `bentley1975bst' on page 25 undefined on input line 105
9.


LaTeX Warning: Citation `moore2000ahu' on page 25 undefined on input line 1059.



LaTeX Warning: Citation `gray2000nbp' on page 25 undefined on input line 1062.


LaTeX Warning: Citation `ravindran:inr' on page 25 undefined on input line 1066
.


LaTeX Warning: Citation `jansen2006ifa' on page 25 undefined on input line 1075
.


LaTeX Warning: Citation `scholkopf:nca' on page 25 undefined on input line 1081
.


LaTeX Warning: Citation `coifman2006dm' on page 25 undefined on input line 1082
.

[25]

LaTeX Warning: Citation `shamma_main' on page 26 undefined on input line 1097.


LaTeX Warning: Citation `moore-tutorial' on page 26 undefined on input line 112
0.

[26]
LaTeX Font Info:    Try loading font information for OT1+txtt on input line 114
7.
 ("C:\Program Files\MiKTeX 2.5\tex\latex\txfonts\ot1txtt.fd"
File: ot1txtt.fd 2000/12/15 v3.1
)
File: kdtree.eps Graphic file (type eps)
 <kdtree.eps>
File: dualtree_recursion.eps Graphic file (type eps)

<dualtree_recursion.eps> [27] [28] [29]

LaTeX Warning: Citation `ravindran:inr' on page 30 undefined on input line 1248
.

File: timit_pca.eps Graphic file (type eps)
<timit_pca.eps>
File: ntimit_pca.eps Graphic file (type eps)
 <ntimit_pca.eps>
File: kernel_pca.eps Graphic file (type eps)
 <kernel_pca.eps>
Section 4.
[30] [31] [32] [33]
Section 5.
[34] [35]
******** Body Ends ********
******** EndMatter Begins ********
Appendix A.
***************** References ******************
[36

] (proposal.bbl

LaTeX Warning: Empty ``thebibliography'' environment on input line 3.

)
******** EndMatter Ends ********
[37


] (proposal.aux)

LaTeX Warning: There were undefined references.

 ) 
Here is how much of TeX's memory you used:
 5443 strings out of 95420
 69289 string characters out of 1187320
 129075 words of memory out of 1126119
 8235 multiletter control sequences out of 60000
 28619 words of font info for 89 fonts, out of 1000000 for 2000
 14 hyphenation exceptions out of 8191
 34i,9n,42p,565b,515s stack positions out of 5000i,500n,10000p,200000b,32768s

Output written on proposal.dvi (41 pages, 168068 bytes).
