% sequence 0 - Matrix (2 x 1000) = 
6.080564E-01,6.410062E-01,
4.287918E+00,1.159150E+00,
4.599946E+00,7.280909E+00,
5.866331E+00,6.387139E+00,
4.641797E+00,5.300349E+00,
5.047448E+00,1.244166E+00,
7.224139E+00,3.927096E-01,
4.250164E+00,5.980675E+00,
4.772023E+00,5.894644E+00,
5.054193E+00,-8.629596E-01,
5.786889E+00,4.695298E+00,
4.930450E+00,-7.183880E-01,
3.295039E+00,5.290527E+00,
5.155588E+00,7.081781E+00,
4.894486E+00,7.306458E-01,
4.108877E+00,5.985429E+00,
5.505623E+00,-8.990202E-01,
5.973994E+00,4.498025E+00,
3.925995E+00,6.339779E+00,
5.396976E+00,5.905164E+00,
4.605197E+00,6.223582E+00,
4.907702E+00,3.502010E+00,
6.940762E+00,4.063924E+00,
6.011509E+00,-6.809672E-01,
4.165918E+00,-5.973067E-01,
4.971759E+00,1.614618E+00,
6.538078E+00,4.025913E+00,
4.236400E+00,-9.932249E-01,
4.296089E+00,4.701011E-01,
4.306178E+00,5.506213E+00,
4.337934E+00,5.031905E+00,
5.833918E+00,6.514972E-01,
5.687660E+00,6.280735E+00,
5.039353E+00,-8.212652E-01,
4.841038E+00,1.317193E+00,
5.359203E+00,3.777201E+00,
2.945579E+00,7.652434E-01,
5.297586E+00,-6.358028E-01,
5.203833E+00,5.999989E+00,
5.069704E+00,5.061817E+00,
7.094660E+00,4.965589E+00,
5.746676E+00,3.743350E+00,
6.153809E+00,-1.053237E+00,
4.355574E+00,2.013794E-01,
5.010962E+00,5.483632E+00,
5.338185E+00,4.403550E+00,
5.665290E+00,4.926508E+00,
3.310578E+00,6.073002E+00,
7.032396E+00,-1.974731E-01,
5.577086E+00,-8.637607E-01,
4.259606E+00,1.686951E+00,
4.479970E+00,3.927255E+00,
6.193530E+00,4.112206E+00,
5.531032E+00,2.330919E-01,
5.068308E+00,-8.682593E-01,
5.279216E+00,4.390547E+00,
6.514888E+00,1.841231E+00,
5.956658E+00,-7.341282E-01,
5.983572E+00,-5.062825E-01,
6.025532E+00,7.707823E-01,
4.438615E+00,6.325434E+00,
5.398978E+00,4.673191E+00,
4.718198E+00,5.562923E+00,
4.933207E+00,7.742146E+00,
6.123406E+00,-2.342212E-02,
4.964045E+00,3.132359E+00,
5.424727E+00,4.326296E+00,
5.761803E+00,5.052316E-01,
4.995896E+00,-1.054027E+00,
4.800727E+00,4.912580E-01,
5.401386E+00,5.379102E+00,
3.912548E+00,1.634490E+00,
4.212147E+00,2.957474E-01,
4.732879E+00,-6.477074E-01,
5.560530E+00,3.426881E+00,
4.954980E+00,3.772821E+00,
5.088578E+00,3.539148E+00,
6.153822E+00,-3.693320E-01,
6.351560E+00,8.170531E-01,
5.699798E+00,6.778227E-01,
5.679158E+00,4.106251E-01,
-1.468767E+00,-1.326233E-01,
-8.167061E-01,-2.388359E-01,
2.543153E-01,4.696974E+00,
-2.239046E-01,1.487256E+00,
-9.639179E-01,2.268443E-01,
1.185442E+00,3.277772E+00,
-9.086217E-02,3.718753E+00,
1.692307E+00,6.368871E+00,
-1.026386E-01,3.457559E+00,
-3.255173E-01,8.622547E-01,
9.123533E-02,4.734186E+00,
4.040992E-01,6.078238E+00,
-1.242314E+00,4.625755E-01,
9.143485E-01,5.710915E+00,
-1.823213E+00,-6.526808E-01,
1.145478E-01,-1.204124E+00,
-1.488894E+00,-1.464625E+00,
-1.281798E+00,5.800786E+00,
5.867221E-01,5.977265E+00,
1.160073E-01,1.210443E+00,
4.636669E-01,2.513463E+00,
1.027673E+00,5.605283E+00,
-4.226400E-01,1.798496E-01,
1.757239E+00,5.595081E+00,
-8.810898E-01,-1.078644E+00,
-1.043040E+00,4.481012E+00,
1.082079E+00,3.681710E+00,
-1.228323E+00,1.239922E-02,
-7.996817E-01,6.562285E+00,
1.052920E-01,5.190564E+00,
8.690178E-02,5.732170E+00,
1.243362E+00,5.374021E+00,
4.627477E-01,4.813714E+00,
6.845526E-01,6.288520E+00,
-1.483983E+00,5.652977E+00,
3.146904E-01,3.888076E-01,
-1.381291E+00,6.767397E+00,
1.282136E-01,3.830617E+00,
1.897722E+00,1.714442E-01,
-1.009459E+00,4.973444E+00,
1.188898E+00,-4.362294E-01,
-1.082957E+00,-2.644051E-01,
3.047358E-01,1.293606E+00,
-8.506851E-03,1.860671E-01,
1.703779E+00,1.177435E+00,
2.043636E-01,6.645308E-01,
-2.012638E-01,1.148477E+00,
5.334366E+00,5.223712E+00,
3.490149E+00,4.879321E+00,
3.670908E+00,-1.763566E-01,
5.413275E+00,4.752499E+00,
3.319031E+00,4.024120E+00,
5.470151E+00,3.810939E+00,
5.238787E+00,6.463499E-01,
4.494284E+00,3.796156E+00,
6.675375E+00,5.914205E+00,
5.382256E+00,3.453526E+00,
5.194715E-01,1.386356E+00,
-1.268328E+00,4.798197E+00,
9.645318E-02,5.323119E+00,
8.663798E-01,-3.036876E-01,
-1.876664E-01,3.239149E+00,
5.964759E+00,3.250200E-01,
4.152582E+00,4.416028E+00,
5.437977E+00,-1.124279E+00,
4.459137E+00,2.105844E+00,
5.176554E+00,-6.637670E-01,
4.463353E+00,-1.750226E+00,
5.283127E+00,3.676501E+00,
7.210341E-01,5.820179E-01,
-5.386429E-01,5.027317E+00,
1.210567E+00,3.955478E+00,
-1.444240E-01,4.590162E+00,
1.160018E+00,6.061996E+00,
6.030782E+00,-8.249681E-01,
5.121693E+00,-5.964517E-01,
4.606447E+00,-5.596457E-01,
4.786600E+00,-1.675697E+00,
7.540210E+00,-7.101022E-01,
5.813230E+00,7.521940E+00,
3.638228E+00,7.713759E-01,
5.560958E+00,-1.981848E-01,
4.164813E+00,3.373469E+00,
4.589256E+00,3.325615E+00,
4.245262E+00,6.852920E-01,
6.071543E+00,5.306379E+00,
5.092173E+00,6.195522E+00,
4.205948E+00,2.675996E-02,
5.127165E+00,6.316742E+00,
3.612498E+00,3.754616E+00,
-1.986580E-01,-5.116065E-03,
1.334652E+00,5.030890E+00,
-1.383439E+00,-7.320487E-02,
4.730554E+00,-1.654205E-01,
5.123801E+00,4.887507E+00,
5.526535E+00,6.583786E+00,
4.847026E+00,5.109024E+00,
4.201950E+00,-9.241752E-01,
5.948370E+00,-8.563356E-01,
5.217614E+00,4.663547E+00,
3.939503E+00,6.288063E+00,
6.148002E+00,-1.311884E+00,
4.290242E+00,-2.067955E-01,
5.391143E+00,3.628328E+00,
4.847808E+00,5.359459E+00,
4.437822E+00,1.818502E-02,
4.830644E+00,-1.215491E+00,
3.936310E+00,-1.082846E-01,
6.041801E+00,5.672874E+00,
5.110085E+00,3.687241E+00,
3.324255E+00,1.439166E+00,
5.982439E+00,2.672239E+00,
6.244876E+00,4.458573E+00,
6.219867E+00,-4.463303E-01,
5.281562E+00,5.267205E+00,
5.301730E+00,7.330632E+00,
6.442322E+00,5.561873E+00,
4.348364E+00,5.944401E-01,
3.974406E+00,5.541099E+00,
4.845666E+00,-1.752835E+00,
5.153762E+00,4.359957E-01,
4.239842E+00,4.563723E+00,
5.474942E+00,4.660212E+00,
5.438415E+00,5.412631E+00,
6.343880E+00,1.747831E+00,
4.794513E+00,4.596813E+00,
3.906726E+00,-4.775270E-01,
5.278006E+00,-7.525085E-01,
5.233441E+00,4.141248E+00,
3.733844E+00,3.333836E+00,
5.156303E+00,-6.772679E-01,
5.762104E+00,3.495344E-01,
4.267060E+00,-9.731113E-01,
4.617354E+00,4.280399E+00,
4.936047E+00,-1.391415E+00,
4.417752E+00,-8.879545E-01,
-6.087500E-01,5.889334E+00,
4.347337E-01,7.021217E+00,
5.955152E-01,5.321656E+00,
2.588241E-01,-2.644171E-01,
-2.109904E+00,4.489532E-01,
1.778641E+00,4.672831E+00,
-6.120714E-01,-8.159593E-01,
-1.216541E+00,7.064029E-01,
5.273552E-01,-2.704019E+00,
1.793367E-01,-1.819618E+00,
-1.956209E-01,1.134374E+00,
-3.200359E-01,3.987657E+00,
8.832225E-02,4.114099E-01,
-4.556468E-01,5.404726E+00,
-2.401462E+00,1.752844E+00,
-5.120464E-01,4.910051E+00,
1.289659E+00,5.688373E-01,
-2.326257E+00,-1.023907E+00,
2.930569E-01,3.622022E+00,
-5.050725E-01,2.651352E+00,
3.433383E-03,4.806741E+00,
7.409250E-01,-1.383529E+00,
1.311699E+00,-8.840051E-01,
5.777559E-01,1.919972E+00,
6.955065E+00,4.047669E+00,
-2.048137E-01,5.639393E+00,
9.159548E-01,-6.357713E-01,
3.327452E-01,5.654267E+00,
-1.088312E+00,5.468579E+00,
3.829653E-01,5.806613E+00,
-3.189183E-01,5.303956E+00,
-1.466190E-01,1.117902E+00,
-1.200075E-01,4.829824E-01,
-1.296104E+00,-7.168457E-01,
3.457752E+00,6.340410E+00,
5.018396E+00,1.945406E+00,
9.315180E-01,6.510237E+00,
-1.135211E+00,5.769671E+00,
5.041342E-01,-5.655476E-01,
4.816675E-01,-1.110674E+00,
-1.064658E+00,-2.422315E-01,
3.329462E-01,-4.438080E-01,
1.666411E+00,2.076753E-01,
-1.512658E+00,2.293132E-01,
-1.465779E+00,4.541114E+00,
-8.920599E-01,-8.002801E-02,
5.801768E+00,3.663248E+00,
2.790351E+00,-1.787843E+00,
6.065791E+00,5.042097E+00,
6.260209E+00,4.534515E+00,
5.761657E+00,1.338621E+00,
5.184506E+00,4.123591E+00,
5.091629E+00,-5.470727E-01,
5.763832E+00,4.869055E+00,
5.764523E+00,-9.959096E-01,
6.330244E+00,-1.123656E-01,
5.482053E+00,3.233260E+00,
6.461531E+00,7.452768E-01,
5.943057E+00,5.965645E+00,
5.365818E+00,5.462197E+00,
6.042114E+00,-3.230811E-01,
5.484779E+00,6.765227E+00,
7.178055E+00,-3.119276E-01,
3.358719E+00,4.540035E+00,
4.171950E+00,4.937217E+00,
4.384871E+00,4.259847E+00,
5.126237E+00,-6.527981E-01,
4.240467E+00,8.394119E-01,
6.310914E+00,4.614499E+00,
5.683200E+00,-3.281244E-01,
1.263389E+00,-7.687606E-01,
1.200609E+00,4.599207E+00,
-1.619246E-01,5.917056E-01,
1.829523E-01,3.985921E+00,
-7.298718E-01,-3.310699E-01,
2.079212E+00,-1.527816E-01,
1.258554E+00,4.542453E+00,
1.643535E+00,4.636885E+00,
7.157836E-01,4.017866E+00,
8.525087E-01,-1.395826E+00,
2.472610E-01,3.370855E+00,
1.566527E+00,2.189635E-01,
7.736894E-01,-7.345575E-02,
6.144962E-01,2.602120E+00,
4.520955E+00,6.716089E+00,
4.252555E+00,2.015452E+00,
-1.974283E+00,6.199644E+00,
6.429301E-01,6.842509E-01,
-1.845580E+00,4.238805E+00,
8.745973E-02,6.213305E-01,
1.559105E+00,-7.173367E-01,
-2.702220E+00,5.464871E+00,
-4.976448E-01,-2.501354E-01,
3.664342E-01,3.095808E-01,
2.254678E+00,6.043836E+00,
-2.053488E+00,5.483415E+00,
3.375049E-01,4.173255E-01,
2.225365E+00,1.496067E+00,
-6.923353E-01,3.165823E+00,
5.756636E+00,6.485669E+00,
8.410518E+00,1.867972E-01,
4.549208E+00,-2.407256E+00,
6.149031E+00,3.345417E+00,
6.133451E+00,-7.503866E-01,
-2.203196E+00,4.696618E+00,
-1.456439E+00,4.245128E-01,
1.844215E+00,3.657684E-01,
1.416343E-01,4.077836E+00,
8.565820E-01,9.341972E-01,
-9.440425E-01,9.101366E-01,
6.926557E-02,6.500046E-01,
-6.700927E-01,5.876958E+00,
1.073813E+00,6.646868E-01,
4.835422E+00,3.710206E-02,
3.483072E+00,3.684615E+00,
5.001877E+00,1.697612E+00,
5.669363E+00,3.933777E+00,
3.298307E+00,4.918696E+00,
6.044386E+00,3.802006E-01,
4.016354E+00,3.921426E+00,
5.535349E+00,3.123561E-01,
4.349930E+00,3.290444E-01,
5.267438E+00,6.148934E+00,
5.468165E+00,4.460844E+00,
6.778431E+00,-9.810056E-01,
4.943092E+00,5.677551E+00,
5.422525E+00,6.496620E+00,
3.836594E+00,-8.974966E-01,
4.418048E+00,1.442874E-02,
2.993678E+00,3.779108E-01,
5.163398E+00,4.159956E+00,
6.540204E+00,3.576053E+00,
4.595742E+00,3.536892E-01,
4.757974E+00,-4.274889E-01,
6.338558E+00,1.252971E+00,
4.759872E+00,5.272415E+00,
5.342241E+00,4.874801E+00,
4.581480E+00,5.652196E+00,
5.184752E+00,4.789675E-01,
5.096401E+00,-5.492788E-01,
4.537910E+00,5.482062E+00,
4.746171E+00,3.179637E+00,
4.500622E+00,5.405744E+00,
5.368835E+00,-2.236507E-01,
5.509365E+00,9.798060E-01,
4.799934E+00,4.703178E-01,
5.332859E+00,3.841066E+00,
4.702941E+00,-3.231405E-02,
7.313138E+00,5.133992E+00,
4.362403E+00,4.288105E+00,
4.506141E+00,5.031307E+00,
3.017900E+00,-2.163864E+00,
5.359814E+00,1.100778E+00,
3.488897E+00,5.855877E+00,
-1.130091E-01,-1.094619E+00,
5.201948E+00,6.164651E-01,
4.563380E+00,4.354763E+00,
4.121846E+00,4.290109E+00,
6.010387E+00,5.934360E+00,
5.415705E+00,1.752264E+00,
4.914119E+00,5.236756E+00,
5.538641E+00,5.327732E+00,
6.283181E+00,5.847877E+00,
5.946303E+00,5.648589E+00,
4.351375E+00,4.646375E+00,
3.679523E+00,5.226314E+00,
4.363559E+00,1.508324E+00,
5.116659E+00,-1.281361E+00,
4.027182E+00,3.750265E-01,
5.887271E+00,3.553201E+00,
4.285519E+00,-4.237226E-01,
5.406679E+00,1.450365E+00,
4.667201E+00,3.206268E+00,
2.639673E+00,5.786553E+00,
5.197292E+00,-2.293213E-01,
6.875729E+00,7.094111E+00,
4.230749E+00,4.401869E+00,
5.106145E+00,5.863399E+00,
3.982793E+00,4.400111E+00,
2.982134E+00,5.736672E+00,
4.429238E+00,1.596398E+00,
-4.342685E-01,4.951299E-01,
1.062918E+00,5.801803E+00,
-1.749018E+00,6.357660E+00,
-9.214983E-01,3.304249E+00,
1.244730E-01,5.258473E+00,
-5.800884E-02,-2.098343E+00,
-6.949564E-01,5.107945E+00,
4.833035E+00,-7.424783E-01,
6.557410E+00,1.067700E-01,
4.029007E+00,-1.087551E-01,
5.863534E+00,5.708261E+00,
3.258578E-01,5.736517E+00,
6.512876E-01,5.149938E-01,
-4.714848E-01,-6.169379E-01,
-6.768808E-02,4.302540E-01,
-3.873264E-01,4.608092E+00,
1.319850E-01,-3.202442E-01,
1.144227E+00,5.218238E+00,
6.125609E-01,4.925448E+00,
1.541457E+00,-2.086166E-01,
1.026368E-01,3.915475E-01,
6.964452E-01,-1.169495E-01,
-7.108577E-01,2.001633E+00,
2.903094E-01,4.683722E+00,
-1.033397E+00,5.610103E+00,
-4.497160E-01,6.131015E-01,
1.451737E-01,-6.619983E-01,
8.188940E-01,6.130621E+00,
4.674306E+00,1.124705E+00,
5.284128E+00,1.667437E-02,
3.441491E+00,-2.969867E-01,
5.296207E+00,4.203313E+00,
3.798816E+00,-3.338742E-01,
5.088832E+00,-1.389794E+00,
4.906045E+00,4.421619E+00,
5.401385E+00,6.394624E+00,
6.060757E+00,4.167653E+00,
4.801444E+00,5.253012E+00,
5.447791E+00,-2.186135E+00,
6.185444E+00,2.174015E+00,
5.430592E+00,4.457373E+00,
5.335704E+00,5.085591E-02,
4.595757E+00,1.751413E+00,
5.214246E+00,7.839356E+00,
5.497282E+00,6.196601E+00,
6.192560E+00,6.331485E+00,
6.261105E+00,5.939393E+00,
4.653924E+00,-6.625877E-01,
3.667179E+00,5.330975E+00,
4.405476E+00,-1.012152E-01,
4.638904E+00,4.320364E+00,
5.819858E+00,4.998599E+00,
4.442865E+00,5.473941E+00,
4.292878E+00,6.980886E+00,
5.030684E+00,5.047670E+00,
4.960458E+00,3.174269E+00,
3.676468E+00,-9.394049E-01,
5.915413E+00,5.034167E+00,
7.278012E+00,2.208361E-01,
4.784579E+00,4.813320E+00,
4.159996E+00,-2.381781E-01,
3.046864E+00,4.981269E+00,
5.373312E+00,4.522622E+00,
4.629761E+00,-2.788128E+00,
6.808145E+00,1.480406E+00,
3.901136E+00,5.177435E+00,
5.313950E+00,-5.150552E-01,
4.699579E+00,5.263297E+00,
6.968607E+00,4.940967E+00,
4.402418E+00,4.085763E+00,
4.500848E+00,-7.021100E-01,
6.483237E+00,2.071042E+00,
4.223447E+00,5.027802E-01,
3.420266E+00,-6.566173E-01,
5.147215E+00,-1.806798E+00,
5.329627E+00,6.416324E+00,
4.357222E+00,6.030279E+00,
3.989287E+00,5.372857E+00,
4.169077E+00,5.679210E+00,
4.707799E+00,1.648058E+00,
4.412228E+00,4.554851E+00,
5.727655E+00,7.735513E+00,
5.160282E+00,5.936554E+00,
5.675232E+00,4.010099E-01,
5.453106E+00,7.747514E-01,
4.984828E+00,4.588332E+00,
6.511314E+00,4.559643E+00,
4.247347E+00,5.295744E-01,
5.265320E+00,-7.213448E-03,
3.520314E+00,1.736350E-02,
4.209476E+00,7.199318E-01,
6.960117E+00,6.285572E+00,
6.027907E+00,-1.749230E+00,
5.454026E+00,5.757125E-01,
7.691294E+00,5.477434E+00,
4.204239E+00,4.312295E+00,
2.019602E-01,-1.063444E+00,
5.548544E-01,3.807692E+00,
1.417895E+00,5.318486E+00,
3.654449E-01,4.120049E+00,
4.801034E+00,1.960636E+00,
5.366745E+00,1.008167E+00,
4.479548E+00,6.381290E+00,
4.004503E+00,8.369774E-01,
4.958124E+00,3.570989E+00,
4.808883E+00,9.707072E-02,
4.584749E+00,5.715424E+00,
2.700045E+00,4.584696E+00,
3.097711E-01,7.144057E+00,
9.727493E-02,9.230824E-01,
-2.954648E-01,4.303973E+00,
3.261599E-01,5.784305E+00,
-4.500040E-01,-5.916836E-01,
-1.683161E+00,3.215575E+00,
8.143323E-01,8.069632E-01,
-1.804409E+00,3.487788E+00,
6.067193E-05,5.444202E+00,
3.925019E-01,-8.894164E-01,
1.539346E-01,-1.295181E+00,
9.715616E-01,4.092251E+00,
1.914874E+00,4.216564E-02,
-1.689056E+00,-1.648021E-01,
7.090593E-01,5.303943E+00,
1.503408E+00,-1.265347E+00,
7.741196E-02,-1.429252E+00,
-1.047962E+00,3.860704E+00,
-3.512371E-02,5.600789E+00,
-1.165139E+00,7.333143E-01,
-1.932700E+00,3.714007E+00,
-6.017204E-01,4.732952E+00,
1.083246E-01,5.224306E+00,
-1.596664E+00,3.343775E-01,
2.241514E-01,5.153530E+00,
1.383195E+00,-7.710099E-01,
5.964300E-01,4.697892E+00,
3.475241E-01,1.827333E-01,
-1.231771E+00,-1.548330E+00,
1.262019E+00,-3.399619E-01,
4.918044E+00,7.746174E-01,
3.301069E+00,7.385155E-01,
5.529865E+00,6.852258E+00,
5.456618E+00,2.815495E-01,
4.561003E+00,5.186030E+00,
5.735516E+00,5.247051E+00,
4.989361E+00,-4.847609E-01,
4.921024E+00,5.589043E+00,
5.261325E+00,6.663263E+00,
2.282568E+00,-7.281963E-01,
3.946832E+00,-7.249712E-01,
5.802579E+00,-6.090401E-02,
4.234199E+00,-1.472110E-01,
3.800985E+00,-2.505609E-01,
5.302608E+00,2.875288E+00,
7.057648E+00,1.055277E-01,
6.234932E+00,4.518412E+00,
3.450213E+00,4.242013E+00,
4.314209E+00,6.259701E-01,
3.955847E+00,-1.023680E+00,
5.795816E+00,-2.180663E+00,
5.598639E+00,-3.383638E-01,
6.634262E+00,3.954112E+00,
6.086862E+00,4.364741E+00,
4.325169E+00,5.860190E+00,
5.558553E+00,4.324584E+00,
5.155896E+00,9.968038E-01,
4.235514E+00,-5.140641E-01,
6.555893E+00,6.068329E+00,
4.934999E+00,-6.168091E-01,
3.742464E+00,4.297958E-01,
3.760905E+00,-1.644546E+00,
1.555541E-01,1.451950E+00,
-2.736471E-01,4.811764E+00,
1.862141E+00,5.732595E+00,
-1.979308E+00,6.287347E+00,
-2.591912E-01,-7.282541E-02,
-2.079457E-01,-9.494222E-01,
6.750672E+00,4.609110E+00,
6.054605E+00,-1.703502E+00,
4.889873E+00,-1.741295E+00,
6.264348E+00,7.749884E-02,
4.245087E+00,-2.169122E-01,
6.544099E+00,4.753318E-01,
6.835702E+00,5.540190E-01,
5.095491E+00,1.320388E+00,
4.812353E+00,2.018131E-01,
3.117422E+00,-1.930128E-01,
-2.383254E-01,-7.073813E-01,
-1.954749E-01,4.745472E+00,
-1.550369E-01,4.519593E+00,
-2.385308E-01,2.800451E-01,
1.746376E+00,-2.513570E-01,
-1.150973E+00,6.237260E+00,
-4.924905E-01,-1.001645E+00,
5.345872E-01,4.822174E+00,
-1.997019E+00,9.158471E-02,
9.101291E-02,4.823162E+00,
3.966979E+00,6.774353E+00,
3.636235E+00,5.585152E+00,
3.992404E+00,-1.404342E+00,
5.191748E+00,5.170930E+00,
5.050197E+00,-7.689146E-01,
3.930964E+00,-6.277459E-02,
4.614603E+00,6.891439E-01,
5.192419E+00,5.496923E+00,
4.550317E+00,-5.819646E-01,
4.898126E+00,6.021790E+00,
4.912667E+00,1.970848E-01,
5.687263E+00,3.499567E-02,
5.750390E+00,4.852629E+00,
2.888398E+00,-2.183664E+00,
4.748855E+00,-1.746151E-01,
2.643574E+00,-8.796952E-02,
4.900801E+00,4.622737E+00,
6.252097E+00,5.186073E+00,
3.414669E+00,-3.078323E-01,
7.501298E+00,3.510957E-01,
4.894589E+00,5.328153E+00,
6.945739E+00,6.193040E+00,
5.170664E+00,-9.052343E-01,
5.300892E+00,1.541205E+00,
6.069728E+00,-7.377580E-01,
3.424160E+00,5.006881E+00,
5.373585E+00,1.275773E+00,
4.273953E+00,-1.169128E+00,
5.414783E+00,5.264207E+00,
4.137663E+00,9.224385E-01,
6.043470E+00,7.879985E-01,
5.285879E+00,2.845313E+00,
4.236227E+00,5.303409E+00,
5.943972E+00,4.493801E+00,
4.697414E+00,4.593417E+00,
3.906372E+00,6.025509E+00,
4.836798E+00,6.027451E+00,
5.733705E+00,-1.801246E+00,
4.721014E+00,5.748448E+00,
5.891927E+00,-1.386225E+00,
5.695936E+00,4.979366E+00,
4.140150E+00,4.920542E+00,
3.802947E+00,-1.742001E-01,
5.066282E+00,5.089182E+00,
5.632845E+00,1.913052E+00,
4.254168E+00,4.988861E+00,
5.643477E+00,6.632935E-01,
5.747751E+00,4.432166E+00,
5.364855E+00,4.039058E+00,
6.120499E+00,4.126269E+00,
4.845116E+00,5.216802E+00,
5.292627E+00,6.287094E+00,
5.823086E+00,7.227757E+00,
5.111756E+00,-4.214356E-01,
6.152150E+00,-3.775692E-01,
5.252416E+00,5.692010E+00,
5.422810E+00,3.360619E-01,
3.965300E+00,1.194138E+00,
4.945452E+00,8.622215E-01,
4.433681E+00,-2.519969E+00,
4.487859E+00,3.427601E+00,
6.713650E+00,4.016891E+00,
-3.506915E-01,5.145823E+00,
4.615365E-01,4.966455E-02,
-2.807415E-01,5.705391E+00,
1.406522E+00,6.612303E+00,
1.029419E+00,2.433152E+00,
1.247538E+00,-2.178397E+00,
4.576710E+00,1.546528E-01,
3.493621E+00,5.447130E-01,
5.708901E+00,5.526904E+00,
6.038255E+00,1.841287E+00,
4.177254E+00,6.071434E+00,
5.159669E+00,6.740594E-01,
1.807180E+00,5.810196E+00,
1.152923E-01,4.749839E+00,
-1.082507E+00,2.621000E-01,
-1.262410E+00,6.247589E+00,
3.525992E-01,4.776539E+00,
-8.774729E-01,1.990710E-01,
1.333187E+00,6.569309E+00,
1.098517E+00,2.021660E+00,
-5.375834E-01,5.366679E-01,
5.554868E+00,4.598461E+00,
6.807774E+00,1.195886E+00,
5.138463E+00,5.708879E+00,
5.092383E+00,-1.861347E+00,
1.570346E-01,2.683660E+00,
-5.969976E-01,3.449048E-01,
6.217905E-01,5.067184E+00,
-5.492545E-01,4.757930E+00,
-1.637752E+00,5.139405E+00,
8.275124E-01,4.577595E+00,
2.254935E+00,4.455090E+00,
-9.388308E-01,4.398305E+00,
-1.056955E+00,8.463883E-01,
5.228266E+00,8.998014E-01,
5.544684E+00,1.132033E+00,
4.560889E+00,2.143374E+00,
-3.552766E-01,6.206263E+00,
-5.792269E-01,-4.090266E-01,
1.227627E+00,4.042385E+00,
6.209739E-01,3.737448E+00,
-7.154933E-01,5.037824E+00,
2.301359E+00,5.764726E+00,
9.330276E-02,-2.724680E-01,
2.347947E-01,-2.148043E-01,
-3.018215E-01,3.802068E+00,
9.314914E-03,-1.784248E+00,
2.081373E-03,-9.326497E-01,
1.077671E+00,1.682324E-01,
2.164735E+00,1.567204E+00,
1.682222E-01,-8.087950E-01,
-1.417457E+00,6.881210E-01,
6.389402E-01,4.354915E+00,
-5.178548E-02,1.217301E+00,
6.739564E-01,4.918743E+00,
4.799695E-01,-2.179645E+00,
8.305457E-01,1.002308E-01,
-7.657045E-01,-2.670547E-01,
-7.162874E-01,5.399241E+00,
-1.705535E+00,3.644178E+00,
9.276397E-01,-1.097828E+00,
6.968080E-01,1.893444E+00,
-1.330463E-02,6.770235E-01,
-6.538405E-01,1.785842E+00,
-3.660660E-01,-1.027704E+00,
5.669330E-01,5.416735E+00,
-1.007990E-01,1.115707E-01,
-1.129077E+00,4.858907E+00,
2.606739E+00,1.264160E+00,
5.253616E+00,-7.795113E-01,
2.473475E+00,-1.827293E+00,
5.321954E+00,-1.002709E+00,
5.470569E+00,3.942730E+00,
4.185515E+00,6.687806E+00,
5.326514E+00,6.671933E+00,
4.299389E+00,5.419774E+00,
4.125201E+00,4.880989E-01,
6.087342E+00,4.469093E+00,
6.321339E+00,-7.852539E-02,
5.625461E+00,1.355029E+00,
5.315344E+00,1.580463E-01,
3.311245E+00,1.581969E+00,
3.000444E+00,4.589312E+00,
3.667762E+00,1.294271E-01,
3.963115E+00,1.180885E+00,
4.275867E+00,5.740473E-01,
5.060431E+00,6.526312E+00,
4.993293E+00,-7.290557E-01,
5.097987E+00,5.299075E+00,
4.260577E+00,3.182540E+00,
4.098647E+00,4.793010E+00,
5.212292E+00,1.278872E+00,
6.068852E+00,1.477500E+00,
4.027780E+00,4.770946E+00,
3.310680E+00,4.203270E+00,
4.147772E+00,-1.550540E+00,
5.664468E+00,4.738982E+00,
4.915547E+00,4.544974E+00,
3.151558E+00,3.046487E+00,
4.723942E+00,4.530934E+00,
5.198340E+00,5.886288E+00,
5.679256E+00,6.001901E-01,
5.359201E+00,4.937125E+00,
5.053667E+00,5.089863E+00,
5.538929E+00,5.603359E-02,
4.419180E+00,-1.482588E+00,
3.828959E+00,4.999252E+00,
4.887172E+00,4.500684E+00,
5.378715E+00,4.121431E-01,
5.195012E+00,5.336910E+00,
4.013400E+00,1.654266E+00,
3.630920E+00,-3.545068E-01,
5.642559E+00,4.499606E+00,
4.832075E+00,4.333739E+00,
4.949423E+00,5.716160E+00,
5.659545E+00,4.387768E+00,
4.080836E+00,8.338819E-01,
5.636353E+00,4.961605E+00,
4.649264E+00,2.804003E+00,
3.587484E+00,4.647439E+00,
4.987201E+00,6.589101E+00,
4.332819E+00,7.202997E+00,
4.182724E+00,4.422432E+00,
4.669917E+00,4.202560E+00,
5.251154E+00,-7.156272E-01,
3.981783E-01,6.565415E+00,
-1.378426E-01,-3.429307E-01,
-6.441334E-01,7.611258E+00,
-1.000380E+00,3.693655E+00,
-1.147578E-01,4.036625E+00,
1.574731E+00,1.428471E+00,
2.412006E-01,4.456135E+00,
7.031977E+00,5.182725E+00,
5.374072E+00,1.447064E+00,
4.735728E+00,5.751642E-01,
5.526442E+00,-3.182538E-01,
4.484431E+00,2.105308E-01,
6.127544E+00,5.655469E+00,
4.005701E+00,-9.412681E-01,
4.426290E+00,3.770746E+00,
5.357133E+00,-5.902217E-01,
5.573260E+00,-1.186041E+00,
6.307975E+00,6.250119E+00,
4.162412E+00,-9.158345E-02,
4.424039E+00,4.649563E+00,
7.503512E+00,1.460108E+00,
5.557297E+00,4.969412E+00,
3.534755E+00,-4.593172E-01,
5.560011E+00,6.120881E+00,
6.557700E+00,4.141547E+00,
4.029586E+00,-8.716017E-01,
5.170066E+00,5.433068E+00,
5.384869E+00,3.215980E-01,
-5.296754E-01,4.217776E+00,
-1.371395E+00,-2.696155E-01,
-2.014888E+00,-1.792126E+00,
-1.289075E+00,7.270468E-01,
-3.468812E-01,4.831512E+00,
-2.763181E-01,9.815981E-01,
4.271349E+00,-4.431197E-01,
6.762841E+00,-2.478512E-01,
4.499795E+00,-6.854158E-01,
4.735402E+00,1.965066E-01,
-2.984092E-01,-1.722721E-01,
2.844259E-01,4.585637E+00,
-7.060362E-01,-2.399652E-01,
1.563759E+00,-1.250154E+00,
9.576351E-01,-3.930318E-01,
-1.551970E-01,6.484468E+00,
4.857524E+00,-2.022025E-01,
5.514130E+00,5.354936E+00,
3.595755E+00,-7.577455E-02,
5.493671E+00,4.217618E+00,
5.108202E+00,1.324687E+00,
5.218160E+00,-9.457408E-01,
3.867385E+00,6.293779E+00,
5.171300E+00,1.521187E+00,
7.132039E+00,4.138524E+00,
3.962927E+00,-6.456346E-01,
5.440191E+00,-4.856267E-01,
4.867674E+00,5.342675E+00,
6.519775E+00,4.730523E+00,
5.415324E+00,1.561606E+00,
3.030348E+00,3.288568E+00,
4.121653E+00,5.707911E+00,
3.680194E+00,5.101828E+00,
6.181528E+00,5.901445E-01,
3.754801E+00,4.935202E+00,
2.898411E+00,4.948588E+00,
5.909508E+00,-1.684072E-01,
3.435883E+00,-1.503192E+00,
5.611759E+00,7.710602E+00,
5.378262E+00,-1.581833E+00,
-7.724265E-01,5.634112E+00,
-1.571627E+00,5.328787E+00,
2.302482E-01,1.526921E+00,
1.747898E+00,1.457225E+00,
1.058187E+00,6.858247E+00,
-2.635616E-01,1.532096E+00,
-1.411140E-01,-1.936944E+00,
-9.756939E-01,4.293965E+00,
-3.214739E-01,6.073987E+00,
-2.728110E-01,4.164573E-01,
-2.886236E-01,4.003088E+00,
-1.559857E+00,4.972615E+00,
-9.930124E-01,4.095620E+00,
5.105642E-01,6.455443E+00,
2.159878E-01,7.159310E+00,
6.209247E+00,3.660978E+00,
5.074682E+00,5.207063E-01,
4.717887E+00,3.383508E+00,
4.019322E+00,4.299867E+00,
5.408794E+00,1.573854E-03,
4.757331E+00,-3.955129E-01,
6.466976E+00,4.351626E+00,
3.226996E+00,6.543847E+00,
4.197063E+00,6.539471E+00,
5.331731E+00,3.791921E+00,
4.828738E+00,4.311191E+00,
3.707467E+00,5.337295E+00,
4.095080E+00,9.175049E-01,
4.187201E+00,6.738735E+00,
4.737375E+00,-4.011345E-02,
3.883404E+00,4.901468E-02,
4.520532E+00,8.674365E-01,
6.271222E+00,1.201788E+00,
5.677588E+00,6.928654E+00,
5.472529E+00,5.698000E+00,
4.600868E+00,1.827555E+00,
3.902519E+00,-1.516292E-01,
5.026371E+00,-2.327743E-01,
4.316360E+00,5.300420E+00,
4.458539E+00,-2.314762E-01,
-1.722620E+00,5.812738E+00,
1.579407E+00,4.524972E+00,
-9.010016E-01,-8.477951E-01,
-1.042130E+00,-1.810906E+00,
-2.248209E+00,5.345817E+00,
-1.339719E+00,-3.043391E-01,
4.055833E-01,5.858426E-01,
-7.026346E-02,-6.129813E-01,
4.644835E+00,4.613350E+00,
4.862077E+00,6.284106E+00,
1.235778E+00,4.513920E+00,
9.308837E-01,4.567671E+00,
5.940130E-01,6.380143E+00,
-5.426586E-02,1.458720E+00,
-3.251491E-03,2.579685E+00,
5.255395E-01,7.262033E-01,
-5.187391E-03,-4.585804E-01,
5.636181E+00,6.203027E+00,
4.235067E+00,6.307825E+00,
4.510323E+00,1.585498E+00,
5.208215E+00,5.076248E+00,
4.323340E+00,4.503475E+00,
5.340927E+00,5.824857E+00,
5.301216E+00,7.969955E-01,
5.430203E+00,4.148233E+00,
5.112799E+00,6.851808E+00,
5.916229E+00,6.148389E+00,
3.840869E+00,3.336644E+00,
5.998005E+00,3.373031E+00,
4.872633E+00,-1.594059E+00,
4.334110E+00,5.762983E+00,
4.010781E+00,-1.239036E+00,
4.376400E+00,5.294877E+00,
4.820696E+00,5.614858E+00,
4.525657E+00,5.770592E+00,
4.112077E+00,5.546624E+00,
6.418401E+00,8.980771E-01,
4.636938E+00,5.909636E+00,
4.855857E+00,4.746852E+00,
5.586742E+00,-1.660423E-01,
-8.482797E-01,4.557782E+00,
-1.259091E+00,5.091139E-01,
1.267739E+00,-8.072156E-01,
-1.539250E+00,-9.592005E-01,
-5.148298E-02,5.568415E+00,
4.468225E+00,9.538951E-01,
2.756939E+00,-1.305647E+00,
4.950743E+00,4.008274E+00,
4.520903E+00,2.847659E-01,
5.475199E+00,4.982676E+00,
3.929048E+00,-2.080717E+00,
3.962534E+00,3.663494E-01,
4.977561E+00,4.833076E+00,
4.753467E+00,4.085217E+00,
4.718428E+00,-1.581341E+00,
5.356196E+00,4.011693E+00,
4.122054E+00,4.714334E+00,
5.478260E+00,1.553245E-01,
5.923376E+00,-1.302217E+00,
4.040747E+00,6.499000E+00,
4.205409E+00,5.602033E+00,
6.464042E+00,-8.792228E-01,
5.414906E+00,1.145035E+00,
5.723104E+00,1.216238E+00,
4.872911E+00,5.599042E+00,
4.082888E+00,-7.587218E-01,
4.521913E+00,4.152954E+00,
4.769186E+00,3.830035E+00,
4.680017E+00,5.686491E+00,
3.897134E+00,1.800370E-01,
6.025126E+00,-1.381226E+00,
5.892546E+00,-7.009819E-03,
5.668638E+00,3.039870E+00,
4.594064E+00,-2.509883E-01,
4.269864E+00,5.466801E+00,
4.991608E+00,-4.126464E-01,
2.743374E+00,-9.108333E-01,
5.912559E+00,-6.875175E-01,
4.614548E+00,3.331029E+00,
5.711050E+00,4.682837E+00,
3.906550E+00,2.665581E+00,
4.675989E+00,7.064877E+00,
4.428336E+00,6.852614E+00,
5.498854E+00,-1.539861E-02,
6.653324E+00,-9.103976E-02,
4.758354E+00,6.062427E+00,
6.100006E+00,6.062647E+00,
4.863000E+00,4.037802E+00,
1.016960E+00,5.728670E+00,
2.086540E-01,4.916380E-01,
1.046729E+00,1.560169E+00,
-1.214299E+00,4.875234E+00,
1.130687E+00,4.532142E+00,
-9.441040E-01,7.839958E-02,
-5.738359E-01,-1.007065E+00,
6.263297E-01,1.538017E+00,
6.149087E+00,1.104813E-01,
5.352794E+00,-7.612637E-01,
4.433045E+00,5.266825E+00,
5.254475E+00,4.581384E+00,
4.352126E+00,1.179045E+00,
4.585002E+00,5.324061E+00,
6.455085E+00,-3.514174E-01,
5.380051E+00,6.470767E+00,
3.748225E+00,1.296172E+00,
3.260356E+00,4.858298E-01,
4.760009E+00,2.123534E+00,
4.292080E+00,5.457448E+00,
4.777422E+00,6.147946E+00,
4.612897E+00,-8.895502E-02,
4.557501E+00,4.756631E+00,
% sequence 1 - Matrix (2 x 1000) = 
9.959327E-01,1.312783E+00,
-3.640597E-01,4.050563E+00,
4.083156E-01,4.249101E+00,
6.012904E+00,-6.512199E-01,
6.559983E+00,4.834061E+00,
5.983618E+00,8.754282E-01,
5.385483E+00,8.668085E-01,
3.847684E+00,-4.640799E-01,
2.925302E+00,4.103138E+00,
4.414038E+00,5.278168E+00,
6.073610E+00,5.406951E-02,
4.288572E+00,2.794479E+00,
6.206405E+00,4.167663E-02,
3.654648E+00,4.447178E+00,
-8.151080E-01,5.840198E+00,
-8.790831E-01,-3.459514E-01,
9.037249E-01,-6.483200E-01,
-7.987459E-01,3.791338E+00,
1.088655E+00,6.470143E+00,
-1.125517E+00,4.932752E-01,
-9.606057E-01,-1.081732E+00,
-1.361688E-01,6.775875E+00,
7.524430E-01,3.543242E+00,
-6.171967E-01,5.379085E+00,
7.846512E-01,2.486116E+00,
-6.910007E-01,4.224631E+00,
-1.403228E-02,5.876853E+00,
-1.278967E+00,-5.515725E-01,
5.234600E-01,4.876476E+00,
-3.978778E-01,1.999302E-01,
-1.084988E+00,5.086520E+00,
-1.227802E+00,-1.403568E+00,
5.062826E+00,4.489704E+00,
5.081756E+00,-4.010313E-02,
2.945803E+00,4.723902E+00,
4.999340E+00,1.555126E+00,
6.672632E+00,8.572145E-01,
4.171658E+00,4.373614E+00,
3.188735E+00,-3.574542E-01,
4.277676E+00,-1.019610E+00,
5.206596E+00,2.923119E+00,
4.924053E+00,4.970102E+00,
4.570226E+00,-2.889246E+00,
6.102946E+00,-5.608738E-02,
4.552726E+00,-7.154498E-01,
5.342629E+00,6.119552E+00,
5.852051E+00,4.752655E+00,
5.689804E+00,-1.514398E-02,
5.457863E+00,4.515735E+00,
4.776595E-01,1.235511E+00,
-2.383063E-01,4.531466E-01,
7.543199E-01,9.511565E-01,
-2.310918E-01,4.392772E+00,
6.734654E-01,7.818928E-01,
-8.366119E-01,5.553695E+00,
-8.731892E-01,-6.617627E-01,
-1.147899E-01,-9.344855E-01,
7.963063E-01,2.377413E-01,
4.593480E-02,-6.006132E-01,
-5.248296E-01,1.011189E+00,
-1.829828E-01,6.488848E+00,
8.826284E-01,5.159888E+00,
4.700425E-01,-1.459848E+00,
5.394600E-02,6.167818E+00,
5.743052E-01,2.983216E-01,
1.681175E+00,4.277066E+00,
-6.375471E-01,4.299247E+00,
5.780723E-01,3.689661E+00,
1.127950E+00,4.427924E+00,
1.193200E+00,1.818766E+00,
5.420648E-01,6.191823E+00,
9.914089E-01,5.403812E+00,
-6.694499E-01,-1.248527E+00,
-1.421940E+00,1.962556E+00,
7.672063E-01,-1.271002E+00,
1.062808E+00,-7.094454E-01,
4.446419E-01,-7.906995E-01,
4.524334E+00,5.064968E+00,
3.606702E+00,6.577635E+00,
5.719982E+00,5.721125E+00,
3.948922E+00,-1.894322E-01,
6.555646E+00,4.326942E+00,
5.026632E-01,1.266204E+00,
-3.894939E-01,-2.343450E-01,
-1.244029E+00,-6.813986E-01,
2.127406E+00,7.122103E-01,
4.831357E+00,-4.078790E-01,
4.680962E+00,4.263178E-01,
7.237633E+00,4.603089E+00,
4.580665E+00,3.313527E+00,
8.318866E+00,4.263440E+00,
5.091050E+00,4.907214E+00,
4.030470E+00,4.763407E+00,
5.370444E+00,4.012224E-01,
4.148170E+00,4.508706E+00,
4.852752E+00,4.710808E+00,
5.307991E+00,4.438711E+00,
4.566715E+00,1.132510E+00,
4.159319E+00,3.874439E+00,
2.952218E+00,-1.264861E+00,
5.925606E+00,5.446446E+00,
5.142715E+00,7.333321E+00,
5.572526E+00,5.197908E+00,
6.060857E+00,-1.958349E-01,
7.177743E+00,3.789055E+00,
3.762577E+00,1.337733E+00,
4.954903E+00,4.776935E-01,
5.477242E+00,-1.105677E+00,
6.149497E+00,4.623355E+00,
3.688492E+00,6.373953E+00,
3.788569E+00,2.514841E-01,
5.534971E+00,4.601295E+00,
4.027537E+00,1.318602E+00,
6.651758E+00,4.751585E+00,
5.246856E+00,3.054905E+00,
6.387736E+00,5.710172E+00,
5.790896E+00,4.559252E+00,
3.833218E+00,1.036125E+00,
4.979504E+00,1.341669E+00,
6.301478E+00,4.933032E-01,
4.570799E+00,5.406949E+00,
7.051681E+00,-9.499335E-01,
5.421952E+00,4.902116E-01,
4.307780E+00,4.561053E+00,
5.577393E+00,8.523502E-02,
2.981464E+00,1.133169E+00,
3.731699E+00,2.050647E-01,
4.919306E+00,-2.878904E-01,
4.923903E+00,6.003853E+00,
4.761391E+00,1.124983E+00,
5.005954E+00,1.562341E+00,
3.658948E+00,4.397285E-01,
4.897954E+00,6.357621E+00,
2.703836E+00,4.914778E+00,
6.276465E+00,2.332364E+00,
4.436143E+00,6.060389E+00,
5.332014E+00,1.164023E+00,
4.222251E+00,6.390831E-01,
4.751857E+00,6.251335E+00,
4.545271E+00,9.331952E-02,
3.791354E+00,7.560201E-01,
2.949509E+00,-1.191973E+00,
4.949359E+00,-3.636949E-01,
2.485496E+00,5.769678E+00,
5.358952E+00,5.538793E+00,
6.610091E+00,4.325546E+00,
5.795886E+00,-1.395963E+00,
5.265893E+00,5.570307E+00,
4.062514E+00,4.946876E+00,
4.107361E+00,-1.145134E+00,
5.456122E+00,4.793175E+00,
4.407714E+00,1.096161E-01,
4.372589E+00,-2.004121E-01,
4.897271E+00,5.213673E+00,
5.239599E+00,6.414892E+00,
5.152306E+00,5.539933E+00,
5.305092E+00,-7.080524E-02,
3.948499E+00,6.547049E+00,
5.676822E+00,5.099049E-01,
5.701191E+00,4.018214E+00,
4.135015E+00,-4.312970E-02,
4.555415E+00,5.620266E+00,
4.795057E+00,5.730319E+00,
4.045373E+00,4.948766E-01,
5.232827E+00,-1.167436E+00,
4.121920E+00,4.070000E-01,
5.180363E+00,-1.221434E+00,
5.651856E+00,5.165755E+00,
4.636173E+00,-1.868389E+00,
4.546485E+00,5.546511E+00,
5.046431E+00,-1.309060E+00,
4.743101E+00,3.457760E+00,
4.449810E+00,9.012726E-01,
4.951359E+00,5.842160E+00,
4.760008E+00,1.676033E-01,
5.627919E+00,1.328154E+00,
3.971701E+00,5.361961E+00,
5.068921E+00,4.458992E+00,
4.820486E+00,4.851086E+00,
6.407914E+00,6.344881E-02,
5.594661E+00,7.165420E-01,
4.158350E+00,5.573159E-02,
4.339076E+00,-6.659759E-01,
6.363292E+00,-6.694571E-01,
3.865245E+00,-9.868330E-01,
4.748265E+00,-1.017719E+00,
6.697681E+00,1.147967E+00,
4.488670E+00,-1.448966E+00,
5.739400E+00,7.488157E-01,
5.349548E+00,5.001372E+00,
5.206990E+00,4.828472E+00,
4.947995E+00,3.688347E+00,
4.974940E+00,5.911846E+00,
4.296654E+00,5.328814E+00,
4.759878E+00,1.497586E-01,
3.390204E+00,4.685715E+00,
2.724593E+00,6.500195E+00,
3.866426E+00,4.040876E+00,
4.495618E+00,-5.831905E-01,
5.109548E+00,7.107230E-01,
4.295620E+00,6.412390E+00,
5.052017E+00,7.850773E-01,
5.919110E+00,-1.442445E+00,
5.309370E+00,3.991099E+00,
3.419010E+00,5.915685E+00,
5.168477E+00,1.427428E+00,
6.254463E+00,6.472644E-01,
5.634986E+00,1.903682E+00,
6.081083E+00,8.810222E-01,
3.668925E+00,-4.072480E-01,
4.803484E+00,5.469988E+00,
5.265823E+00,-3.997119E-01,
3.610255E+00,6.393799E+00,
4.582458E+00,-2.113552E-01,
5.734003E+00,5.391344E+00,
6.530154E+00,-1.122774E+00,
3.421789E+00,5.917618E+00,
6.677559E+00,5.677761E-01,
4.796737E+00,-2.697994E-01,
3.387901E+00,7.883493E-01,
3.468351E+00,4.692570E+00,
4.779090E+00,-2.081901E-01,
4.645737E+00,-1.320630E+00,
5.128458E+00,-7.173202E-01,
6.960177E+00,5.433323E+00,
4.216588E+00,3.182152E-01,
5.037109E+00,-7.633957E-01,
4.482034E+00,1.963922E+00,
5.857424E+00,3.931413E+00,
4.565010E+00,5.936791E+00,
1.067706E+00,8.914128E-01,
3.068754E+00,5.926149E+00,
5.151804E+00,9.165018E-01,
5.187781E+00,7.567010E-02,
5.086108E+00,4.954513E+00,
4.127248E+00,2.813823E-01,
3.525658E+00,6.059539E+00,
5.276114E+00,6.097991E-01,
4.498808E+00,5.202640E-02,
5.416466E+00,7.231198E-01,
4.192000E+00,4.270134E+00,
5.610656E+00,1.693683E-01,
5.975841E+00,4.856484E+00,
6.046317E+00,-3.282489E-01,
5.377001E+00,-4.313440E-01,
3.850120E+00,4.372834E+00,
5.087741E+00,-5.571301E-01,
8.814893E-01,4.135141E+00,
-2.003654E-01,-1.211023E+00,
5.624953E+00,-8.476074E-01,
3.657828E+00,5.019437E+00,
6.984942E+00,4.325662E+00,
5.161291E+00,4.780332E+00,
-3.104065E-01,7.476514E-01,
-6.943007E-01,5.826924E+00,
-3.505259E-01,2.737509E-01,
5.773210E+00,8.742409E-01,
5.472957E+00,4.351883E+00,
5.191693E+00,4.347395E+00,
4.585775E+00,5.368252E+00,
4.800969E+00,6.547535E-01,
3.953173E+00,-4.809922E-01,
4.672895E+00,2.896244E-01,
4.945025E+00,3.044036E+00,
4.799276E+00,-1.532027E+00,
3.384499E+00,-1.056489E+00,
4.207185E+00,5.519586E+00,
6.630336E+00,4.981885E+00,
6.626603E+00,5.210045E+00,
5.348298E+00,3.591713E+00,
4.495265E+00,-2.015682E+00,
6.578649E+00,-1.443177E+00,
4.010464E+00,4.901508E+00,
4.105814E+00,-2.079839E+00,
3.781117E+00,6.060773E+00,
5.638659E+00,3.869329E+00,
6.241559E+00,6.149881E-01,
4.397122E+00,5.841526E+00,
4.100163E+00,5.655094E+00,
4.130627E+00,-5.559711E-01,
7.033840E+00,4.569433E+00,
3.994867E+00,5.297628E+00,
6.261188E+00,5.273189E+00,
4.299243E+00,5.646285E+00,
5.643531E+00,-5.373814E-01,
6.186432E+00,8.750064E-01,
5.558637E+00,7.211710E+00,
5.427522E+00,6.271145E+00,
5.230063E+00,-9.030617E-01,
5.356815E+00,5.650435E+00,
3.786826E+00,4.455086E+00,
4.812922E+00,-1.552264E+00,
4.940000E+00,-9.835198E-01,
3.447332E+00,3.130062E-01,
3.845653E+00,4.281148E+00,
4.426104E+00,3.190508E+00,
4.374126E+00,-2.398970E-01,
4.355011E+00,4.052631E+00,
7.425416E+00,-1.430547E+00,
3.769494E+00,4.881536E+00,
4.621273E+00,6.028628E+00,
3.835698E+00,1.448640E+00,
6.514861E+00,4.826861E+00,
4.235598E+00,5.257913E+00,
3.956276E+00,9.658332E-02,
1.993963E+00,3.678814E+00,
3.238164E-01,3.340896E+00,
6.007429E-01,4.175840E+00,
-1.209118E+00,-3.613438E-01,
-6.403610E-01,3.475378E+00,
-1.954857E-02,4.923384E+00,
2.632178E-01,1.458421E+00,
-1.378520E+00,-7.983192E-01,
2.659291E-01,4.173900E+00,
-3.771671E-01,-6.889084E-01,
4.929217E-01,1.441937E-01,
-2.935480E-01,-3.503476E-01,
5.403093E-01,3.535271E-01,
1.477308E+00,4.550065E-01,
-2.356742E-01,-7.194897E-01,
-1.328580E-01,6.092557E+00,
-4.484750E-01,-1.643996E+00,
1.231111E-01,4.428831E+00,
-8.484712E-02,1.828529E+00,
4.688562E-01,-1.650080E-01,
5.760262E+00,1.603214E+00,
4.155306E+00,-1.971349E+00,
3.866002E+00,4.329403E+00,
3.300809E+00,-8.019105E-01,
4.860520E+00,-3.109012E-01,
4.880329E+00,5.485458E+00,
3.799559E+00,4.936558E+00,
5.619344E+00,6.508027E-01,
4.684058E+00,5.285353E+00,
4.450039E+00,5.491926E+00,
3.946707E+00,-1.367085E-01,
5.229169E+00,-2.173938E-01,
5.330877E+00,-4.102450E-03,
3.111842E+00,4.103099E+00,
1.170532E-01,6.476605E+00,
-2.946841E+00,-6.940612E-01,
-4.923567E-01,-2.087454E-01,
9.591806E-01,4.000063E+00,
5.422944E+00,7.102123E-01,
4.550780E+00,4.961589E+00,
5.356054E+00,-1.872836E+00,
4.429720E+00,3.955023E+00,
6.745885E+00,5.802959E+00,
5.568282E+00,4.707160E+00,
5.604587E+00,3.256578E+00,
4.255045E+00,-4.998664E-01,
5.864897E+00,9.124386E-01,
5.402587E+00,5.233434E+00,
4.487897E+00,5.788009E+00,
4.221709E+00,6.564371E+00,
3.019651E+00,7.160724E+00,
3.876597E+00,4.677049E+00,
5.694092E+00,-1.041562E+00,
4.828095E+00,4.236672E+00,
5.610151E+00,4.305805E+00,
6.471618E+00,5.919297E+00,
3.642747E+00,6.129076E-01,
4.440778E+00,5.491735E+00,
5.373105E+00,1.741964E+00,
5.285328E+00,4.690791E+00,
4.884154E+00,-9.791343E-02,
6.085517E+00,4.429425E+00,
5.586219E+00,2.174905E-02,
5.123515E+00,1.180270E+00,
6.018305E+00,3.448645E-01,
3.684329E+00,5.712145E-01,
4.137593E+00,1.028472E+00,
5.054321E+00,1.343885E+00,
6.672963E+00,-9.880339E-01,
5.781100E+00,4.303684E+00,
3.639644E+00,-9.683995E-01,
4.859098E+00,4.567332E+00,
3.526951E+00,-2.590999E-01,
-5.967969E-04,6.839513E+00,
5.054422E+00,4.778228E+00,
3.758210E+00,4.794967E-02,
4.360901E+00,1.143982E+00,
6.214508E+00,-6.573654E-01,
5.274370E+00,3.084903E+00,
5.396634E+00,4.438464E+00,
5.591910E+00,-4.360109E-01,
3.532550E+00,1.136478E-01,
5.926254E+00,-9.352155E-01,
5.060104E+00,-4.536036E-01,
6.347683E+00,4.849143E+00,
5.914121E+00,5.571204E+00,
4.857002E+00,1.087284E-02,
6.555420E+00,3.971328E+00,
2.044690E-01,5.687589E+00,
-4.264168E-01,6.703889E+00,
-1.595093E+00,2.329250E+00,
-5.183522E-02,4.410955E+00,
1.489382E-01,5.511004E+00,
-1.871640E+00,-7.227602E-02,
-1.004402E+00,-8.494050E-01,
1.201261E+00,-4.049921E-01,
-1.269469E+00,6.268409E-01,
3.561694E-01,-4.068106E-01,
2.279935E-01,4.631924E-01,
5.521965E+00,1.071342E-01,
1.054310E+00,-1.214925E+00,
5.580238E+00,-9.735621E-01,
4.083987E+00,-2.256648E+00,
5.131684E+00,4.159208E+00,
4.570245E+00,1.011608E+00,
4.897656E+00,3.182957E-01,
3.418434E+00,-1.657687E+00,
6.332222E+00,-1.058029E+00,
6.332413E+00,1.223273E+00,
5.215728E+00,4.024800E-01,
5.662278E+00,-2.124542E+00,
7.055629E+00,4.360555E+00,
3.327693E+00,1.709015E+00,
4.066922E+00,5.498469E+00,
6.584103E+00,5.916047E+00,
4.091204E+00,1.154535E-01,
5.658259E+00,4.512779E+00,
6.395637E+00,1.571391E+00,
3.282896E+00,-4.634410E-02,
3.031260E+00,5.306958E+00,
4.670862E+00,-3.595491E-01,
4.687724E+00,5.365181E+00,
3.362483E+00,-1.866346E+00,
5.923717E+00,4.371275E+00,
5.518413E+00,3.155289E+00,
6.273477E+00,4.568275E+00,
5.278834E+00,-1.005817E+00,
3.867657E+00,4.013358E+00,
4.565456E+00,9.500661E-01,
3.764122E+00,4.062614E+00,
4.464364E+00,4.267306E+00,
-4.735962E-02,5.921463E+00,
-1.839248E-01,-4.010276E-01,
-7.961513E-01,-1.340231E+00,
1.976302E+00,3.421871E+00,
-1.571115E+00,5.708246E+00,
8.761092E-02,6.071823E+00,
-4.551541E-01,4.872466E+00,
-7.724415E-01,4.079294E+00,
-6.466338E-01,4.040068E+00,
-4.479178E-01,-5.047750E-01,
9.175332E-01,4.411357E+00,
-9.636400E-01,5.715893E+00,
-6.208737E-01,7.382672E-01,
5.112243E+00,5.543737E+00,
4.877561E+00,-1.512465E+00,
5.841357E+00,6.538340E-01,
4.046202E+00,5.573423E+00,
6.763391E+00,5.812296E+00,
4.176518E+00,-1.485367E-01,
4.974734E+00,-8.484243E-01,
3.081634E+00,4.798813E+00,
6.853488E+00,6.793276E-01,
5.694711E+00,-4.717231E-01,
4.876074E+00,3.517609E-02,
4.649014E+00,4.547904E+00,
6.150007E+00,2.048395E+00,
5.963521E+00,1.103414E+00,
4.139585E+00,6.210384E+00,
5.997457E+00,4.575015E+00,
5.195661E+00,5.454705E+00,
5.965740E+00,6.949692E+00,
5.633277E+00,4.315803E+00,
6.264917E+00,3.400013E-01,
4.489510E+00,4.126118E+00,
4.575350E+00,-6.104791E-01,
5.944830E+00,5.271917E+00,
5.533660E+00,4.941934E+00,
4.740348E+00,4.141238E+00,
5.794237E+00,5.840478E+00,
5.504526E+00,5.398037E+00,
3.999169E+00,1.002474E+00,
5.850018E+00,3.532945E-01,
3.605095E+00,4.415435E+00,
4.018277E+00,5.116521E+00,
3.625037E+00,4.801193E+00,
3.767764E+00,3.275363E+00,
5.575301E+00,-3.348594E-01,
4.466277E+00,4.850349E+00,
4.236565E+00,-2.176682E-01,
5.240510E+00,4.877979E+00,
5.490386E+00,5.276534E+00,
4.126716E+00,4.201004E+00,
5.392425E+00,5.424804E+00,
4.862113E+00,5.936186E-01,
4.507828E+00,9.136265E-01,
3.481056E+00,1.407317E-02,
6.104287E+00,-9.283903E-01,
6.238377E+00,-2.342167E-01,
4.227957E+00,3.295348E+00,
6.649666E+00,4.120937E+00,
8.223652E+00,3.444398E+00,
4.150807E+00,6.884277E-01,
3.994231E+00,7.786134E-01,
4.521080E+00,5.851167E+00,
5.150488E+00,-2.649997E-01,
5.967596E+00,5.274034E+00,
4.277864E+00,5.871375E+00,
3.892068E+00,4.682838E+00,
6.205384E+00,-5.216889E-01,
4.569690E+00,9.122109E-01,
6.457098E+00,4.033150E+00,
-4.662743E-01,1.790896E+00,
3.154628E-01,-1.408655E+00,
4.314756E+00,4.451385E+00,
4.543410E+00,5.310841E+00,
-1.453194E-01,4.872429E+00,
1.124293E-01,5.987519E+00,
3.592223E-01,4.432066E+00,
-5.041017E-01,3.153682E+00,
-6.496422E-01,4.249899E+00,
-6.359748E-01,3.376453E+00,
1.522547E-01,3.392146E+00,
1.672502E-01,3.942778E+00,
-2.829236E-01,1.709754E+00,
1.363247E+00,-1.748663E+00,
8.046537E-01,6.953952E-02,
1.198604E+00,-8.327112E-01,
6.532677E+00,1.486689E+00,
5.397534E+00,5.000937E-01,
6.919052E+00,-5.963552E-01,
5.282199E+00,4.371455E+00,
4.675591E+00,3.495748E-01,
5.019309E+00,2.679801E-01,
7.368810E+00,7.636873E-01,
5.020136E+00,-7.780059E-01,
4.306606E+00,3.375429E+00,
4.647451E+00,-7.729741E-01,
7.132076E+00,4.819569E+00,
4.468794E+00,6.652050E+00,
4.574010E+00,9.910702E-01,
5.949795E+00,-1.219816E+00,
4.415137E+00,1.165207E+00,
4.276746E+00,4.800037E+00,
5.008284E+00,7.952788E-01,
4.693301E+00,-1.181338E+00,
4.456864E+00,-7.793269E-01,
6.034023E+00,3.432805E+00,
3.950123E+00,-2.392176E+00,
6.778192E+00,5.622604E-01,
4.255083E+00,-1.283895E+00,
5.172039E+00,5.592935E-01,
4.036424E+00,-1.078136E+00,
7.535378E+00,1.984635E+00,
6.273930E+00,5.101591E+00,
4.035263E+00,1.901243E+00,
5.377553E+00,5.721894E+00,
3.518750E+00,5.990193E+00,
6.091801E+00,-7.535062E-01,
7.559592E+00,-1.913593E-01,
5.300171E+00,-8.815969E-01,
5.137749E+00,-4.287775E-01,
3.433174E+00,5.141767E+00,
4.811419E+00,5.777635E+00,
5.097980E+00,5.968796E+00,
4.800080E+00,-2.683870E-01,
7.488025E+00,4.682985E+00,
6.280185E+00,5.242492E+00,
4.755253E+00,4.940167E+00,
1.679655E-01,5.982098E+00,
1.356017E+00,5.329775E+00,
-1.792048E+00,2.334732E+00,
-1.387567E-01,3.303482E+00,
7.740667E-01,-3.621733E-01,
4.314102E+00,6.479818E+00,
5.918320E+00,3.481875E+00,
5.959434E+00,2.538607E-01,
3.940975E+00,-3.058023E-01,
-2.642383E+00,4.934612E+00,
-3.156401E-01,5.460305E+00,
1.043564E+00,5.139123E+00,
5.181949E+00,3.131307E+00,
4.776819E+00,5.991590E+00,
5.389064E+00,-1.515107E+00,
5.717541E+00,5.855915E+00,
5.408564E+00,4.311366E+00,
6.645668E+00,-8.748145E-01,
4.604983E+00,4.859242E+00,
4.929974E+00,-4.624330E-01,
4.163840E+00,6.385450E+00,
5.215033E+00,-3.126112E+00,
5.620937E+00,-1.564572E+00,
6.091725E+00,-1.208750E+00,
5.775478E+00,6.278740E+00,
5.996155E+00,5.214924E+00,
3.834467E+00,1.911586E+00,
5.902425E+00,-8.396907E-01,
1.647076E-01,2.803716E-02,
1.416983E+00,8.746803E-01,
6.398936E-02,1.564119E+00,
8.204661E-02,1.517615E+00,
-2.054120E+00,7.980479E-01,
-3.355720E-01,5.353663E+00,
-4.527740E-01,4.708863E+00,
7.212080E-01,-5.234218E-01,
-1.011439E+00,4.286167E+00,
1.676278E-01,-2.620453E+00,
-8.993896E-01,5.465955E-01,
7.934723E-01,1.861759E+00,
5.023090E+00,3.828881E+00,
4.237255E+00,6.538419E+00,
6.609569E+00,1.506331E+00,
4.684792E+00,-2.611823E-01,
3.738250E-01,2.577869E-01,
4.945893E-01,6.086014E+00,
1.248495E+00,-6.628946E-01,
1.053239E+00,6.644382E-01,
-4.808848E-01,7.628493E-01,
9.617666E-01,3.782431E-01,
5.365798E-01,4.855687E+00,
-2.199827E+00,4.174447E-01,
-5.594701E-01,1.101257E+00,
4.138415E-01,-8.840135E-01,
-3.778997E-01,-3.240111E-01,
5.426315E+00,-1.364989E+00,
5.010668E+00,-5.752109E-01,
5.660701E+00,5.309795E+00,
6.465099E+00,4.359702E+00,
6.115108E+00,4.554889E+00,
6.071319E+00,-1.522126E+00,
5.434350E+00,5.571087E+00,
4.302824E+00,8.746522E-01,
3.042974E+00,4.939986E+00,
5.294824E+00,-9.556306E-01,
4.552293E+00,4.957719E+00,
5.642252E+00,5.524703E+00,
4.085548E+00,1.500311E-02,
5.125835E+00,6.581902E+00,
4.420678E+00,5.000514E+00,
5.477771E+00,9.805659E-02,
4.775041E+00,1.874372E+00,
4.323127E+00,4.512751E+00,
4.637906E+00,4.950502E+00,
5.665236E+00,-1.032593E-01,
3.586789E+00,-6.165941E-02,
5.212922E+00,3.625125E-02,
7.464757E+00,2.562862E-01,
5.293903E+00,2.624055E-01,
5.042398E+00,7.624839E-01,
4.498493E+00,4.504168E+00,
5.249556E+00,-8.044471E-01,
5.147143E+00,3.594128E+00,
3.714332E-01,4.245417E+00,
6.869505E+00,5.141237E+00,
4.845987E+00,9.836117E-01,
4.553681E+00,4.455718E+00,
5.395782E+00,3.659863E-01,
6.133420E+00,3.391655E+00,
7.233299E+00,-1.927469E+00,
5.303579E+00,1.171048E+00,
4.579674E+00,9.783166E-01,
5.136250E+00,-3.847462E-01,
6.677649E+00,-1.119923E-01,
5.356945E+00,-1.830515E+00,
5.619651E+00,4.416352E+00,
5.124950E+00,-8.687289E-01,
6.508093E+00,-2.101968E+00,
4.243062E+00,-8.499624E-01,
4.630141E+00,4.775737E+00,
1.725011E+00,4.879116E+00,
1.381628E+00,-4.714818E-01,
7.980912E-01,6.465556E+00,
6.345695E+00,2.104269E-01,
5.342112E+00,7.915307E-02,
5.225422E+00,-6.281086E-01,
4.925168E+00,4.917518E+00,
5.129244E+00,3.778036E+00,
6.054178E+00,5.226431E-02,
4.353024E+00,5.168614E+00,
3.533633E+00,3.224504E-01,
5.010592E+00,-1.017624E+00,
5.529635E+00,1.514590E-01,
3.044601E+00,-1.330326E-01,
5.143542E+00,5.440511E-01,
4.401913E+00,2.125059E+00,
4.065757E+00,5.863857E+00,
4.496432E+00,8.022218E-01,
5.630050E+00,5.020465E+00,
5.768094E+00,4.912359E+00,
6.267696E+00,4.109600E+00,
3.348658E+00,4.393582E+00,
4.268866E+00,4.977466E+00,
4.549853E+00,5.295092E-01,
6.236114E+00,3.830020E+00,
6.139467E+00,5.244730E+00,
2.750708E+00,3.588739E+00,
3.716363E+00,4.360950E+00,
5.512098E+00,5.822453E+00,
3.524135E+00,5.613020E+00,
5.965631E+00,-1.405484E+00,
6.416735E+00,9.505953E-02,
3.951571E+00,3.384410E-01,
5.210914E+00,4.176967E+00,
5.941684E+00,-3.584737E-01,
4.640727E+00,4.247874E+00,
4.273594E+00,3.356294E-01,
5.978463E+00,5.369999E+00,
4.514719E+00,5.575266E+00,
4.319508E+00,1.972808E+00,
5.354214E-01,-6.854784E-01,
3.201291E+00,5.495028E+00,
1.431542E+00,6.435884E+00,
3.765624E+00,6.065993E+00,
3.431652E+00,-2.366859E+00,
4.313030E+00,2.865568E+00,
5.973319E+00,-9.137786E-01,
4.595155E+00,5.857721E+00,
2.013351E+00,-1.747691E+00,
3.024568E+00,5.690334E+00,
3.483044E+00,8.471204E-01,
5.808798E+00,4.872290E+00,
5.220346E+00,4.987638E+00,
5.866283E+00,5.012177E-01,
3.966407E+00,3.676124E+00,
6.263990E+00,-8.698102E-01,
3.889482E+00,4.359848E+00,
5.568198E+00,4.876673E+00,
5.785336E+00,5.510709E+00,
3.704470E+00,5.340475E+00,
4.443889E+00,-8.042302E-01,
5.071815E+00,-5.735253E-01,
4.906407E+00,-3.844828E-01,
4.734519E+00,-2.699167E-01,
6.056753E+00,6.259138E+00,
5.227727E+00,1.229656E+00,
5.082860E+00,2.372042E-01,
4.044985E+00,5.228070E+00,
5.053577E+00,6.379731E-01,
4.088708E+00,5.782479E+00,
4.666865E+00,7.758734E-01,
6.904718E+00,6.625383E+00,
4.638909E+00,1.181636E+00,
5.930316E+00,-6.740582E-01,
-1.871767E-01,3.991829E+00,
-1.595447E-01,5.815504E+00,
-2.529262E+00,7.606620E+00,
-1.281146E+00,8.266565E+00,
4.295834E-02,-8.842568E-01,
-1.087595E+00,6.674244E+00,
2.614796E-01,-6.960929E-02,
-1.153650E+00,5.287076E-01,
-1.065565E-01,5.485833E+00,
4.898195E+00,3.756263E+00,
4.223176E+00,5.316739E+00,
5.541399E+00,-9.247015E-01,
4.833835E+00,5.549511E+00,
4.697122E+00,-6.505319E-01,
4.932723E+00,3.858459E+00,
4.689289E+00,-7.574053E-02,
3.992717E+00,3.675483E+00,
5.054668E+00,2.061745E+00,
-2.422219E-02,-2.783512E-01,
5.170399E-01,4.872598E+00,
-3.259397E-02,1.164412E+00,
7.671954E-01,-6.054291E-01,
1.564878E+00,4.237385E+00,
7.218504E-01,-7.543184E-02,
1.515110E-01,-1.683035E-01,
-3.401893E-01,3.743649E+00,
4.514965E-01,4.189247E+00,
-6.889717E-02,5.381799E+00,
-1.439733E+00,1.298892E-01,
-4.807800E-01,4.348515E+00,
4.969819E+00,8.960797E-01,
3.822951E+00,1.727220E+00,
5.039517E+00,7.120634E+00,
5.045803E+00,6.071491E-01,
4.300907E+00,2.993106E-01,
5.521812E+00,6.119889E+00,
4.550777E+00,4.057986E+00,
3.379830E+00,4.100227E+00,
4.154530E+00,6.072780E+00,
4.621757E+00,3.894542E+00,
5.082920E+00,4.975831E+00,
5.200157E+00,-8.777423E-01,
7.354129E+00,4.604542E+00,
4.493029E+00,9.725915E-01,
4.610796E+00,6.323058E+00,
7.262553E+00,-9.981891E-01,
3.726184E+00,4.929159E+00,
2.684276E+00,8.398831E-02,
6.121581E+00,-3.312366E-03,
6.126229E+00,-1.674239E+00,
6.087942E+00,4.306687E-01,
4.958045E+00,-4.799574E-01,
3.562065E+00,4.624712E+00,
5.372140E+00,1.570047E-01,
4.776451E+00,4.794161E+00,
5.009652E+00,5.268309E+00,
4.633013E+00,1.646649E+00,
3.497072E+00,5.029935E+00,
5.294723E+00,3.209265E+00,
4.307008E+00,1.204450E+00,
4.610840E+00,5.219082E+00,
3.968472E+00,6.360813E+00,
3.154395E+00,7.883800E-01,
5.187151E+00,7.538688E-01,
5.009681E+00,3.713858E+00,
6.840893E+00,5.723100E+00,
5.330478E+00,-1.339225E+00,
4.182440E+00,2.344449E-01,
4.087538E+00,1.094322E+00,
3.368026E+00,4.203857E+00,
3.837325E+00,3.831611E+00,
4.977647E+00,4.111841E+00,
5.189526E+00,5.205681E-01,
6.671744E+00,5.645988E+00,
3.197649E+00,3.785055E+00,
5.759257E+00,4.021189E-01,
4.754289E+00,4.384696E+00,
5.267441E+00,1.395144E-02,
4.225887E+00,3.735795E+00,
3.850994E+00,6.841790E+00,
4.227468E+00,5.431976E+00,
4.888577E+00,4.775277E+00,
4.985260E+00,4.729867E+00,
6.883715E+00,-1.390795E-01,
5.847874E+00,-1.902235E+00,
5.537969E+00,4.632174E+00,
5.001489E+00,-2.653200E+00,
5.588821E+00,4.129159E+00,
5.204231E+00,2.130303E+00,
5.924446E+00,3.780424E+00,
6.584877E+00,-1.791321E-01,
5.681373E+00,3.257994E-01,
5.731958E+00,2.499113E-01,
5.280165E+00,1.415466E+00,
5.320714E+00,6.452582E-02,
5.100907E+00,-1.618853E+00,
3.827039E+00,-6.960127E-01,
5.401576E+00,4.302911E+00,
-1.276703E-01,1.201659E+00,
1.123886E-01,-1.205925E+00,
1.388828E+00,-3.103568E-01,
-1.425624E+00,-4.364040E-01,
-1.490949E+00,1.479754E-01,
4.301994E-01,6.160572E+00,
-1.611435E-01,5.583977E+00,
-6.726626E-01,1.257492E-01,
-1.323888E+00,6.144703E-01,
-3.850197E-01,1.598734E-01,
-3.474400E-02,-1.003816E+00,
1.721769E-01,5.541104E+00,
5.627007E-01,6.899181E-01,
1.298839E+00,-6.874764E-01,
2.376483E-01,3.962476E+00,
-1.197196E+00,5.222454E+00,
1.113995E+00,5.296143E+00,
3.253681E-01,6.252727E-01,
1.095724E+00,4.176644E-01,
-1.884038E-01,6.170684E+00,
-8.773919E-01,-6.856006E-01,
-2.955013E-01,1.005366E-01,
-1.755886E-01,3.522010E+00,
4.523892E-01,3.189757E+00,
-1.000764E+00,-5.719807E-01,
1.553578E+00,-1.514207E+00,
5.893101E-01,-1.511615E+00,
-7.844674E-01,6.720894E+00,
-1.741361E+00,1.012176E+00,
6.509430E+00,5.342051E+00,
5.906839E+00,-4.012995E-01,
5.496519E+00,-9.954872E-01,
3.930052E+00,6.475131E+00,
-2.027518E-01,4.120960E-02,
-9.597828E-02,4.863367E+00,
6.025310E-01,7.021946E+00,
-1.111095E-01,3.824703E+00,
1.060388E+00,1.021750E+00,
8.297315E-01,6.520550E+00,
-1.217297E+00,6.148152E+00,
-7.422304E-01,-2.338502E-01,
5.803738E+00,4.585883E+00,
5.594827E+00,-8.203445E-02,
5.264305E+00,4.370575E+00,
6.280159E+00,-1.274944E+00,
4.556434E+00,1.490420E-01,
3.923895E+00,-1.175804E+00,
6.546630E+00,1.030797E+00,
4.940088E+00,5.565516E+00,
4.381734E+00,-1.461312E+00,
-1.030493E+00,-1.302329E+00,
1.328097E+00,1.322478E+00,
-7.111356E-01,4.016111E+00,
1.458070E-01,6.587792E+00,
-5.187305E-01,-1.261782E+00,
-4.084913E-01,5.956246E-01,
1.060414E+00,5.501037E+00,
-8.429236E-01,-9.795397E-01,
-1.541761E+00,5.123947E+00,
5.363464E-01,5.728192E+00,
3.331838E-01,-1.191498E+00,
-1.141159E+00,3.459984E+00,
-2.036735E-01,5.262170E+00,
1.509318E+00,-2.402196E+00,
2.671537E+00,1.201258E+00,
-1.787093E-01,6.474194E+00,
-1.331443E-01,-1.445409E+00,
-1.298657E+00,5.190787E+00,
-1.331385E+00,-8.451007E-02,
1.674936E-02,6.887955E+00,
3.823348E+00,5.043806E+00,
4.651660E+00,2.728517E+00,
5.820590E+00,3.949173E+00,
4.900337E+00,5.888044E+00,
4.375147E+00,5.339813E+00,
4.565776E+00,-6.384232E-01,
5.692128E+00,1.380126E+00,
4.900563E+00,8.466454E-01,
4.794105E+00,3.954699E+00,
4.992623E+00,3.483021E+00,
4.697521E+00,1.841194E+00,
5.819896E+00,3.486774E+00,
6.063362E+00,5.281865E+00,
3.682358E+00,1.249804E+00,
7.567566E+00,3.891188E+00,
5.367561E+00,6.172265E+00,
4.752285E+00,-1.020016E-01,
4.004469E+00,6.959609E+00,
3.819759E+00,-1.394369E+00,
5.290629E+00,1.096261E+00,
3.888758E+00,-1.228244E+00,
4.026249E+00,5.012956E+00,
4.998400E+00,-3.056250E-01,
4.149867E+00,-2.876210E-01,
5.587175E+00,3.534323E-01,
4.417248E+00,1.214076E+00,
4.022929E+00,5.222738E+00,
4.888726E+00,4.246090E+00,
-1.483071E-01,5.574102E+00,
-1.318423E-01,-9.907457E-01,
4.254845E+00,4.622204E+00,
5.141673E+00,-3.541286E-01,
5.177611E+00,4.748451E+00,
5.998238E+00,-8.644300E-02,
6.799286E+00,-8.305407E-02,
-1.570513E+00,4.507253E+00,
-1.345618E+00,4.559653E+00,
-8.796657E-02,4.134767E+00,
-1.011480E+00,-5.716547E-01,
7.822138E-01,-6.713961E-01,
-5.740847E-01,5.622367E+00,
8.544358E-01,2.416704E+00,
1.227425E+00,2.146901E+00,
-7.834972E-02,2.607237E+00,
8.748877E-01,4.304994E+00,
-1.460364E-01,-4.709402E-01,
-3.218941E-01,5.948990E+00,
-6.445890E-01,3.588035E-01,
2.646087E-01,-2.130638E+00,
2.269338E-01,-1.203862E-01,
1.076257E+00,2.072632E-01,
-2.085326E-01,1.145298E-01,
2.908619E-01,5.050566E+00,
-7.430753E-01,1.173309E+00,
-2.021672E-01,-1.736127E+00,
1.432921E+00,3.453635E+00,
9.773147E-01,3.663879E+00,
2.261966E-01,5.192934E+00,
6.074372E-01,3.079715E+00,
6.190220E-01,4.736649E+00,
-9.077587E-01,-1.796833E+00,
8.892834E-01,4.324440E+00,
3.319403E+00,5.422146E+00,
4.144417E+00,2.340886E-01,
3.953054E+00,-5.933627E-02,
3.427999E+00,4.195435E+00,
6.752775E+00,5.316514E+00,
5.996462E+00,4.701178E+00,
6.763014E+00,-1.257804E-01,
5.198696E+00,5.307735E+00,
4.942105E+00,-7.019489E-01,
5.095953E+00,5.262733E+00,
5.854461E+00,5.712245E+00,
5.212536E+00,4.045389E+00,
5.340472E+00,4.481419E+00,
4.808078E+00,-8.156482E-01,
6.018228E+00,1.583222E+00,
5.906987E+00,6.028062E+00,
3.203326E+00,-5.463660E-01,
-1.525839E+00,-2.527973E-01,
-1.242558E+00,-4.064256E-01,
1.188963E-02,5.397861E+00,
1.960883E+00,4.777387E-02,
2.641422E-01,5.225287E+00,
2.040432E-02,3.703424E-01,
3.926924E-02,-1.379103E+00,
5.720259E+00,6.657578E+00,
5.704883E+00,-1.067388E+00,
4.834615E+00,4.557368E+00,
5.446737E+00,4.039300E+00,
4.633816E+00,5.685276E+00,
4.758755E+00,6.573652E-01,
1.035124E+00,5.047765E+00,
-1.023188E+00,4.311044E+00,
