2.21670944882618270e+00,	4.27506506176187173e+00
9.31821697018565320e-01,	-2.51846182543729125e+00
5.01107652962529571e-01,	3.24765966322497945e+00
3.76259704548962493e+00,	3.24866551945683302e+00
1.86416579931585891e+00,	3.33900606680423317e+00
-1.85653118388956906e+00,	-2.00304006418890168e+00
1.77480728647413244e+00,	2.64650505516896839e+00
-2.86058603518243348e+00,	-1.43754723519483951e+00
3.92933212931761844e+00,	1.31716394928218605e+00
6.67850953624935606e+00,	2.02808667927667319e+00
2.17518066327421788e+00,	4.07874304760806261e+00
4.53379125536363325e+00,	2.43304697126512881e+00
1.53875343388209029e+00,	2.00503274014365918e+00
3.71232244232879394e+00,	3.04121067341506279e+00
-2.45583350837526204e+00,	-9.93096865232420245e-01
2.79539671961413649e+00,	2.40987552369220825e+00
-1.56259475423136740e+00,	-2.14654921645234964e+00
-8.80186991267252972e-01,	-1.91212724209798512e+00
2.29487953480265539e+00,	4.47048853148650416e+00
5.24139145843154530e+00,	3.42237540600953905e+00
-1.59496298479317655e+00,	-8.42418770913238801e-01
4.09286568237577431e+00,	1.93308061821046162e+00
4.44884348187024159e+00,	1.48933842843558217e+00
1.65189592740309799e+00,	2.75826621139414341e+00
4.07139315622011733e+00,	2.44782796351211607e+00
-8.01703810900531999e-01,	-1.76563356549876271e+00
3.58183235604080208e+00,	3.11298419376735724e+00
4.22372698149184167e+00,	2.79379136027077202e+00
2.56571621385981974e+00,	4.34594006504376296e+00
3.97105155425790501e+00,	2.95862863213577976e+00
2.46685788371211911e-01,	-2.34246877570849810e+00
2.23412429217256125e+00,	4.00046346671885811e+00
-1.76106214865619726e+00,	-2.84997214961299417e+00
-3.03466818127756621e+00,	-1.11288714340131722e+00
-1.52541694213728252e+00,	-4.68435971597191969e-02
3.48181835680260177e+00,	3.20429466785671035e+00
-2.95066890630500955e-01,	-2.13358725229933555e+00
-2.80405839523800315e+00,	-1.08848669705527801e+00
-2.13352014732250916e+00,	-1.07690896719647133e+00
-1.09978725042211112e+00,	-1.95807241247074049e+00
2.27172785125534205e+00,	3.03509505230964249e+00
-2.07380168319047575e+00,	-8.42622978461767924e-01
3.08338833585158634e+00,	3.24894754259188190e+00
3.22415515475898973e+00,	2.64916741282893309e+00
-1.46458230641020104e+00,	-2.23913870087024813e+00
-2.78459265719797244e+00,	-1.66780033883084311e+00
3.48209443111373940e+00,	4.68052922074753042e+00
-1.65939237067367529e+00,	-1.28978028694728564e+00
-1.17671720854749884e+00,	-2.60051920192411590e+00
-1.68139839425754256e+00,	-8.08258373063974300e-01
7.40136658860306884e-01,	3.84176777711871109e+00
2.47379927986682180e+00,	5.07918105906027861e+00
-1.32650470719238389e+00,	-5.10488793919348094e-02
-1.39350426133242933e+00,	-1.48334696969024704e+00
4.48920303675959165e+00,	3.77468062760578560e+00
-1.03718590961760793e+00,	-8.77620224566784457e-01
3.07667434396346096e+00,	3.06799902205910291e+00
3.27656273072590443e+00,	3.45755114300971655e+00
5.30412603221665080e+00,	2.96214822057621197e+00
-2.05821128019649624e+00,	-1.30244189710778735e+00
-9.45552530267190883e-01,	-2.65986762676712551e+00
1.66480993350250039e+00,	1.75164299958039948e+00
-2.07998370943281463e+00,	-1.31875850035332709e+00
4.61934871447530204e-01,	-1.36127909252307311e+00
1.07451236309392817e+00,	3.40361445780398553e+00
1.89380797670896706e+00,	2.91842974651623610e+00
3.73181846424373775e+00,	2.91915828407203870e+00
-4.59680946468324692e-01,	-1.69594511331240638e+00
-3.02047980267714600e+00,	-5.34298460732849700e-01
1.76769952050721435e+00,	3.81259824923494772e+00
-1.66069344701150667e+00,	-3.23505517197672621e+00
1.72454625496276392e+00,	3.48946985776711971e+00
-2.16635438089244658e+00,	1.82554699230901285e-02
4.38720025461050867e+00,	1.45916402029381298e+00
-2.74400338634338548e-01,	-7.16197137511209725e-02
2.07278962997996752e+00,	4.29897326237009025e+00
-1.02207076999998403e+00,	-1.29021730215041952e+00
1.15768957370473369e+00,	3.24622102742264573e+00
-1.82296175336677191e+00,	-9.91110567661865449e-01
9.35885720292929157e-01,	4.14377909622193030e+00
4.07255457652865260e+00,	1.63981747929730659e+00
1.66153122076855531e+00,	1.92251145722729166e+00
-6.14785470323618521e-01,	-1.95565427637763700e+00
-1.56843969076552958e+00,	-1.00570885855396952e+00
4.12808526171487689e+00,	3.84786050259970125e+00
-1.13745723139341504e-01,	-2.36679648326961267e+00
3.43887562264263735e+00,	2.64051034620558056e+00
3.47470906497223275e+00,	9.96983695724245500e-01
2.92652730409403183e+00,	6.01636018815740137e+00
-1.87126997423190256e+00,	-9.01309562305452561e-01
-1.61097549015893859e+00,	-4.34333522098706792e-01
-2.01149897659308552e+00,	-2.28232486333682161e+00
3.46719922160242167e+00,	2.25892543142964719e+00
2.96917963779553862e+00,	4.37516659036429889e+00
2.33020712460056645e+00,	2.42128699511183409e+00
-2.50502077274069768e+00,	-2.76165011654362313e+00
3.84147440394775153e+00,	3.25151544115555513e+00
4.47909805398958838e+00,	2.98174846419123529e+00
-2.47870651005760534e+00,	-2.89588755847582924e-02
2.49199867875468772e+00,	2.26511768739722941e+00
-2.20906813158778714e+00,	-1.23382734664975557e+00
-2.60307683836648263e+00,	-2.37844884956518943e+00
-1.60566529007797421e+00,	-8.68246003978533354e-01
1.62640711502856194e+00,	3.92971125428503232e+00
2.95047838684908248e+00,	1.65010295061805534e+00
5.55089135700261593e+00,	3.35959268547675061e+00
-6.70102183375065330e-02,	-3.33729003763194010e+00
2.35378367019411172e+00,	1.43558813602054380e+00
-2.83596322230705633e-01,	-7.64652232989944891e-01
2.67604110455142585e+00,	3.79621362176062238e+00
-8.70181690675066233e-01,	-8.89959551672209970e-01
-1.52777782798370554e+00,	-1.23449200236428469e+00
1.38435647325739319e+00,	2.85411437382307964e+00
2.01463843779721241e+00,	1.33195358286974330e+00
3.27974679435883321e+00,	2.66667192436115208e+00
-2.09035504249182758e+00,	-1.55589800734175721e+00
5.01497535951955165e+00,	2.39742891246353773e+00
1.20058487799663993e-01,	-7.87848089127907159e-02
4.30398646753216241e+00,	1.10554911690021496e+00
-6.01755375762789035e-01,	-1.55410714100897684e+00
6.38936591850686852e-01,	-9.98114537647817324e-01
3.56348689510370242e+00,	1.43984281033363359e+00
2.88709756815777530e+00,	1.30331503346315158e+00
1.50155945287036063e+00,	1.97697401437494924e+00
2.42059836107712423e+00,	4.17149097481138398e+00
4.40702069073800917e+00,	3.63694316968172471e+00
2.22170952653894282e+00,	1.86816175421309905e+00
-1.27277617287375944e+00,	-2.28865574055067000e+00
4.00578332019897942e+00,	3.78200682365422747e+00
-2.29388400382708735e+00,	-2.98105112893784696e+00
-2.71403449087793769e+00,	-2.01562637725329985e+00
1.70110244423895285e+00,	3.20840120493513803e+00
-2.84000436701192971e+00,	-2.81816261140863134e+00
-7.04950436377781542e-01,	-2.30224103598322039e+00
3.11143986718087540e+00,	3.89377627348162969e+00
4.02846590474303312e+00,	3.65684251069046251e+00
-1.39559347343291473e+00,	-4.10601109893030669e-01
5.43489897257211929e+00,	3.31593700994723761e+00
-2.27877843900451582e+00,	-2.63478865724527722e-01
3.49991472799133163e+00,	2.02406954931427085e+00
-1.88037604287603344e+00,	-1.33813532896294962e+00
-6.96749938167870342e-01,	-1.47493665071875002e-01
2.03080125513934817e+00,	1.81349177980343024e+00
3.33958041498068514e+00,	2.69718968216980581e+00
-1.18476970414796257e+00,	-7.86035056308663660e-01
2.62116052582322334e+00,	3.78095106463715513e+00
-2.60549038613120265e+00,	-1.48884070340621055e+00
3.31159545714923320e+00,	3.71696348586267700e+00
-2.21971348913273081e+00,	-9.39436533520676686e-02
3.36294580256479714e+00,	4.82984433329567153e+00
3.09559196215074950e+00,	3.80538704574926356e+00
-1.42505586227735126e+00,	-8.73955648989144684e-01
4.36769853404889830e+00,	3.41142261665776303e+00
2.59275790654188532e+00,	3.86877788341082152e+00
3.75300782224989105e+00,	4.41737184602836308e+00
3.90459844693434466e+00,	2.27237260751243531e+00
2.87712738846181315e+00,	1.60978226820708481e+00
4.92982023714439599e+00,	1.97276123051616659e+00
4.24921343053120193e+00,	4.87708143854570508e+00
1.77196537679206356e+00,	3.27595313468194149e+00
2.07949374690819644e-01,	-1.34570020776449661e+00
3.04308838376258528e+00,	1.89093731934332521e+00
-1.48684143626988208e+00,	-2.07407289666614592e+00
1.57025679457770528e+00,	4.70635112400417110e+00
-2.47466128622965043e+00,	-1.73796457540560390e+00
-1.54479819978296451e+00,	-1.73185971426364094e+00
3.33520933696001398e+00,	4.42296634674944755e+00
2.68202062248175110e-02,	1.73616696073086341e+00
4.87415644726220521e+00,	4.29517824997856223e+00
-2.63237089819690695e+00,	-9.73671812581529905e-01
4.85788867617166797e+00,	2.70994024414162338e+00
-4.60368599237530374e-01,	-2.14800671891882233e+00
1.33916340579037940e+00,	2.86725338660959750e+00
2.90176657747677735e+00,	4.11591153654838848e+00
1.53799857362277059e+00,	2.80600778308379839e+00
3.21391048310001803e+00,	3.32496824487418197e+00
-3.01287254466174170e+00,	-2.37829186777285173e+00
4.02842078060737663e+00,	5.30749164509686544e+00
-1.81461387021367448e+00,	-3.49703392607626995e+00
3.32158044385473161e+00,	4.10300239115858290e+00
-1.95514425996625940e+00,	-2.58345990815302251e+00
3.98049139329115764e+00,	4.86758117305474247e+00
2.25832865111527203e+00,	3.10234142715373951e+00
3.79405341433352250e+00,	3.19008667262821310e+00
1.60483875137473375e+00,	2.77801678617700532e+00
-4.36184886018823770e-01,	-9.99104263477611831e-01
2.11975340977797710e+00,	2.47105339159593429e+00
2.71048150581986436e+00,	3.86318554441033912e+00
2.79356697428019496e+00,	1.06306353097234751e+00
3.89650588037502477e+00,	4.59127001352955322e+00
2.06784062696851967e+00,	2.35763046170700274e+00
-2.59639312300921210e+00,	-1.03443764797866011e+00
-1.90781519764282681e+00,	-1.79761405941674846e+00
1.86384151977041235e+00,	2.88593224756907629e+00
3.19420949371695340e+00,	2.26985625861334572e+00
-1.64528742658409666e+00,	-4.08148495735935235e+00
-1.66366657361008818e+00,	-1.23627863132253246e+00
2.68948569609540966e+00,	4.43011448775951955e+00
2.40749279908671054e+00,	3.03004861802773817e+00
-5.76077472438928928e-01,	-3.59100944384920684e-01
-7.77953236625731792e-01,	-1.22791940703092450e+00
-6.46609192614987061e-01,	-9.40939678038542060e-01
3.67909508863406964e+00,	2.68571062751431944e+00
2.33840985256424894e+00,	4.01291562484699327e+00
-1.39047674898913654e+00,	-2.03680657448531077e+00
-2.07007891439004155e+00,	-1.92557595999965248e+00
-1.38553850791299493e+00,	-2.06762551929573046e+00
3.87592215862332701e+00,	2.93624521525745497e+00
-1.21854309428556085e+00,	-2.57121912003360720e+00
2.88880677456468904e+00,	4.48388313414813489e+00
3.89455305720977440e+00,	5.77413410383287573e+00
2.05164431792262425e+00,	2.18603389777818613e+00
3.03037940839453945e+00,	2.61535656046880316e+00
2.35108238564088312e+00,	1.74737833190295433e+00
2.08129482935669241e+00,	1.21081589800033185e+00
5.21294675566632115e+00,	2.13605275414883167e+00
-3.85949621804107190e-01,	-2.41623661175119242e+00
-7.28387004910219793e-01,	-2.22005443844438499e+00
4.17869777170266143e+00,	3.33701742925805123e+00
3.45726419104072535e-01,	-1.20516112255945851e+00
2.05601907595426026e+00,	2.07876014529526243e+00
-1.46693256260481841e+00,	-6.03744542657418948e-01
3.13988189399929718e+00,	4.44841631949279392e+00
4.38346258938338718e+00,	2.08815608805066866e+00
-1.67879217746508003e+00,	-1.50460445822718270e+00
-9.90562890241957539e-01,	-7.16880626588642822e-01
2.93081037342475392e+00,	2.10295221783955055e+00
-1.52826816083847650e+00,	-7.68074113492906885e-01
-1.74250144516374328e+00,	-1.64887840934779106e+00
3.23868661098129706e+00,	2.12640942363047580e+00
3.13618061743869836e+00,	2.87625756589881520e+00
-8.54055198339447763e-01,	-8.03281789579436190e-01
-1.02611830352707623e+00,	-7.45924375247191129e-02
2.43048935585940695e+00,	2.67831245256464934e+00
-6.46466745023628331e-01,	-2.27070200736856620e+00
-6.42569349442469795e-01,	-1.89351100630635161e+00
1.34720774980615299e+00,	5.06628364063478109e-01
1.18451198742258312e+00,	4.03650532208426061e+00
-2.13878214426335100e+00,	-1.68611591755384205e+00
-1.20696702299830849e+00,	-2.20664189922089093e+00
3.43025720421392277e+00,	1.49116103567277225e+00
3.32934135471369386e+00,	8.60364119066782784e-01
3.35098441133880298e+00,	2.50544722695380306e+00
-1.16683096090109339e+00,	-3.74626816218779446e+00
-1.65242065166880137e+00,	-2.59394213116985117e+00
-1.51079004616239598e+00,	-1.58055937638406307e+00
1.82994056788672332e+00,	2.88088694628907360e+00
-9.06061660369680388e-01,	-8.94020160730288782e-01
3.12109377046816450e+00,	1.55596500652047309e+00
2.03621174146402195e+00,	2.72354722489173451e+00
4.06071001559328781e+00,	4.53531611274439683e+00
2.61366056035690075e+00,	4.33389622034648436e+00
4.36936405306507236e+00,	2.40443011189292166e+00
-2.08282564133081483e+00,	-2.20955805873943367e-01
3.30971804282331483e+00,	3.29392509324247618e+00
5.49142362073003021e+00,	3.29738789316716208e+00
3.09105598069298537e+00,	5.98856803379672264e+00
3.31485226544031830e+00,	1.86004060102355262e+00
-2.08647238791442913e+00,	-9.65003917718580850e-01
3.64150311947082406e+00,	2.13859314949660106e+00
2.65268097328579477e+00,	2.26746953404037210e+00
1.95213184743833112e+00,	2.94672533221437849e+00
-2.31476523353412977e+00,	-2.07595315952016302e+00
3.04177110322935640e+00,	4.68218040994079310e+00
2.16382637797103650e+00,	2.52009531139446752e+00
3.37424596094307638e+00,	3.96698565219249888e+00
-1.79572839952692576e-01,	-5.18313695732989022e-01
3.71290345745464867e+00,	3.62248925203932792e+00
-2.90508006091674709e-01,	7.30478313546365499e-02
4.03685869220730709e+00,	2.18500319592143022e+00
-2.48394695220619210e+00,	-1.92977428924431482e+00
-2.62147384323028110e+00,	-1.35971630754730732e-01
-1.84529877151782284e+00,	-7.68069516681651909e-01
4.60307943686905485e+00,	2.35018560065656601e+00
-2.12892008388555398e+00,	-2.85469961518066828e+00
2.80523364673347908e+00,	4.09513472738999340e+00
2.74011081334023299e-01,	1.03518267667807362e+00
-2.21087127757133084e+00,	-2.15501025813373248e+00
2.57908948924893400e+00,	2.20843941430378532e+00
-1.14839806592274218e-01,	7.81456211849200333e-01
-2.02402364159242332e+00,	-2.29915903305470959e+00
-9.99918285177073707e-01,	-1.76359502424122083e+00
4.17816568547825362e+00,	4.46811703157720697e+00
-1.26296988772608398e+00,	-1.83352699063844371e+00
3.47820704759811328e+00,	5.22333911837574227e+00
-6.05074752534333626e-02,	-2.14352571667985980e+00
-1.26705827442235464e+00,	-1.73797540841073328e+00
1.54860324767031265e+00,	1.74095446866387116e+00
2.29015079145279365e+00,	5.33019563052626566e+00
7.44996382371969190e-01,	5.32316579725691863e+00
-2.05086424803519707e+00,	-2.23436340134702816e+00
2.64124407000487249e+00,	1.30808621480458531e+00
1.69907450838323260e+00,	2.30204173749285346e+00
2.03527156406514687e+00,	9.48581760925761408e-01
-1.33859699844144520e+00,	-3.13765655039165736e+00
-3.29517136079965400e+00,	-2.27811744254599091e+00
3.73701208196841472e+00,	4.15196620106689096e+00
-2.48037371195371081e+00,	-1.70019911597860296e+00
-1.42050997862583928e+00,	-1.12973108113440812e+00
-6.05943660429736797e-01,	-2.05194744148379637e+00
-3.66131567529636603e+00,	7.75594663147098906e-02
2.64402965528278644e+00,	1.60792802903108822e+00
-3.39306706501179223e-01,	-9.88046425850263477e-01
-2.39303310049506601e+00,	-3.61070629286143818e+00
-1.18862447295681317e+00,	-4.73978009544745449e-01
2.37852029537188425e+00,	3.63287338961150397e+00
2.44442028204137252e+00,	4.16487143441963248e-01
-1.26452534666687666e+00,	-1.69323500659219195e+00
3.00377672166278487e+00,	2.78741514102891186e+00
-2.79257479910037176e+00,	-7.25478557332894347e-01
-3.19470462176451031e-01,	-2.29560462954433664e+00
1.07066964411640830e+00,	3.47357624538111631e+00
3.48850686991013204e+00,	3.13240710356921470e+00
2.97329806017719411e+00,	2.80451660565816008e+00
2.77470495396552197e+00,	3.70333265206588580e+00
-2.07491316587451768e+00,	-7.64740377963198492e-01
-2.22776208729054837e+00,	-9.67569151732920019e-01
-1.15023194588639455e+00,	-2.38390179932577784e+00
3.42126187255164194e+00,	3.88727412222651392e+00
-1.35148704959032617e+00,	-2.57300795983880404e+00
2.71605245847180621e+00,	2.60323404003564818e+00
-4.92490754321172730e-01,	-1.37214453253350555e+00
-1.60800677239906165e+00,	-1.06531583916933337e+00
-2.15410867961323671e+00,	-2.02954233404998252e+00
-8.65974777066064960e-01,	-1.30574969183230727e+00
6.46429154411490181e-01,	-1.17678894887516994e+00
-1.48344373134679119e+00,	2.50865602505301100e-01
-1.21604646743211919e-01,	-4.02636051132187589e-01
3.05403077801809886e+00,	4.06178440256566553e+00
-6.66689869764949372e-01,	-4.35428269030071258e-01
-1.04627926186568909e+00,	-2.00899280392473267e+00
-2.76911017280253668e+00,	-4.45573485730955454e-01
-2.45819183291356680e+00,	-1.71800834303551464e+00
-1.99007008608368663e+00,	-3.13136683525713444e-01
-2.29798879612497231e-04,	-1.31309220243786307e+00
2.19772571873469325e+00,	2.12686690142192969e+00
1.38764268350559172e+00,	2.49522498648152924e+00
2.94378860976311607e+00,	2.01051851966514317e+00
-7.78408991810935591e-01,	-2.70307718425699228e+00
-3.05408668291481344e+00,	-1.86106783438887158e+00
-3.01220350060749187e+00,	-8.37144180333629473e-01
3.01659708642387336e+00,	3.52736948410411877e+00
4.38622949107585480e+00,	2.48796656725401588e+00
1.43799759837259367e+00,	4.20224737557438566e+00
4.22490550465493975e+00,	3.11338348277730370e+00
1.02623731532609286e+00,	3.85648923828694912e+00
-1.64545662507183943e-01,	-1.41759229563909406e+00
2.60169577318971035e+00,	4.55663996119907555e+00
-8.11929275446339638e-01,	-2.39631859964439586e+00
2.61127454461906883e-01,	5.30950375687584319e+00
3.53025808068842828e+00,	1.05658550302278886e+00
-2.00658810677265320e+00,	-1.20314006238231608e+00
1.83270849129603897e+00,	3.72156712661565559e+00
3.98469375925577518e+00,	3.75676500755777099e+00
1.50376543238819238e+00,	4.12321482825868912e+00
-1.56855283867293371e+00,	-1.45241779542456828e+00
1.31085671207192100e+00,	1.87205686868437948e+00
2.81767954766608542e+00,	3.71753776233778765e+00
3.53325675150845342e+00,	4.94174954384946119e+00
2.06693249117676636e+00,	2.48019778424476911e+00
4.60249204312821458e-01,	-1.78073488389489443e+00
3.64479365661419941e+00,	1.27803395475758852e+00
-3.10430295862124117e+00,	-8.69156717249485622e-01
-1.86123322237425359e+00,	3.53565474916214040e-01
2.32335770492671312e+00,	2.18583194822719795e+00
-2.29465978748558275e+00,	-1.33066329324828247e+00
-2.18357926172035022e+00,	-7.44529326083685383e-01
-1.23787064805794578e+00,	-2.72922734468880934e-01
4.53376949365848381e-01,	-2.51667180095558463e+00
2.26728535191465408e+00,	3.52898796839366735e+00
-1.01233938674930535e+00,	-8.07407953917343435e-01
2.03734807748631219e+00,	4.74691560463543016e+00
-1.64573215129052564e+00,	-9.67464983915265253e-01
-1.49139007093111298e+00,	-2.01985697193438174e+00
3.20124750214698395e+00,	1.88451268998322208e+00
-1.78981324819069942e+00,	-2.19013426738174743e+00
-1.92545594371528050e+00,	-1.76293468173943824e+00
3.72410843796795499e+00,	3.29926013180307010e+00
-3.29992266593167782e+00,	-7.70170934941459273e-01
2.15603219093725773e+00,	4.67227676654344126e+00
4.80788812762959772e+00,	2.60057379893584617e+00
-1.31596434480343016e+00,	-4.22290061834938335e-01
-8.55794772779604140e-01,	-2.38392072341282635e+00
-1.97401580876890570e+00,	-2.27010638477119109e+00
-7.32742211580314939e-01,	-2.75624320403025624e+00
1.09752176865276496e-02,	-1.26020784491203552e+00
-9.78095673649699737e-01,	-2.54394792234574307e+00
3.87780344997932946e+00,	4.65863736410380369e-01
-8.03679546636765663e-01,	-1.56611017900414118e+00
4.71768779206046407e+00,	3.17142731952518719e+00
-1.25274085697300364e+00,	-1.48320266246285226e+00
-1.86068727230099817e-02,	-9.57413266236631033e-01
-2.17270040581215440e+00,	3.13907081012365641e-01
-3.95785055851899603e-01,	-1.90588569639418726e+00
3.70722314054912028e+00,	3.75267593594535809e+00
-1.08349584945762123e+00,	-3.29567596744068414e+00
-1.78760388056074548e+00,	-1.55176607055381477e+00
1.93040974548222666e+00,	3.94922595189849179e+00
-6.34378998752890721e-01,	-3.07239001049727456e-01
2.08049819676345038e+00,	2.83152534556773983e+00
2.88762458977295244e+00,	-1.87538927281878820e-01
-2.25791823436841677e+00,	-5.90939648647153315e-01
-1.17020925900293493e+00,	-1.22137727155648279e+00
4.87545545291605986e+00,	4.34443404117376986e+00
7.41163018661084028e-01,	3.53175600430560355e+00
-2.06227523396837809e+00,	-9.26575618956723801e-01
5.29990135800013107e+00,	1.83604167564810550e+00
5.66671378116607816e+00,	4.85879555309128364e+00
2.23843119172850669e+00,	9.82405719777562858e-01
3.44255494949136454e+00,	5.63133351418199268e+00
3.24532643678438060e+00,	2.98698564385461784e+00
3.00413144092628093e+00,	1.90858628276084530e+00
-1.90571298216032914e+00,	-3.66653072363652344e+00
4.79565241275248688e+00,	4.50111884356212233e+00
-1.56934694652385942e+00,	-2.85233380134407266e+00
2.86007069515497969e+00,	2.63609526801029670e+00
5.76484592045791722e-01,	2.66627958121402164e+00
9.38053711523937128e-01,	-1.69109387706902625e+00
1.59793114594933172e-01,	-1.17080842223415171e+00
4.72834520283512028e+00,	3.41723529903521950e+00
-7.29076199509373191e-01,	-6.59222509292741732e-01
-2.31641535747150895e+00,	-2.31202625475510626e+00
3.90262595491371567e+00,	1.14355618373742440e+00
4.03906870501863402e+00,	1.77887297671161182e+00
2.34233666216481851e+00,	8.77508639382373890e-01
3.30438379973975138e+00,	3.70053443135432669e+00
-1.64812037332964545e+00,	-1.46660814485440061e+00
4.51156734459420861e+00,	1.49717070289940812e+00
3.65189350778949429e-02,	-1.46598034013998646e+00
2.76052459888984814e+00,	1.18503875626930122e+00
3.73629959694280611e+00,	1.82715507826142298e+00
-8.39355823556446334e-01,	-1.99005476518984281e+00
-5.60052415372559009e-01,	-1.15781946724121876e+00
-6.43806875373875043e-01,	-2.79905868597787011e+00
-9.55950200952648044e-01,	-1.74188392979945172e+00
2.66828770172083241e+00,	2.47229313938516437e+00
4.53518065796487591e+00,	3.64626407897940252e+00
-1.68209198829929107e+00,	-1.47014638043674828e+00
2.38695008953984056e+00,	3.70753582154427086e+00
1.84483570369193872e+00,	3.49073189600507350e+00
1.00587687668550529e-01,	-2.38290502171732843e+00
-3.76829783100573801e-01,	-1.62497207102745622e+00
2.84359196390722602e+00,	4.34872757013874711e+00
3.36293574972677245e+00,	2.47878589483599354e+00
-2.54706503341906298e+00,	-2.30774693624672178e+00
3.08676394856113134e+00,	4.85970572615275120e+00
-3.30568948783114047e+00,	-1.15988025689254282e+00
-1.09458977839762683e+00,	-1.43111813676463817e+00
-2.41627202194924307e+00,	-1.17883601078660583e-01
4.16051945222672437e+00,	3.41172469487204078e+00
-9.54108190819944357e-01,	-2.40145842487465755e+00
-5.93422814706104251e-01,	-9.66776208704253626e-01
-1.71782356953896920e+00,	-1.88473999081106891e+00
-2.37758144452823705e+00,	-1.09325611663141298e+00
2.95282756907965460e+00,	3.31592831197615467e+00
-3.21659219967454924e+00,	-2.14109103452826988e+00
2.53962838320119610e+00,	3.71741522218191722e+00
-2.28391014634493539e+00,	1.00572626399372922e-01
5.41785630990208489e+00,	2.83024447739963492e+00
3.87812946782913448e+00,	3.16869661963656757e+00
-1.05840369100293064e+00,	-1.29014644890017394e+00
-1.27757775087320535e+00,	-1.25236207260168286e+00
2.72078807680860413e+00,	9.97600636087842219e-01
3.45329247154017915e+00,	1.94557640328045323e+00
2.77705047796879656e+00,	2.01971914007643694e+00
-1.74367347028990505e+00,	-1.01146885765156913e+00
-1.76901925233288582e+00,	-1.76420879075307324e+00
1.74072210402534799e+00,	1.73007031188063576e+00
2.73624145850464418e+00,	3.39392981490751744e+00
1.78047330075757038e+00,	3.33815877203651468e+00
-1.12763931903620640e+00,	-1.53479837758037330e+00
-1.82066535446605782e+00,	-2.86586753937254635e-02
5.54445196022952835e+00,	3.14739082432591832e+00
4.41487414318037352e+00,	2.17747914003547738e+00
2.29864305262728941e+00,	2.21691558602267724e+00
-1.35324479517717888e+00,	-2.86757582261143629e+00
-3.28389013343882308e+00,	-3.44747783252030437e+00
-2.54660995247048660e+00,	3.20969047781128669e-01
4.90909508497658997e+00,	4.64453691459079376e+00
-1.41028447292982273e+00,	-1.85982557817256522e+00
-1.60170822730628037e+00,	-2.48515690982875581e+00
2.19781093689454066e+00,	3.27581304773184323e+00
2.51971853978700944e+00,	2.29023918744269217e+00
-1.39547243667418530e+00,	-1.75150836469646531e+00
-2.29033878397070367e+00,	-2.13890174127774069e+00
-6.83181435134016746e-01,	-4.51207739608296521e-01
2.13869865536877501e+00,	2.64218497400516394e+00
3.20469230176400899e+00,	3.40477437804563232e+00
2.90553046573182927e+00,	3.26043157403045214e+00
3.06484493766940913e+00,	3.07956264407541225e+00
4.02316488654197801e+00,	3.95944911995174342e+00
4.73301511064921687e+00,	4.29256215625387494e+00
4.04093338877312558e+00,	3.71344751968646802e+00
3.37513193591007932e+00,	3.35139053196609016e+00
2.28651281795260575e+00,	2.61101200646530351e+00
3.62809583420949977e+00,	1.94486108098583244e+00
2.74705426295929600e+00,	1.98513717799352651e+00
-1.34978553326554684e+00,	-1.77043343384678309e+00
-1.39500652826058302e+00,	-2.65322512878980010e+00
-1.65652927736011057e+00,	-7.36791349357168612e-01
1.92990016128684028e+00,	3.41252918159647178e+00
-3.00370493456587617e-01,	-9.09131846787194831e-01
-1.83300081189516151e+00,	-3.19631310761517362e+00
-2.07740941821496428e+00,	-2.30722299984374413e+00
-1.13398889455980090e+00,	-1.94671412873882232e-01
6.17002434603736827e-01,	-2.56125052768043560e+00
-3.62429467624289892e+00,	-7.92102549685036128e-01
2.88352630603467563e+00,	4.46652887749700511e+00
-1.29559450713512669e+00,	-9.11405354062518214e-01
3.33650379482863357e+00,	4.70863296669528530e+00
2.15382426741961686e+00,	2.34205635055876416e+00
-3.12235647859286480e-01,	-1.31014934768880376e+00
2.19713404857955341e+00,	3.39930031932293986e+00
-1.64139303591271557e+00,	-1.15000234389689537e+00
7.80347260509516083e-01,	3.81033966179107120e+00
-1.93539629383133049e+00,	-3.86898346537523352e+00
2.52230461701754605e+00,	3.54464288215174950e+00
-9.51684091073947247e-01,	-1.09817882823973290e+00
2.59726683649478929e-01,	3.51196832761671418e+00
-1.08945487280918973e+00,	-2.39455138810013679e-01
1.98635185815107929e+00,	1.13467444861479261e+00
3.02095348483050463e+00,	2.62046023603802469e+00
3.13692035147914927e+00,	3.28432047990832965e+00
-2.16789161004707065e+00,	-1.50703983014249543e+00
-1.40881731320120207e+00,	-7.34875694305198390e-01
-1.39658129930339259e+00,	-8.42928801204527955e-01
-1.65026821979461524e+00,	-2.16823047933050361e+00
-2.02908073768399300e+00,	-1.07621999788937406e+00
3.51030800362370776e+00,	2.02157856526482949e+00
-1.52250848060558286e+00,	-1.24925514502968626e+00
3.94988761434000502e+00,	3.77908687418714528e+00
-5.48132372600481421e-01,	-9.51419130487741183e-01
4.51798714268704060e+00,	2.31953422207580662e+00
4.71522121427932550e+00,	2.66409542486483053e+00
-1.92433636448783796e+00,	-2.05524408023452398e+00
1.65910887379795646e+00,	2.69911519554616852e+00
1.22566183573358511e+00,	3.30354580971094292e+00
-1.10095011442317681e+00,	-1.91642047794699111e+00
-1.95581164910979322e+00,	-2.16395035253411372e+00
3.51022829272563675e+00,	3.78926095490981085e+00
4.72841953740337750e+00,	4.61503672127374021e+00
2.05047591600593782e+00,	7.25751365166186435e-01
-1.12688345188360906e-01,	-1.68775493311074909e+00
-2.86263882787225210e+00,	1.91788415293455916e-01
-2.13977188564817178e+00,	3.01469893363314201e-01
3.46801040311815845e+00,	4.25865460391823003e+00
-1.41438635521415224e-01,	-1.46262792746584425e+00
-8.32458354657589217e-01,	-2.50147655440711247e+00
-1.90474440582435367e+00,	-9.48208614970716956e-01
1.98999925435204927e+00,	2.31705154464718710e+00
-1.36934368856953381e+00,	-2.09579849139393648e+00
-1.93463777818530902e+00,	-2.10245260852409466e+00
3.90078339811695596e+00,	4.24368313450727275e+00
1.92223543210904491e+00,	2.71550959400679925e+00
3.80491663554909998e+00,	2.09773171314473439e+00
3.23565243195060281e+00,	4.90406384642267934e+00
-2.90265805096978369e+00,	-1.76728803216888242e+00
3.85589560873151349e+00,	3.31507187562615080e+00
-1.32991791166956097e+00,	-1.60478969784867909e+00
-1.94325105512128271e+00,	-2.79521856177457861e+00
-1.42005126642695245e+00,	-2.75081416246837041e+00
3.28026241751295489e+00,	2.34696900054640878e+00
-1.58455950110571275e+00,	-2.02054323271805858e+00
-6.04402955554284027e-01,	-1.30600759130264477e+00
4.16683292716174591e+00,	2.08441835859355296e+00
-1.23705008485557189e+00,	-2.72658617465560127e+00
3.38620835740189330e+00,	2.15228542146371860e+00
-4.19474746028589029e-01,	-1.40993991354546933e+00
-4.33100811425118026e-01,	4.56613290411489237e-01
3.68407750552304858e+00,	4.36914804335468432e+00
-1.28019202401504950e+00,	-1.99651339576173448e+00
3.23460206206244694e+00,	1.82492522799937174e+00
-1.86381898666158241e+00,	7.62718023904402909e-02
6.87594937644423077e+00,	4.22254745891742189e+00
3.82063981132537034e+00,	3.62307828748984484e+00
-1.62891413402509522e+00,	-1.46620421714371441e+00
2.35101637718307410e+00,	3.44962639269160043e+00
3.34923438215468350e+00,	2.18565476158399452e+00
4.38721498284080180e+00,	4.03333253754264387e+00
-1.96285306041159591e+00,	-3.11416387664872119e+00
-1.45801896002203901e+00,	-1.28608708694806473e+00
3.63794540742352401e-01,	-1.05674665564759573e-01
-2.03507122856934242e+00,	-1.59109364907657835e+00
3.03090765861041733e+00,	3.27538630842428446e+00
-1.82498619457120914e+00,	-2.11167255988893698e+00
-1.50766917654679422e+00,	3.48649989837391816e-01
2.38715146777967613e+00,	3.52133505132931512e+00
-5.98156706460916232e-01,	-1.63099393631822287e+00
2.08021497682508372e+00,	4.27910150326132133e+00
3.41738372281335545e+00,	3.22511294008201421e+00
2.95650337478289460e+00,	9.91695826795664370e-01
-2.01659689445850043e+00,	-1.77440166373363928e+00
-1.39666673962824128e+00,	-2.67705348329758230e-01
3.05757661706767436e+00,	1.67640415493863748e+00
5.50211130062844056e-01,	-1.30124749489182068e+00
-1.47186686716950921e+00,	-1.74070020942076908e+00
2.76303645077494320e+00,	2.79465244377386846e+00
2.90582764854542219e+00,	2.22737913257629794e+00
-2.25600353001553700e+00,	-1.71436025049210050e+00
3.81799940629536216e+00,	2.57736927952705708e+00
-1.08932256939866834e+00,	-1.13486071274567912e+00
2.14680713303039505e+00,	2.98192955385300040e+00
-6.55551631464174056e-01,	-1.73069292965254240e+00
2.53487155655545582e+00,	3.09841057732093716e+00
3.38908125598324528e+00,	4.89901756881359063e+00
8.57098505895052210e-01,	-4.49421058995870037e-01
-1.21744503301356444e+00,	-1.96354964223410011e+00
3.35282064250682987e+00,	2.57461039637962408e+00
5.16546767549539254e+00,	2.93506331000470677e+00
-1.25235264279163250e+00,	-3.18050376134657453e+00
-9.50736215574267685e-01,	-2.45837857059138098e+00
-2.44337122059548850e+00,	-1.12730215167635173e+00
-1.65086669079487880e-01,	3.63938218820466508e-01
-1.74060504490403800e+00,	-1.73719195172647689e+00
3.74830653183660667e+00,	2.60586926327595592e+00
-3.27561810690329791e+00,	-2.18814632045996049e-01
-1.36750608532606899e+00,	-3.12611850873064201e+00
3.30525914276758348e+00,	2.21514279374684309e+00
-1.20333540233832359e+00,	-2.25308269301481623e-01
-1.09780980847468257e+00,	-1.95972449816095695e+00
1.88821518278474687e+00,	3.41014259122257268e+00
3.74258885027708654e+00,	1.95628637506431025e+00
4.05919046794253990e+00,	2.62296878758733865e+00
-4.35451332125991630e-01,	-7.60048553859270726e-01
2.35345029972419573e+00,	2.51033576991585239e+00
5.26828290390672649e+00,	3.23148397423822997e+00
1.28239563169161830e+00,	4.13679823701756710e+00
3.97806106422455885e+00,	2.75598421415663530e+00
-8.92291358551317138e-01,	-1.13909107071716820e+00
4.27552526985103931e+00,	2.84476077034692487e+00
2.98331113146078941e+00,	2.54716535297660140e+00
3.87090718035999704e+00,	4.17143033925884144e+00
-2.17738752442048700e+00,	-1.02338303569002376e+00
2.89183923288486566e+00,	1.09459867162367641e+00
-2.83171751873164279e+00,	-1.48437285426500853e+00
3.33398195579644074e+00,	2.48823702529015200e+00
5.15612852832877522e+00,	4.41412936515617371e+00
2.11281894465241438e+00,	3.19501127044458677e+00
-4.35727559549575538e-01,	-2.07381815949309090e+00
4.29618434604206545e+00,	3.24137004213638269e+00
5.96042304517560328e+00,	3.52517784524292699e+00
-1.29286695088467463e+00,	-2.81025840366765145e+00
-1.95851819334801025e+00,	-1.52166563363782181e+00
2.14510282020098897e+00,	2.55674936830396282e+00
3.61033981694415251e+00,	1.68846123743569665e+00
5.53414651180396078e+00,	4.62651061177714773e+00
3.40198935347615894e+00,	2.03205379481618253e+00
2.92934605663841552e-02,	2.15084751087382298e+00
3.40341983336561338e+00,	4.10898422572929878e+00
3.99176238648614889e+00,	2.73940773004371207e+00
1.79201199481402407e+00,	2.76348615356667615e+00
6.17081129763492608e-02,	-1.03133392979940686e+00
2.95393689042838581e+00,	1.42808812528973572e+00
2.81074574657681486e+00,	2.44060762565118283e+00
2.50058279376358339e+00,	3.97894664425235733e+00
-5.50609291422486935e-01,	-1.71156926112573360e+00
4.70049537331368672e-01,	2.54316611405817472e+00
4.41375068833542272e-01,	-1.21516587565566381e+00
3.00691048551461737e+00,	2.07893470448773954e+00
4.34711427135157269e+00,	1.75642142268742951e+00
-1.71061921891155255e+00,	-7.15387088711486485e-01
2.53517748464728854e+00,	1.35825626272058075e+00
-2.53530509740176324e+00,	-1.32488815924074821e+00
-2.95251854029737348e+00,	-3.27619623444829156e+00
-3.17226169783733480e+00,	-2.60230363518923724e+00
3.28685590154971630e+00,	3.45006444466316609e+00
1.01515008997730161e+00,	1.33656656734484791e+00
-6.84821183617370877e-01,	-1.49986989029879347e+00
4.22223458575290778e+00,	2.41244405075731727e+00
1.77209073558805175e+00,	2.83988742444355546e+00
-1.36145882546690844e+00,	-2.66566252528443925e+00
-6.98340963832062345e-01,	-4.97402016661415258e-01
2.23386626598817584e-01,	-1.46205092655048152e+00
2.66531122728151759e+00,	1.17918025801312298e+00
-2.56211268391338143e+00,	-8.48417968511103515e-01
5.04067928529624787e+00,	3.83183233238813070e+00
-1.46933022493952015e-01,	-2.63881210060171156e+00
8.75962399546288406e-01,	3.17656263309449827e+00
-3.36880020945867109e+00,	-8.52631859890360388e-01
-2.57314775303489451e+00,	-5.67005444559672722e-01
2.96136392035415996e+00,	3.66086815139537647e+00
2.19938606753368315e+00,	2.27717892633662089e+00
2.80548003558191583e+00,	3.63709444508558200e+00
-9.85493785820949042e-01,	-1.62493917806535859e+00
-2.52941028325638007e+00,	1.86930491044916325e-01
-2.43863477623910985e+00,	-2.54373349286822581e+00
3.11915703924665655e+00,	3.24673633734926836e+00
-1.72073736608618422e+00,	-2.96282740264389366e+00
4.78387690679148214e+00,	4.17321220226357514e+00
-1.05246962050120252e+00,	-9.68286725242729185e-01
-2.55124491024042443e-01,	-2.19390886536981267e+00
2.87629906045090067e+00,	3.16782374028158031e+00
-5.33152044990273355e-01,	-2.79268464584432952e+00
4.49652247472317512e+00,	3.92809840102380337e+00
-2.60859392514889743e+00,	-2.89349735723443535e+00
-1.79241413888548928e+00,	-3.55805113202877665e-01
-1.07405251837733595e+00,	-1.51996969291082418e+00
-2.20279895703656425e+00,	-1.57454364791260581e+00
3.82422510395363746e+00,	2.49390943282775357e+00
-6.16203459150250210e-01,	1.13414425042178246e-01
3.58285164219903685e+00,	5.03748357674313674e+00
2.89581499604369030e+00,	4.04557038623536158e+00
4.76594969641773858e+00,	3.20524975162313419e+00
-7.47417248781775179e-01,	-2.50470472302378910e+00
3.80906786805038733e+00,	3.27175658745594733e+00
-5.21521607370416418e-01,	-1.52721924169187639e+00
-3.46473490267893069e+00,	-1.34405278366078318e+00
-2.81752407524479498e-01,	-1.74335114691934012e+00
2.60333048463068284e+00,	3.23612060386790024e+00
4.46458475701453494e+00,	3.82385108325748480e+00
-3.94568881075956313e+00,	-2.15537664675458229e+00
2.22915448739822963e+00,	1.76419975094785442e+00
-8.30229228032179356e-01,	-1.88886163434102583e+00
3.42408970142421021e+00,	3.26289557813613573e+00
-7.77678670815869610e-01,	-1.55481360645130162e+00
2.78904363792261956e+00,	4.01869761589111718e+00
-2.57911371625989005e+00,	-1.72550480071961720e+00
4.56160265856587444e+00,	3.11585550101049513e+00
-1.67788360637536416e+00,	-1.84733573761701519e+00
3.20953912253865914e+00,	3.28006221533564624e-01
4.35842475345446712e+00,	2.47025299551057964e+00
4.00254718929194908e+00,	2.27600902283019169e+00
-8.76706165748907251e-01,	-1.92171766466482974e+00
-7.08473975213367191e-01,	-8.22532430891673827e-01
-2.43973740309151887e+00,	-2.42131186176679503e+00
-3.17814979560554933e-01,	-1.33484839275549128e+00
-1.24660196018644642e+00,	-1.68160343620675579e+00
2.07111224220606793e+00,	4.06001148915935861e+00
4.79768800183610988e+00,	1.84952332049000079e+00
-2.09220847438901414e+00,	-2.49194038161625731e+00
2.25768563612487050e+00,	3.94620909543111198e+00
3.13796585528393779e+00,	2.07877573664288917e+00
-9.97302468813582532e-01,	-2.10787421652319695e+00
9.97839675095311129e-01,	3.62311495477061163e+00
4.35993346291314054e+00,	8.36699582182096613e-02
-1.86580721048363940e+00,	-2.09388195037670899e+00
4.71148276150585676e+00,	4.17516225126466356e+00
2.93448798482486461e+00,	3.72449954483902212e+00
2.92849942495997206e+00,	2.32150996375345020e+00
2.91277164796421939e+00,	1.45434223328172352e+00
1.84604645622011287e+00,	-3.96841123675925722e-01
-1.56782568898409824e+00,	-1.73101508977626994e+00
-1.36000134026671571e+00,	-1.93244708722230429e-01
3.05108393418112467e+00,	1.96922678909337345e+00
-2.69181723268193807e+00,	2.30985875491032111e-02
3.16898540968170606e+00,	4.00099301881808245e+00
8.22761673303903596e-01,	4.41608120331719256e+00
-1.89431081930999001e+00,	-2.47714701009923921e+00
-1.68715113089170488e+00,	-2.35447994698144658e+00
3.84380579715800863e+00,	4.65531920134531241e+00
-5.50855084319271104e-01,	-3.03315154673004894e+00
2.55119290520461384e+00,	3.68333538217630352e+00
2.87886083562046080e+00,	1.08457510252839495e+00
2.67642054074085944e+00,	3.31453637913980925e+00
2.16959624142136276e+00,	2.76139658691139056e+00
-1.94726870825753773e+00,	-1.21060713666941755e+00
3.35983080998841599e+00,	1.73006313764321784e+00
3.34108353022423898e+00,	4.63169247508083526e+00
-1.41405771883800568e+00,	-3.11650992714106900e-01
4.10117737836833562e+00,	2.63426371475998744e+00
-3.19431975970789805e+00,	-1.67371153511471071e+00
-2.14422338440900262e+00,	-1.71145814519112482e+00
2.78497762547016237e+00,	2.72001881442412818e+00
-7.14557429672182054e-01,	-2.08482871994566654e+00
-1.63953325230041713e+00,	-1.93236640122730630e+00
-1.72164793847885811e+00,	-8.32285846591655498e-01
2.73761609228439218e+00,	3.30804961419732857e+00
-2.26706630254273556e+00,	-3.18083508394929382e-01
-3.12789331062244802e+00,	-3.30823239311356154e-01
-1.33519728078292577e+00,	-1.90115235468215760e+00
-1.94324146170405077e+00,	-2.40148052341084783e+00
-1.35935166954933062e+00,	-1.19654104980940756e+00
-7.40852655678665983e-01,	-2.02333170499298998e+00
-2.05842501358406871e+00,	-1.75329276477218965e+00
2.35237926847608358e+00,	3.47788744232465152e+00
2.91265048370410673e+00,	3.04450973387922819e+00
-2.42971865032825241e+00,	9.69179574964793566e-02
-8.54737185350767592e-01,	-2.08000568770280836e+00
2.73304459166293690e+00,	9.28555272696423017e-01
1.48467980030909752e+00,	2.02962732117163736e+00
-4.16768993818657840e+00,	-7.22786561553561691e-01
-1.75900447400686555e+00,	-6.03384620327674148e-01
3.05521626423380743e+00,	2.15419389764281854e+00
2.71711759230269490e+00,	1.92593821693608769e+00
-1.54853476090785680e+00,	-2.06324342132697502e+00
-8.51743027074302828e-01,	-1.15406928853353907e+00
3.21166138441641502e+00,	3.54661482291407637e+00
-1.98549358798650211e+00,	-1.86238071456058685e+00
-2.81699077900718686e+00,	2.00174043701088156e-01
-1.69584316704712945e+00,	-3.09428218568468427e+00
2.90393405333511501e+00,	3.21679324992125837e+00
3.22082827555091145e+00,	9.61415077523122275e-01
3.82542905027104485e+00,	2.83789218386141284e+00
-3.55851293588117734e+00,	-2.11953870116712606e+00
-1.95912833830684097e+00,	-2.13731449860998080e+00
-2.85065629045814806e+00,	-2.49992400841474360e+00
-1.58927890046766307e+00,	-1.83953685868173844e+00
-8.61930864750182213e-02,	-1.39005093429129589e-01
-3.73112557324068339e-01,	-1.33253441489034219e+00
2.44544684423049175e+00,	2.62404243989574137e+00
-4.88390586702537099e-01,	-3.61504912494306430e+00
2.53647802588426874e+00,	2.27608073628233321e+00
7.51167856878608209e-01,	-1.18401383861948872e+00
3.43435377618933968e+00,	6.31664448674058132e-01
3.80912412650579491e+00,	5.11771659403423840e+00
3.55992665276407383e+00,	1.19767521892050866e+00
-1.34640236121188783e+00,	-2.31471086610452303e+00
2.67395890959119731e+00,	2.77537964449216767e+00
-1.22919762778580521e+00,	-1.12915339591856734e-01
-2.00873875886753961e+00,	-2.84329453062056814e-01
-1.52808491034438099e+00,	-8.56312221164398424e-01
-1.49469439469595389e+00,	-2.82012535993568036e+00
-1.16377391043114908e+00,	-3.51804237321481805e-01
1.89508220819255846e+00,	2.44172096817357165e+00
-1.12669551479781749e+00,	-1.26221372619116012e+00
-1.10784230556527508e+00,	-2.06816505476561696e+00
-5.60876996235943004e-01,	-7.90801384605000157e-01
-1.95472749393784584e+00,	-1.49372633269644584e+00
2.15985005378100281e+00,	3.33374947541023081e+00
2.21547143134570179e+00,	1.79189860571469017e+00
2.66715587858037573e+00,	2.55275867772987208e+00
4.12287544146109841e+00,	1.76161895573426652e+00
4.81747828871369865e+00,	3.49257827426370282e+00
-2.71524165305572662e+00,	-1.20285983954663966e+00
-2.49837860802008560e+00,	-3.70507488510536387e-02
-1.26122703750935194e+00,	-1.66663193199184478e+00
-6.97265798962480976e-01,	-2.74760263729098941e+00
-1.58647185351870967e+00,	5.52432074131103956e-02
2.05416510058868296e+00,	2.91259642541100439e+00
2.58732891312417834e+00,	1.83088575091050632e+00
-9.42929379912155419e-01,	-1.37772364981972872e+00
-9.03874391401137900e-01,	-1.76685271629935836e+00
-9.30439107606043980e-01,	2.21746730270705239e-01
-1.38557628605183392e+00,	-1.71937810945551384e+00
-1.51222670233227929e+00,	-1.71177735295073852e+00
2.27491495867196925e+00,	3.69752586756343860e+00
1.58585348538344673e+00,	3.09637875437833809e+00
3.65661340547489289e+00,	5.38397427365812220e+00
-1.30134077960468675e+00,	-1.46821799185411073e+00
1.07006018058463193e+00,	3.81910671509702704e+00
2.82962744518950515e+00,	3.23848167871435288e+00
4.61621627233808862e+00,	3.42708188968190575e+00
4.78864806492380879e+00,	5.35707990973955539e+00
3.16799763546142010e+00,	2.35257292879060920e+00
-1.39941981854217201e+00,	-1.87929204151156748e+00
-1.81133718719616743e+00,	-4.39266569380000194e-01
-9.54191735146920350e-01,	-1.30974427436040175e+00
2.92967892264743268e+00,	2.85260485844002831e+00
-1.11947055857522626e+00,	-1.19754425616520921e+00
-2.05832813626967903e+00,	-3.20812463885842547e+00
2.84058825350450839e+00,	2.54522376063505362e+00
-1.88915249658593543e+00,	-1.51688660484471294e+00
4.41268383938889786e-01,	-9.63700442177229166e-01
-2.91800495477721178e+00,	-1.04376345460281650e+00
4.88501504919351781e+00,	1.91857974097909989e+00
-1.39025823983199270e+00,	-2.04702568733328594e+00
2.99643584240719596e+00,	1.21749800718293910e+00
4.42181846679676660e+00,	5.94472096825530816e-01
2.69118435910749332e+00,	3.77592964659630237e+00
-2.61821358880900412e-02,	-5.62430830093233358e-01
3.23486705994492274e+00,	2.53900392744584602e+00
3.19844126618321933e+00,	2.01740194321398647e+00
-3.77216149416196966e-01,	-3.46055708070666679e+00
5.25436974367157550e+00,	3.48168913261343560e+00
-2.85574076131583610e+00,	-1.00975830686377144e+00
3.57487651620095770e+00,	3.75349761587475061e+00
2.11084072396364020e+00,	1.84879271617779262e+00
3.42899266100807676e+00,	1.93637876325331271e+00
2.09497918955514173e+00,	4.17857784533513321e+00
-1.59254502403989706e+00,	-1.48061596314117039e+00
2.60122465287871663e+00,	3.07611263825004411e+00
4.11392082928352121e+00,	4.33949906859931467e+00
-2.17413560266300721e+00,	-2.55417608595036949e+00
-1.21787899318666470e+00,	-4.21974224218324201e-01
1.61134882386865574e+00,	4.37234771754390916e+00
3.28498809115752533e+00,	3.81837931497588823e+00
-1.54173967232221965e+00,	-1.58649902523958963e+00
-1.15015548812201041e+00,	-3.29659424690006420e-01
4.46650622997577873e+00,	4.72623947343479944e+00
1.42812991705594072e+00,	3.34973253265773252e+00
3.76536187467638506e+00,	2.33417120156925195e+00
-1.85950646529170216e+00,	-1.99753254218651177e+00
1.26996694670710841e-01,	-4.23702612496480446e-01
3.14190049414283790e+00,	4.40760561460596634e+00
-1.37538294745251988e+00,	-8.62008596980383124e-01
3.36808554556404349e-01,	3.24384108396399773e+00
-1.35866887143641302e+00,	9.15293970347749841e-01
2.37662479961935968e+00,	4.03763917720217336e+00
2.34330261176984855e+00,	3.37939526520810407e+00
6.21426967556319454e+00,	2.12451166961834170e+00
2.39582003675437427e+00,	2.73372275616239291e+00
3.85267229736587735e+00,	1.69763513003909194e+00
3.91026361063007499e+00,	2.53535419335344070e+00
4.27007747025942841e+00,	5.06367859756594996e+00
-1.55954544963237640e+00,	3.07710697815486434e-02
-2.38054874345542844e+00,	-5.29305737320789449e-01
-2.45125989935336719e+00,	-7.38250513084396820e-01
1.70055781193525912e+00,	3.39398890337197034e+00
3.25924498007675245e+00,	2.51592738114169201e+00
4.40189998622697320e+00,	2.54561110080550224e+00
-1.89519966033775722e+00,	4.29036868224109025e-01
-9.80069430507591877e-01,	-3.74072711125382273e+00
3.66278111170921417e+00,	1.31427038804230545e+00
-1.93037125264786402e+00,	-9.21898369163093534e-01
4.35038947627839079e+00,	1.94662394317311893e+00
3.82201045038872289e+00,	3.27198702694161980e+00
-2.14394396392590192e+00,	-1.46595822999024872e+00
4.45283903692597072e+00,	3.56065162357445741e+00
3.03008238188149903e+00,	2.82942640167788095e+00
-1.91051735415828183e+00,	-1.35331219588593177e+00
-1.39017386230947926e+00,	-2.11414519068571494e+00
1.93894893461099782e+00,	2.44307840827917344e+00
2.66799633230808420e+00,	1.68227501718689787e+00
1.78386494017870922e+00,	3.00388825660772296e+00
-1.49812676445250470e+00,	-2.33938474782535399e+00
-1.64695693190632819e+00,	-2.28933381506994182e+00
-5.30096428563284872e-01,	-1.34859079928369496e+00
1.32489901408982313e+00,	5.43241315781297995e+00
3.05748187655464765e+00,	1.29255152442980603e+00
2.45661821860448937e+00,	2.72366786324563792e+00
-2.77571091292725303e+00,	-8.80691127034710197e-01
-9.07506483312273571e-01,	-5.29398445909934012e-01
-6.98952592821637020e-01,	-2.05547750876601665e+00
-4.63852093838974300e-01,	-1.73085046859664438e+00
3.74135200874201823e+00,	2.91061714404160421e+00
-2.00824675734971025e+00,	-1.46583739136282998e+00
-1.81619615213895735e+00,	-1.56823901722948378e+00
3.18279051716640504e+00,	4.27615051237034294e+00
-2.18913408370947948e+00,	-1.74034919662852605e+00
5.06769462887405453e+00,	2.41491003043296582e+00
-2.14465862885339353e+00,	-1.14068283049401242e+00
4.32520309149075199e+00,	9.13645900503878838e-01
-1.00814944404137918e+00,	-2.03682042415056097e+00
2.42082599518207209e+00,	2.63579085526616508e+00
3.76648874856676175e+00,	5.08278885235507527e+00
-2.02142505154130658e+00,	-1.50993705874712747e+00
4.10267259881071666e+00,	1.08184956465098625e+00
-5.56058987693908380e-01,	-4.93745068758472350e-01
-1.82945938479092307e+00,	-2.42493392717878820e+00
-1.48159374730684124e+00,	-4.51186946154369162e-01
2.79572486098290440e+00,	2.87119682091950379e+00
-5.62421794332982783e-01,	-1.69443171587348052e+00
1.75801483212334020e+00,	2.84479720081460297e+00
8.69803773620465126e-01,	1.50014186185162601e+00
2.18460927401462790e+00,	2.89166840224304078e+00
1.97509848203954186e+00,	2.95686399510449416e+00
-3.77387266772783514e+00,	-3.14456373370235287e+00
1.77187406584767593e+00,	3.42722937527939342e+00
-2.20142893356174030e+00,	-5.06951205909361491e-01
1.57156485373800336e+00,	3.08938589853507883e+00
2.10406675426285927e+00,	4.85658704398849306e+00
4.37175130178445492e+00,	3.19100407587801760e+00
9.76658180863307024e-01,	3.20442205607610298e+00
-1.39833262122185342e+00,	-1.70622844465148282e+00
-2.28731908935309969e+00,	-1.06071100515219219e+00
-1.03812941982847806e+00,	-4.95968028177182774e-01
-6.39815428409591380e-01,	-2.38800538036101084e+00
1.98210282502304369e+00,	-3.48568494578032073e-02
-9.37084874792473821e-01,	-2.80473511478857684e-01
-1.60405038634088948e+00,	-1.30770295228832989e+00
1.14236958527843502e+00,	4.74016613881325632e+00
-1.18470087810365499e+00,	-1.62089422279707618e+00
-3.21245218167799385e+00,	-3.69979958761624861e+00
-1.16868078604424475e+00,	3.24866699991220420e-01
-2.43319673152949267e+00,	-4.37203156184475583e-01
-1.79681531620278090e+00,	-1.76399824094587476e+00
3.39103146877803585e+00,	4.44616541009994570e+00
-2.49366408253830052e-01,	2.76486115041390113e+00
-1.37315098004216374e+00,	-1.32329089050867355e+00
3.38698776132644808e+00,	2.94186283230721335e+00
-2.47518144073764956e+00,	3.89698537188676530e-01
1.75431508947268133e+00,	4.93736332241554976e+00
-1.30893720823846205e+00,	-3.49014999765391742e-01
-2.36480644068054380e+00,	-1.19690814230195053e+00
3.58156305998086966e+00,	3.27590325027445450e+00
-1.95537823627672580e+00,	-1.80140750144588413e-01
1.14174748939109083e+00,	2.12359684429640616e+00
1.77847418562195614e+00,	2.60211373047629957e+00
-1.55134193373324569e+00,	-3.55405958521038956e-01
2.82959393817912108e+00,	3.47271429452066105e+00
2.90710212535509882e+00,	2.49947126285513699e+00
4.07312192076998425e+00,	-2.11990360954388279e-02
-1.74845183766626522e+00,	-1.92215979840496209e+00
-1.20010531790107455e+00,	-1.28871786075307626e+00
-1.32149380349655354e+00,	-7.02340352191927808e-01
-1.99710217512564170e+00,	-5.03366172095726316e-01
4.24200670262348201e+00,	3.84870625438230762e+00
2.94351666261990363e+00,	3.32622938721832595e+00
3.05903395758075280e+00,	3.09884880077780434e+00
3.52519205181004214e+00,	5.06799408526466344e+00
-2.02273771945339309e+00,	-2.83432893663043561e+00
3.13100098648923764e+00,	1.72854320069591916e+00
-9.88795698603120332e-01,	-8.56864198529279086e-02
-1.97434855423029232e+00,	-1.00222854950778162e+00
3.59584968333441246e+00,	3.38455460835909339e+00
3.21549683188669322e+00,	2.79423419921584637e+00
3.21451360669409558e+00,	3.37060119843320205e+00
2.97536091445153561e+00,	2.04641991462114303e+00
1.91474040614737340e+00,	4.81969285422995330e+00
-1.79836761682032420e+00,	-1.73186430184103379e+00
