1.41321169052306295e+00,	1.04327105789007016e-01
1.97964374229316387e+00,	1.36064375476472943e+00
3.22899602146606490e+00,	-8.40921556186017827e-01
-9.64536955822020925e-01,	2.83323660680617984e+00
8.59477039691263545e-01,	3.11745470716478901e-01
2.01353625212997445e+00,	9.11393329575997280e-01
1.84243556576586975e+00,	2.72299932061931971e+00
5.19623980591403689e-01,	1.19245355461922026e-01
3.51249860890651266e+00,	1.09934917850721536e+00
-1.21604869372402891e-01,	2.13043251868197014e+00
3.97901880411791087e+00,	2.70707092737708599e-01
8.71663548049568943e-02,	3.96427340029756792e+00
3.73406122081634351e+00,	-5.05288974620417664e-01
1.46628346782021080e-01,	-2.84318650191821298e+00
-3.58621218500244698e-01,	3.25046912602108984e+00
2.34044801626590093e+00,	-8.07054705753486146e-01
3.84159777465360097e+00,	5.32109116081642242e-01
2.97880356450300976e-01,	9.91137923073461935e-01
1.07381072031005637e-01,	4.15933944960151525e+00
4.29887858492294850e+00,	1.09241983195604697e+00
3.24330861242759161e+00,	1.05359993363172988e+00
2.96780736353962959e-01,	4.00267610152329034e+00
1.29682456778222188e+00,	2.12596858578129844e+00
-7.98977556031102765e-01,	2.60383220035938656e+00
5.80958227599904475e+00,	-5.20740461504546448e-01
3.99165383876595037e+00,	-8.74914177327057674e-01
-8.63140496700108839e-01,	3.40599094400126123e+00
3.08783092548144866e+00,	4.28515071819052640e+00
-1.14419460454864330e+00,	4.79012119581366846e+00
-3.12961296975779846e-01,	3.55523962965460516e+00
-1.24779327045431376e+00,	3.32600271509890222e+00
2.70973290967429570e+00,	1.40516410107402168e+00
2.19503251690124079e+00,	-7.55580744307094987e-02
-6.42172296337268578e-01,	2.41893998773993246e+00
-1.93488756135948375e-01,	2.33999632923472589e+00
2.62421009463194066e+00,	4.77328972979615962e-01
1.44058247922422589e+00,	3.33117088467519507e+00
2.59680021521310023e+00,	1.29241368409781465e+00
-5.74055581630549261e-01,	-2.61500480396246182e-01
6.02700351001739465e-01,	3.63550144471975045e+00
1.35178506155556755e+00,	-7.06804669545452513e-01
-4.53438970924252671e-01,	-1.01983897544071334e+00
6.42331397786434444e-01,	4.05570789135393284e+00
4.09471862808427645e+00,	1.04481575758340983e+00
7.66630194646696017e-01,	3.14917424739531970e+00
3.73814553983434550e+00,	1.36205174342914548e+00
3.09143139071616835e+00,	-1.22662791823501371e+00
1.19759631089908658e+00,	4.16237407188420061e-01
-6.81077372062839914e-01,	1.07954821744230167e+00
1.76391481276663198e+00,	2.76010954754102089e+00
-2.38789249532315084e+00,	5.91807645100975388e-01
-3.51543544629159543e-01,	-1.59248174258622255e+00
4.02459164103169531e+00,	2.19395188476798619e+00
2.78635550829092749e+00,	1.54561723328773004e+00
3.42527986718988320e+00,	2.87316205074681585e+00
2.09911362955148784e+00,	9.33726762462042448e-01
-4.14012140144665808e-01,	-3.61813072083485898e-01
1.62463953217225665e+00,	1.39520330147442850e+00
9.84721878680439255e-01,	2.94048858946973768e+00
1.83605466303301590e+00,	2.37232346175753062e-01
2.33784771548858261e+00,	3.46655712277763284e+00
2.98355820477990985e+00,	-6.47697715492982717e-01
-6.83544903851899810e-01,	4.22586484332046730e+00
2.29038280179186948e+00,	-9.36829258433631518e-01
-5.03034277138448171e-01,	3.83881422561273844e+00
-6.40532210696889592e-01,	3.88370475932477177e+00
-1.60907746003364105e+00,	1.20971868358895041e+00
1.64719928862740050e+00,	2.27700442836181516e+00
3.02619514100897291e+00,	1.55394698473384318e+00
1.55057841020921638e+00,	5.98267483860323246e-01
3.62647587156734019e+00,	1.60702573594571674e+00
2.15753467568064039e+00,	5.16493183965555436e-01
2.32447813305451945e-02,	2.82177915296728354e+00
1.78665393766235847e+00,	1.42622431014178774e+00
5.11424470821113353e+00,	5.19630630789693848e-01
7.25692663998779963e-01,	-4.50128317135363942e-01
7.34915006816883154e-01,	2.49455589947197520e+00
9.16147808336058161e-02,	-3.08794871700919682e+00
8.16230051430099524e-01,	-2.64426584849821122e-01
2.89197725712359155e+00,	2.10588666159610671e+00
-8.63741880910095072e-01,	2.59229578243057646e-01
-1.00742262450502040e+00,	-3.62488388798141825e-01
1.82213795894153785e+00,	2.20821277965792806e+00
4.71096801243785501e-01,	1.08155906603072682e+00
1.18589838050345264e+00,	-1.48503603999269584e+00
3.01487998394097989e+00,	1.84052909291758016e+00
1.85710795476338975e+00,	3.81825891743952539e-01
2.28144283367339673e+00,	9.63949271449204170e-01
-8.70606872562730838e-01,	3.73780289492766560e+00
1.96150989271129639e+00,	-2.41131848051396591e-02
3.74912269341654136e+00,	-5.66620221553218895e-01
3.07925304680316048e+00,	-1.92070470690107270e-01
1.16952042343925713e-01,	2.38582240454293482e+00
3.51083496662891026e+00,	2.59776568756375781e+00
3.37733100455792989e+00,	2.80784119917016595e+00
3.37938805849938007e+00,	4.37814152726595740e-01
2.28053147877105844e-01,	4.09941616411121590e+00
1.75098245473161374e+00,	-1.29684803760673595e+00
1.18946482144051801e-02,	2.90854365592866726e+00
1.29468533743759728e+00,	4.18996700913988018e+00
2.15398545123720853e+00,	7.19156867017291535e-01
3.05221630080273254e+00,	6.04636241445503542e-01
4.50943052112414566e+00,	-1.10563402184326920e+00
-5.14329834757695503e-02,	3.26532786533082486e+00
1.26038613343917572e+00,	4.15984468473850644e+00
1.82843369974815040e-01,	3.24356664979607379e+00
3.53861231747590654e+00,	1.46508751695090211e+00
2.85928778580584986e+00,	7.81573294083865888e-01
4.82269127888450733e+00,	-1.54250180560343164e+00
3.11775960424100995e-01,	3.45518764577073645e+00
-1.17175665842600796e+00,	3.01507102416117112e+00
2.02608817304756972e+00,	4.62997823776166939e+00
1.45522462966272248e+00,	1.40404080253517360e-01
1.07533502642902046e+00,	-7.93416291303153054e-01
2.32040873615709797e+00,	1.31569377113353148e+00
2.92923492467696001e-01,	2.02254659348835020e+00
6.11223657731685133e-02,	3.92052864911620969e+00
2.91586556030852950e+00,	3.55102823644050436e-01
3.44182648732365326e+00,	2.92700809807918105e+00
2.60056940430382744e+00,	-2.76398643996696891e-01
1.88593744982547690e-01,	3.53274991326868060e+00
1.62663553075081557e+00,	3.32861276479675450e+00
1.88586785800784196e-01,	4.20131853302919644e+00
1.64719209847054748e+00,	3.26514883177209114e-01
1.80959296408637638e+00,	5.42308782940159384e-01
7.59094863831598632e-01,	2.36662090880355169e+00
1.04789405544465808e+00,	1.47539716262219622e+00
9.86486125137939623e-02,	8.31326712703634674e-01
1.49202691296570128e-01,	1.54111027321977317e-01
2.30935585633635254e-01,	5.30970254086236659e-01
4.40552085222772893e-01,	2.00831163604536655e+00
-9.36806372814271815e-01,	9.96109884607493945e-02
-3.98445533552176601e-01,	1.87487178297307611e+00
4.64717473311740403e-01,	2.72452532666711589e+00
6.09279233091285163e-02,	2.44442210604516497e+00
-8.64472123335947584e-01,	2.90168357569629043e+00
4.15963893406942553e+00,	2.00265799546636480e-01
-1.82463882481637002e-01,	2.90194104368705563e+00
-6.00297622663923058e-01,	3.14096831645402164e+00
-5.59922458866260797e-01,	2.23782307519546819e+00
-2.15229113632036312e-01,	4.43460328016484517e+00
8.95090884666485120e-01,	3.53458841491502707e+00
1.22152744492781973e+00,	2.34148148477507068e+00
8.48446370665908001e-01,	2.73082294786022972e+00
-1.44943918190738180e-02,	3.42701857506137741e-01
1.13890155330166332e+00,	2.36700362930652108e+00
3.13690923256342780e+00,	2.87677520434356682e+00
-1.02916087356419594e+00,	-5.21906395277684898e-01
1.11605509430742122e+00,	3.30115933796892502e+00
1.77684594664706541e+00,	3.12373267105553598e+00
-3.07945968327660802e-01,	-3.32310391724858767e-01
9.10573261438048842e-01,	1.89711432052613183e+00
1.49630307188504275e+00,	1.21251100744666918e+00
-7.78406289809211005e-01,	-5.45548306189196253e-01
6.43540019723819579e-01,	-1.44412691459635334e+00
3.44953383965695881e+00,	1.68718760774749388e+00
2.23387364294259427e+00,	1.71681699776336161e+00
4.19357171855737576e+00,	6.67683175597549999e-02
8.33487362621424088e-01,	2.10442960946476987e+00
-1.17747673985643883e-01,	-9.54489527353701406e-01
1.97757027298093901e+00,	2.27335162085824649e+00
1.30803913534499805e+00,	3.06758810688477235e+00
-4.91488977229857182e-01,	2.96348120666596770e+00
-4.98210234396462115e-01,	2.91432935459169684e+00
-4.78485733005612202e-01,	4.45496341817952501e+00
-1.44251286557837144e+00,	2.72004399399051033e+00
1.68560786880203439e+00,	8.22889943700619964e-01
-9.18533520713022855e-01,	3.15511878565377879e+00
5.63636292926445925e+00,	-5.81298751742885922e-01
2.70132543581095197e+00,	-1.16529003282660054e-01
-1.15785097965100323e-01,	4.04697810016810422e+00
8.71839763164215409e-01,	3.67549428501175862e-02
3.89480898902380179e+00,	-5.67541186640842854e-01
-1.17946374566866141e+00,	3.38558365691825047e+00
4.78728108063635027e-01,	2.34048833776071952e+00
3.50511069854726243e-01,	3.85161212298190625e+00
3.17249551954969267e+00,	1.56322603647704117e-01
1.69206307131927969e+00,	3.48315451883844318e+00
2.40188399168770550e+00,	-1.70887462742357915e-01
-1.31526412135533266e+00,	2.00833679923755293e+00
3.17215907587327051e+00,	2.01971178421865050e+00
3.83372288411945972e+00,	2.43428030753059590e-02
5.38599434716990899e-01,	5.40846255632509099e-01
2.54334440572901374e-02,	3.16982002165643850e+00
2.55389078124989410e+00,	8.89641990544030481e-01
1.01675075514685287e+00,	2.80797376787497788e+00
1.41464628741532455e-01,	2.59115253621650066e+00
4.67255055635248440e-01,	2.73744884843116765e+00
1.95245463952738937e-02,	3.43393821814437850e+00
2.21295544335107952e-01,	4.28018436069259511e+00
4.25293262791069715e+00,	-1.37827964206119380e+00
9.10855432273637522e-01,	1.49522546808127643e+00
-2.02489219657323494e+00,	-1.58479000709553630e+00
3.71201694463775753e-02,	-1.73229562569372164e-01
-2.22637847909050146e+00,	-5.39475123696982403e-02
1.86284375381699685e+00,	3.34170790772922199e+00
2.47067693714677228e+00,	1.04761410094663457e-01
3.36600229264221529e+00,	7.49399845315279922e-01
2.13407018797616344e+00,	-1.33272100082420653e+00
1.25334202959157603e+00,	2.95970797497098337e+00
1.60488285302464129e+00,	2.48510991851835872e+00
2.90163013510281997e+00,	1.63799043969071478e+00
8.43195762161922491e-01,	4.56690916686636805e-01
4.13351429177880991e-03,	2.59712147102366098e+00
2.60790256284384216e-02,	2.57623662372650175e+00
-1.60503261238308270e-01,	3.59740476934749243e+00
2.43666501388439460e+00,	5.35960402451567730e-01
1.96709298992318982e-01,	2.05848630404185862e+00
3.36193918495503707e+00,	1.17172113673533351e+00
2.63065611224161788e+00,	-1.91927851724902149e-01
1.83344583859568783e-01,	2.22500872390327986e+00
2.02193657549126904e+00,	7.62895474529231454e-01
6.76628036193309912e-01,	-2.60012629830472408e-01
5.15612177214574974e+00,	-2.56546455904494275e+00
2.98694398702566366e-01,	4.05117157590147769e+00
3.99141838660197257e+00,	1.73679262664288084e-02
-2.38013928792860607e+00,	3.00740435364207803e+00
5.69076427209838087e-01,	2.02697361364429529e+00
2.08631039798987006e+00,	-4.52171235023382578e-01
-2.25279710635062624e+00,	2.96342014710901758e+00
-1.39445921351318081e+00,	3.02539150726282191e+00
4.18489305566071224e+00,	2.00588346840462145e-01
1.18517676015359541e+00,	5.44938524600027563e-01
3.96322548727279456e+00,	1.19445872233761685e+00
3.76606128372576432e+00,	-1.66386373160924617e+00
-2.05978965150002713e+00,	3.27878679020233488e+00
8.14629272768972346e-01,	3.08517707290670642e-03
1.52328680001113459e+00,	3.26351683666756243e+00
4.56333591631428437e+00,	4.33080842897173135e-01
-1.27465284781904908e+00,	3.64537574787838281e+00
2.55730206988963360e+00,	-1.09530634731126608e+00
2.78333758136430287e+00,	1.10022013153771092e+00
2.64766683096110400e+00,	1.18442956178100478e+00
9.37070185678677420e-02,	3.14628942762954367e+00
-1.24586604264715728e+00,	3.20179907063054703e+00
-9.30638132527509487e-01,	-1.33534479840513098e+00
9.51119142383157090e-01,	3.19658778357463058e+00
-6.54411011736223180e-01,	2.44576543383486644e+00
2.62178200431873831e+00,	1.22552933071799619e+00
4.29525290445869334e+00,	1.05138600986477782e+00
1.29595752876327658e-01,	1.64536713099304510e+00
-4.91543977289434886e-01,	2.64979525772980917e+00
8.11573377703189491e-01,	3.61409858562897135e+00
-3.43176795066122087e-01,	3.56865648834954996e+00
2.06382869008825437e-01,	-3.54138437116531091e-01
1.56970592065400760e-01,	-9.35991762328264726e-02
2.76844897220765462e+00,	2.13143562873099057e+00
5.35852184136196286e-01,	-5.77048298965608941e-01
-6.56665118817173710e-01,	1.29332619027391105e+00
-1.17294265697328193e+00,	5.34802196325365076e-01
-3.62662229901133726e-01,	1.04260583624182349e-01
-1.61405859879227759e-01,	3.18976521466862462e+00
3.18995321026033452e+00,	-3.35496792182663761e-01
3.07352422990299745e-01,	1.16367659157693359e+00
-2.80938664852105890e-01,	2.54768802630651869e+00
2.86191779905178478e+00,	3.62401076160546953e-01
2.51519112542699785e+00,	-4.37921256755570365e-01
-1.27173161114128885e+00,	2.79242892872379755e+00
-1.84397825152047035e+00,	2.92441069103414097e+00
1.97692157217318853e+00,	1.86763285637747467e+00
9.00764830550379314e-02,	4.10080173544997262e+00
-1.17146999740611801e+00,	3.02821981355162695e+00
1.84547495500888947e-01,	2.35053695222204251e+00
2.50974564103892295e+00,	8.26748726399181733e-01
-8.60887603793477396e-01,	2.24664752741739671e+00
2.53619740837705132e+00,	2.31319295367805999e+00
1.40845063325751529e+00,	-1.36505474279329220e+00
-1.30495729370177083e+00,	-5.53856483990559201e-01
2.14079474898901267e+00,	1.82808236602654484e+00
1.51291387090783758e+00,	2.18740805485632084e+00
2.22501124238028414e+00,	1.79734548136673467e+00
1.40358139139745375e-01,	-3.52482112364695344e-01
4.15268646004002839e+00,	-7.63172943279666782e-01
1.79668496572061076e+00,	-3.66112548242812363e-01
1.39283784864314653e+00,	1.18208402183020578e+00
3.56838229212641611e+00,	5.86516545284154867e-01
3.78662190908147966e+00,	-1.47173722325842560e+00
-7.76811018185926905e-01,	1.33932046895332046e+00
-2.85685206720812768e-01,	3.93606847323397435e+00
-1.10653569296532628e+00,	2.77100764909927344e+00
5.64214756059596589e-01,	2.53382517340812674e+00
9.77414784046206353e-02,	3.29749758625576295e+00
1.39728430521350111e+00,	3.00489702274973736e+00
1.17432017980888936e+00,	-2.63233487728885596e+00
1.39407815925660072e+00,	2.24666616071207992e+00
1.33052751740039632e+00,	2.36048185482444151e+00
-2.01985230101105723e-01,	3.32100825809513278e+00
-9.82673689418593677e-01,	1.86639978171979437e+00
7.41203157344771379e-01,	9.82517154975598217e-01
-8.14158349343631182e-01,	4.17313261452761797e+00
-8.31227677213632887e-01,	3.64708907343751498e+00
1.59742582720231630e+00,	1.07808813935718423e-01
3.79800645324018182e+00,	-2.33814242899188590e-01
2.73691023445839354e+00,	1.25632239887292485e+00
-2.53618365966433013e+00,	-1.01176347407512823e+00
2.30340993803606564e-01,	7.08857608470968126e-01
3.67854604911073857e-01,	2.31639959677847479e-01
-8.40027113019201077e-02,	4.06157747139441483e+00
1.09835599920299853e+00,	1.43743008268036032e+00
4.36226462239950985e-01,	3.01056738385835798e+00
3.02604808877425757e+00,	2.87540454966467607e+00
2.54587113098652473e+00,	1.34524016279705583e+00
-3.09158638567977651e-01,	-3.15271377297485222e-01
-1.22280667493418793e+00,	-4.53666121108900589e-01
2.31685211879325914e+00,	9.58919799307742293e-01
1.82512537029454358e+00,	1.91837324331903858e+00
2.73868725936949975e+00,	3.15360529419317093e+00
8.62012418627170263e-01,	1.82841996394039891e-01
1.95634016741910433e+00,	7.37953702409934076e-01
-1.02463015634277488e+00,	-1.96219383069109743e-01
-3.72267085735291658e-02,	3.39141332514050431e-01
9.03476446392118410e-02,	-4.45801381008784303e-01
3.30194880947826164e+00,	2.02558930045302787e+00
-6.28872891375157339e-01,	-8.30325064915087618e-01
1.51390263885492238e+00,	5.34969460259248283e-02
7.82877937297118742e-01,	-1.14456976171993197e+00
8.90481261759436427e-01,	2.93935933062761068e+00
1.99358223467177376e+00,	3.57579985478592643e+00
2.32058640182849163e-01,	-2.98967732080421600e-01
5.91654324331527537e-01,	-1.44837157086941737e+00
1.97092269064484404e+00,	2.25871911385166291e+00
-5.50856318259700713e-03,	1.82383865622019381e+00
-1.10640747626721228e-01,	2.40365290559405453e+00
4.67516307959947319e+00,	-5.32833419434710964e-01
-1.23361846403292441e+00,	3.08131690738334862e+00
3.60753799343148263e+00,	-1.29324178726388173e+00
1.62619639167684360e+00,	1.13078186720885143e+00
3.34401396447993093e+00,	-2.07347894307086167e-01
-5.00113473887957682e-01,	3.61139574707313393e+00
3.89933035876521661e+00,	-1.93801028039894629e-01
1.17031962476154661e-01,	-3.19750085615588320e-01
4.12426445974478284e+00,	1.96747684247574361e+00
1.59881457012271744e+00,	3.40874065531986403e-01
-1.25609690487972947e+00,	1.50514681966311736e-01
2.58093078810687659e+00,	2.30021440323589754e+00
-3.50992278198843155e-01,	1.57943746265438789e+00
-8.17464786558513623e-01,	5.15875288192160109e-01
5.78238347521534690e-01,	1.40717187463907090e+00
1.35847069081548399e+00,	3.25010276182303759e+00
-6.31072179252895271e-01,	1.37560113181295351e+00
3.65537982807295592e+00,	2.21910059088174716e+00
2.15334669848740257e+00,	9.81121126583188174e-02
1.44293238443240046e+00,	7.41408164800048564e-01
2.93151428429198901e+00,	-2.50461359922214521e-01
4.65751181252923097e+00,	-7.02780484955136009e-01
-1.06781319847233336e+00,	3.20791191365066775e+00
1.23698269424049356e+00,	1.19491521516696864e+00
2.16995399132056788e+00,	-2.56855816082512789e-01
3.59587814128612182e+00,	3.03514089485183547e-01
1.40394590580700407e+00,	7.07138733711474399e-01
6.05285137546061280e-01,	1.53099081891532052e+00
1.52736544993933565e+00,	3.76399629688473070e-01
1.90645889095614918e-01,	5.01866555224266264e-01
2.02980166235099224e+00,	4.50588004531747366e+00
1.44533952327860016e+00,	2.60327808345644973e+00
-6.30882569938350457e-01,	-5.53168896472910565e-01
3.09298680054580742e-03,	-4.05562872639461558e-01
1.85194994654420930e+00,	2.83791522754488934e+00
7.14287221329105160e-01,	1.80671204018451825e+00
4.87194556851652472e-01,	7.88967641153522359e-01
4.45176264506014885e+00,	-9.37968788569161216e-01
2.01257731477446355e-01,	4.24425989434236151e+00
4.64549340123188326e-01,	2.21875521784534246e+00
-1.02456757714418267e+00,	2.55932292806839312e+00
1.15117114320487213e+00,	1.05715691882886409e+00
1.89993920834557239e+00,	-1.36530721922710420e-03
1.44749499033863804e-01,	1.45632096883504425e+00
1.21499179428466419e+00,	3.31522044564862561e+00
1.64431054376639429e+00,	2.15089664610949161e+00
3.50813349971648503e+00,	-3.27242369804913946e-01
4.03864665257295208e+00,	-3.87047267002268325e-01
5.74169720104360626e-01,	3.49593391217893057e+00
1.14147554655168637e+00,	5.08410190619469748e+00
4.44364854217929128e+00,	6.98372698937850145e-01
3.12239719036758512e+00,	-1.58438078891413281e+00
3.60194836436832944e+00,	-2.36019737382922534e-01
-7.39763771572583106e-01,	3.41898374742357891e+00
-3.85279713592387940e-01,	3.71608796892614412e+00
5.98635670765040317e-01,	3.88062759386555323e+00
-6.18698446380256284e-01,	1.80704663093490003e+00
8.17217172634371547e-01,	2.78196155714826254e+00
4.84456663088419504e-01,	3.93762044032274972e+00
5.40605248295168739e+00,	-3.13270081267152189e+00
3.00427743442922379e+00,	-1.10279079945823002e-02
1.06733637581225915e+00,	1.29214157423498932e+00
2.93616406941310881e+00,	1.49270884234326351e+00
2.88032171791256308e+00,	1.02259679482366250e+00
-7.08232075810427797e-01,	3.90723053691558375e+00
8.17108955668867765e-01,	2.61270289570967407e+00
1.82563313954555517e+00,	3.47306769655074787e-01
-1.29754719106820349e+00,	3.31349244725685299e+00
1.57244751086543899e+00,	2.80791880880179523e+00
1.19098070021904090e+00,	2.51397072168500657e-01
-1.16202656432184614e+00,	2.83875890252264007e+00
4.57933280011777200e+00,	-1.54562658996610452e-01
1.28216072270582560e+00,	2.42458676529586858e+00
2.83587806292815436e+00,	4.72434356697841007e-01
1.87154124330434835e+00,	2.90653971509470255e-01
-8.46911527441151224e-02,	9.82119060815281553e-01
4.89995542472155654e-01,	1.60825918316955363e+00
2.49710252857855863e+00,	3.03223720543483566e+00
-1.61598455992634293e+00,	-7.19482582548856109e-01
-8.84105070209171284e-02,	1.49062153345587839e-01
3.60127229528118686e+00,	-9.30023240487147573e-01
4.49092092944462529e+00,	-2.83493763974600688e+00
2.64656970204043329e+00,	-8.44146910681806251e-01
2.94118860414115613e+00,	1.25476981661004161e+00
2.38993348326456267e+00,	-1.28370558569488202e-01
4.43561413382782987e+00,	1.84827780418044152e+00
1.23305578620431078e+00,	2.21799747936286895e+00
3.57620473517765447e+00,	-2.17168318346601746e-01
-1.11073549404126448e-01,	2.06946845735474083e+00
3.01288184841240536e-01,	2.92233261111419784e+00
1.24041516103804828e+00,	1.78476094714278166e+00
-5.73121012728752710e-01,	4.51515321126448299e+00
2.86165548577126350e+00,	-1.38217653959121711e+00
1.44513496053306142e-02,	4.35812211141399608e+00
7.84632138024652814e-01,	2.57778163518663472e+00
6.50662760767377946e-01,	2.90856261899828938e+00
7.06819642857956176e-01,	2.59395055784671502e+00
3.92747003192376931e-01,	1.19125292167248364e+00
2.60861125839939811e+00,	-1.20264642263166785e-01
3.09889773932847712e+00,	1.37569701496263019e+00
6.09890285979736602e-01,	1.34590497283937549e+00
-3.87354640474884826e-01,	2.04220487246589588e-01
-1.24214379132544650e+00,	8.32231799548534129e-02
-1.14080228921980706e-01,	-8.55114938332896646e-01
-1.80051602452661341e+00,	1.96340984445573552e+00
3.28612224108690398e+00,	2.27569166060581335e-01
-2.22548497295699144e-01,	3.48147464756229397e+00
-8.85431712871884574e-02,	2.81295868544631578e+00
1.16252140225081790e-01,	1.98192074295718834e+00
3.01974025778510047e+00,	2.17900051118191218e-01
3.54799925293558971e+00,	6.33713407130881534e-01
3.54349426725117000e+00,	4.14671638927896102e-01
-8.22469714993104839e-01,	3.36435204283839573e+00
-2.80424650952154408e-01,	3.29662363032148908e+00
6.70723362535331491e-01,	2.74671071984308179e+00
1.79276502530141646e+00,	3.49260934515722665e+00
2.35697906246763589e+00,	-3.09466679329806704e-01
2.98250775345850583e+00,	1.14486675496899573e-01
2.44955661691657323e+00,	7.26693592733612115e-01
-8.27970054930067589e-01,	2.48020848711918518e+00
2.27266873610829601e+00,	2.29479018529095002e+00
3.88321622971703029e+00,	2.84512803064016406e+00
2.57305072177520522e+00,	-1.96032272512237671e+00
2.47561162807365998e+00,	-8.26412509051717259e-01
4.51421639496441873e-01,	-7.36105114783171532e-01
1.56747145802116550e+00,	-1.54526302463823351e+00
1.20527777526778279e+00,	1.81532213189358593e+00
4.25005069342737585e+00,	3.30170683305601786e-01
1.26523883235897072e+00,	7.87373563997604275e-01
4.55986003474041723e+00,	-6.85566205316843091e-01
2.97063200756455936e+00,	-5.56213238350074857e-01
1.95920464259591198e+00,	-9.96394508267944623e-01
1.86695950059796290e+00,	5.39935471550787360e-01
8.28742048421433619e-01,	2.54202777962442727e+00
-3.98225983979852594e-01,	-1.17317114131391384e-01
3.33199581645347465e-01,	1.05615891359189779e-01
-9.81273714188820367e-01,	2.73938912263833867e+00
-2.10123077911659983e+00,	3.21201894398616039e+00
1.33345893002712468e+00,	1.56429194568212449e+00
4.06022860313036382e+00,	-5.75410795671488451e-01
1.33374374250380290e-01,	2.94715654129061377e+00
-2.52494686736920659e-01,	2.24741929145317787e+00
-2.46025490934693103e+00,	3.67335200896040215e+00
-1.14014312680614949e+00,	1.09848515562210003e+00
8.26746211097747069e-02,	9.16418093198872186e-02
-2.50435025490048813e-01,	-2.31402723660609011e+00
8.33415865504043674e-01,	3.97670664913024385e+00
2.40931483773362443e+00,	-1.21276400019075553e-01
3.85227741017980352e-01,	7.35949109408881252e-01
3.77255891229823304e+00,	2.19589725806074082e-01
1.49535056796651133e+00,	4.56375072356344891e+00
3.95231529452768515e-01,	3.23561050550645390e+00
4.50919652363168932e+00,	2.27736944202534319e+00
2.23244167956499195e+00,	8.56806762902087571e-01
-4.42376065964292187e-01,	3.46861515792210939e+00
4.58591480046527344e+00,	-4.78113981819387135e-01
1.34106449876840145e-01,	2.22414476553787877e+00
-1.04847573230061730e+00,	3.12077328048204761e+00
-1.10006730076178783e-01,	2.78014258721422225e+00
-1.72431631297674648e+00,	2.69776544680361985e+00
4.13281347345302130e+00,	-8.48820540624803943e-01
-9.97276060843609313e-02,	3.43835817968055180e+00
4.02584570618553172e+00,	4.66799506545247933e-01
3.22966326028260808e-01,	3.59092747965563142e+00
-1.40900621045851282e+00,	3.68614089085890129e+00
3.50097062634322675e+00,	-1.10304255107555527e+00
-9.92972032084957490e-02,	3.42915716135085091e+00
3.78309601519646321e+00,	5.92714984941328904e-01
2.46939844357700977e+00,	-1.53547206984508522e-01
-1.76254041847236764e+00,	3.47743946842455820e+00
-1.03667388369883895e+00,	3.52512975479073321e+00
3.01352818864882765e+00,	2.20087551219766586e-01
3.31079092923905760e+00,	-1.15522688502331672e+00
-1.37262252136190643e-01,	2.69003953766295734e+00
2.50088609483028890e+00,	1.01826032605504846e+00
1.92740860422165761e+00,	2.51903958048403709e+00
-1.17250183853541134e+00,	1.74094336373120018e+00
2.34038018250884816e+00,	2.37446002791496191e+00
5.94635119580807572e-02,	9.64738063851687810e-02
-2.33294112984304247e-01,	-2.38034867607821610e-01
-1.09373659432449322e+00,	6.41415623280497282e-01
1.26396910413882968e+00,	-2.28984229470449475e-02
-1.05850406500903826e-01,	4.07244680223559530e-01
3.27691533290306181e+00,	-1.02798416655131164e+00
3.32390837230247871e-01,	2.72374409741428458e+00
1.55842997273233058e-01,	4.03533955681659950e+00
2.95303499896767407e+00,	-2.04433876021079008e+00
4.22091080383617800e+00,	3.10595187025750352e+00
1.17540323384579137e+00,	7.69895219101799588e-01
-9.19327916853081017e-01,	4.10721170441172312e+00
1.22851804650973051e+00,	-2.37359525260030707e-01
-5.93281201112443091e-01,	4.17271504850260477e+00
1.24342457146354746e+00,	2.69454836993982605e+00
3.10520005026965890e-02,	2.16383322764304209e+00
3.23344923535524753e+00,	5.42512017724330109e-01
1.49636858526112332e-01,	3.50517759408959595e+00
3.67681307571355731e+00,	2.25488995529397357e-01
-8.87416260632780451e-01,	3.01286235197899810e+00
1.47354267548216150e-01,	2.65964531824428940e+00
2.71549776290726319e+00,	-7.65071049738061393e-01
-1.84546710456248553e+00,	-7.40674478811476189e-01
-7.15347733942145181e-02,	-1.17230769702969362e-01
-4.54065658580813936e-01,	3.23539973161550831e+00
1.79153169324335049e+00,	2.41995399572207859e+00
1.12908541236311377e+00,	2.15130766690841524e+00
1.70642806704830674e+00,	2.11505331599929658e+00
2.25611490311337759e+00,	1.42327263627223721e+00
4.42700360143875038e-02,	8.58328906278572168e-01
3.64553697184281011e+00,	-1.74691330826650648e+00
2.79916063410329219e+00,	5.09879081559404645e-01
1.04980005296967094e+00,	3.68689710483683708e+00
7.85564659933683074e-01,	1.31970703737467998e+00
4.31236498649515365e+00,	1.38772140064695315e+00
7.58842729301445584e-01,	1.98363827707382745e+00
2.73389063913072405e+00,	3.59999655723421075e-01
1.65412151668989371e+00,	-6.04779835074096134e-02
-2.34193418110467427e-01,	4.03292543760580546e+00
1.89789071361828217e-02,	2.37099148606513843e+00
-3.57019052385986191e-01,	1.87847841791656811e+00
-7.97919141467078985e-01,	3.19838238553622523e+00
4.12857096500339171e+00,	3.76238130289024086e-01
2.91184618200482870e+00,	1.63028806723117792e+00
4.66772192640046268e-01,	4.34779735199604112e+00
-1.21064510516451240e+00,	2.63386994601034230e+00
1.31052177492480992e+00,	4.41437554221743778e+00
2.92011976237609661e+00,	-1.81779543071705657e-01
6.89901062975828649e-01,	2.53286026853722124e+00
3.16866361103793015e-01,	3.02280408715037874e+00
3.70687743417218218e+00,	1.27027286012653562e+00
1.08540902055693023e+00,	3.21877977259747539e+00
5.67916388402347572e+00,	1.41460090052078161e-02
2.12589231136612744e+00,	3.20596260266688415e-01
2.51014166974161812e+00,	-5.76801875456691038e-01
2.59528262960978129e+00,	-4.90716977393255593e-01
-1.14309739948208100e+00,	-2.17689628665630908e+00
1.30196637049116193e+00,	2.27374943562148157e-01
5.36599502100658099e-01,	3.44943468388374419e-01
-4.14672220428036309e-01,	-5.82492223986656121e-01
1.42012910223341571e+00,	-3.38379109150367507e-01
2.05214289591407084e+00,	2.26895226010487683e+00
9.37768209562110711e-01,	1.87505700905349282e+00
1.58575420881347795e+00,	2.07127135339256752e-01
9.36864593089300923e-01,	1.55218830930923102e+00
2.29481136494667437e+00,	1.09023043500833383e+00
3.54457166108561506e+00,	3.48040689792067059e+00
2.53797801435333259e+00,	2.05291645999696204e+00
1.44829404963722597e-01,	1.16936878101305752e+00
1.16366413832756499e+00,	-1.32603898930467734e+00
5.17049484944082982e-01,	5.83545973393798434e-01
2.31271363158632370e+00,	1.51873228630323642e+00
4.14856826806208900e+00,	9.92516423492659894e-01
-8.15479436353503839e-01,	4.04679477100388496e+00
5.43239302847936978e-01,	4.72902173153712457e+00
3.29394099608523394e+00,	-7.38150550472622680e-01
-4.86277710038178435e-01,	4.42409469247766296e+00
1.48532346204112531e+00,	3.69577692028726323e+00
2.55390570708952991e+00,	8.67133846988567991e-01
1.04010326609150949e+00,	2.97244649026608387e+00
4.92559789372167689e+00,	-1.75518479906139002e+00
-7.95083252158844574e-03,	1.47792750840515374e+00
-9.27874171058251984e-01,	1.04508315246816785e+00
1.54178115270498628e+00,	1.87787847983049394e+00
2.12361692908976307e+00,	2.32754221802515104e+00
2.54453084948442454e+00,	3.45932722679061744e+00
-1.18366828950621428e+00,	2.95837428286572710e-02
-7.64037297207841526e-01,	-2.69347272308535635e+00
4.94610009156277453e-01,	-7.20981454886190920e-01
1.62197900276061180e-01,	2.03700442583483454e+00
4.33915047148417221e-01,	2.19454959188810017e+00
7.06641652524189978e-01,	-2.42432351736569851e-01
2.13260128297454443e-01,	2.67955602540007254e+00
3.08772328322311829e-01,	1.82231769899733131e+00
6.04853314432627354e-01,	-2.27350733082734591e+00
6.60202799645053240e-01,	2.20216937355168563e+00
9.17273856847289348e-01,	2.14272041614059150e+00
-8.43497082153762068e-01,	1.52491045207406931e-02
2.48995321264757230e+00,	2.36217020892087382e+00
-1.64049366258732399e-01,	4.61156631783773918e-01
3.32603100981363076e+00,	-1.08815873366769567e-01
-1.49874238509058511e-01,	3.99511677038227120e+00
1.82099480516753331e+00,	8.63777920536200172e-01
2.24812010493780345e+00,	-1.16536727760800796e+00
3.02588727276535518e-01,	3.33316776892014133e+00
9.71535055823754212e-01,	2.66172829757117313e+00
1.49967680173561524e+00,	4.78145205418075303e+00
1.76227889389776560e+00,	-8.46311229532068499e-01
1.31344195488682303e+00,	-2.58583083122587098e-01
-2.62770828493457520e+00,	-4.24883324902140591e-01
1.73087606763355484e+00,	-9.68921528604562154e-01
4.36053222350096181e+00,	7.20701775136716738e-01
2.78215970332486817e+00,	-2.69605877311867159e+00
8.18415433330122344e-01,	2.32118596439416303e+00
-5.70692882725870113e-02,	3.38624960251645879e+00
-5.97782876239642547e-01,	4.44535550622886610e+00
1.47046555156120218e+00,	3.07912325540848908e-01
7.80450144154571146e-01,	2.71934178242413305e+00
1.23267776292095999e+00,	-1.54689358123398374e-02
9.91410121793038557e-01,	2.61869359409791924e+00
4.77534019613912886e+00,	-8.27075179769443114e-01
2.97544060974755498e+00,	-1.12499530592868879e+00
2.79336931687297518e+00,	-6.34996723065922142e-01
2.48130612758424851e+00,	-2.54545787967090131e+00
9.90341956524974587e-01,	3.77513069840848559e+00
3.41832760447818051e+00,	-2.66340464890819806e-01
3.05771418617091673e+00,	-8.81685524681657729e-01
1.63786169894179889e+00,	3.87063120288428175e+00
-8.11919996463658644e-02,	3.72482955829071383e+00
2.35558274753155494e+00,	2.59565716175792804e+00
-4.18411329372549878e-01,	6.26811075309528620e-01
1.63459235475908682e+00,	2.13364768853841591e+00
3.64060601519620941e-01,	-1.30224456199422828e-01
2.38075748642777629e+00,	1.80373180390425825e+00
2.52192335135961931e+00,	1.91625959891075670e-01
3.35826956011582967e+00,	1.24496000196219470e+00
2.94276256993392282e+00,	-7.18593219406635786e-01
1.96857680123731837e+00,	9.48974118627290530e-01
4.60643082473618737e+00,	-8.27350856798168444e-01
3.94318974621398088e-01,	2.63214706240806917e+00
4.80332950187768226e+00,	2.83662662197491589e+00
3.91958318385671634e+00,	-4.44516862299308591e-01
3.93683665702861108e+00,	-5.49487459228007236e-01
-1.07045231145038078e+00,	2.45085884815855470e+00
-5.58014419055589572e-01,	3.78771672878616572e+00
2.73761421842755004e+00,	-4.97454322842241115e-01
4.02085097155559712e+00,	-3.39942110082360860e-01
-1.71207841948145023e+00,	3.55562016265670877e+00
3.52030825482825882e-01,	2.74392377985606473e+00
3.47801733586849160e+00,	4.65108906399212074e+00
2.18338768010538531e-01,	-8.30660596242888571e-01
2.22891001197406613e+00,	3.16188748619735627e+00
2.71757239785237426e+00,	3.23132823649879164e+00
3.00999462786857652e+00,	1.59794284449327106e+00
2.26297003015057641e+00,	3.73726056993286626e+00
-1.11698405013800994e+00,	-7.53446579568936153e-02
7.93607918779820953e-01,	-3.15071268774522129e-01
8.67965517767407047e-01,	-2.13331126538236404e+00
-4.79892968733896530e-01,	1.43143991067203213e+00
-9.02077654878787438e-01,	-6.85430050109898992e-01
1.01889021007900404e+00,	1.08612879484707325e+00
7.75029652636010757e-01,	1.60966218078847589e+00
9.17793634129052349e-01,	9.46870434901947000e-01
-5.55430199051588969e-01,	-6.44301285063556106e-01
-1.54262999406110435e+00,	-2.45389286106325127e-01
6.11868684756391668e-01,	1.51200949801032980e+00
1.39330033400623465e+00,	1.24613024078617940e+00
2.01859141499110972e+00,	1.97254190216782477e+00
1.27806471974691904e+00,	1.50921521907639899e+00
1.64919384779377132e+00,	1.75658683189390175e+00
1.27253280171213845e+00,	9.66372891751266838e-01
-5.07863760946661302e-01,	-8.58622698256093719e-01
-7.90469734652991418e-01,	-2.17664713779709029e-01
1.32162949534858076e+00,	8.55448400670035358e-01
-6.25542486862974090e-01,	-9.87129819264356168e-01
-4.26712516235500106e-01,	-2.08066519267711625e+00
2.32604854190041799e+00,	-1.11408401365954712e+00
6.30027514468330163e-01,	-1.34999919264382956e-01
1.49399861587463567e+00,	1.88529951831897957e+00
8.84329990813840783e-02,	1.89591668189967155e+00
3.30794458369766264e+00,	5.80152868230971785e-01
-1.99362548124138839e-01,	2.95146529013393843e+00
2.77382022693719055e+00,	-1.71573809965306884e-01
3.73745036377169271e+00,	-1.26407520290555797e+00
4.64725304843990195e+00,	-1.53678959984241148e+00
-1.95857221354563960e+00,	3.35645191024599310e+00
7.60019219528778600e-01,	2.08445495288795213e+00
-5.27293093736083129e-01,	2.72830147783018706e+00
5.55660611854176145e-01,	2.10391603752977963e+00
4.07895912748910128e-01,	2.92046332894029614e+00
2.71977186583834019e-01,	3.88868413459021145e+00
-7.90376869474611832e-01,	2.95090516729087815e+00
4.06051226054547953e+00,	-4.22049268198612104e-01
3.70572849793702197e-01,	3.25840079676602690e+00
3.00906701653902342e+00,	-6.63135369697369748e-01
-3.85417862468666994e-01,	3.52882894755381660e+00
-5.39935199384629527e-01,	3.71025522683722331e+00
3.13726850030366400e+00,	-3.49435374408359145e-01
3.02370533528087160e+00,	-5.01020773336512293e-01
-2.09946079556403564e+00,	3.50263126928738755e+00
-6.38783586931599867e-01,	2.11975602605358526e+00
-4.54511962749722442e-01,	4.48789269463458496e+00
3.96599037652370257e+00,	8.35276378616050197e-01
1.33669188551526164e+00,	4.56767679321813258e+00
8.11619168710198124e-02,	-1.75894868586077825e-04
1.20233320941938809e-01,	3.94138790111391257e+00
6.41243893708329571e-01,	2.74628334742917701e+00
1.83760194278738992e-01,	1.89595529503464166e+00
-1.81623444650945431e-01,	4.77996612578527902e+00
3.24009878347951474e+00,	8.12154061051622689e-01
3.09135306514513619e+00,	-5.59208470565729018e-02
-2.12913928031258193e-01,	3.13990690678237483e+00
3.38778995863371524e+00,	-3.30441930249844362e-01
1.32047730380268025e+00,	6.64487538056734328e-01
4.74947703549829114e+00,	-4.57911748180607814e-01
1.00820842763353702e+00,	3.21338481907573437e+00
2.92331830441490714e+00,	-2.14978023996556677e+00
-1.80533257857745189e+00,	-1.32331817984814193e+00
-1.16069952691390621e+00,	4.56782896231004099e-01
9.23546302503857192e-02,	-1.47015771233729747e-01
3.44380024803989038e+00,	1.78996256762260519e+00
2.25039467960031070e+00,	3.65317099438195836e+00
2.09242021510832210e-01,	3.58105506379624405e-01
1.36836482889828703e+00,	2.13060112142039237e+00
-2.10584949149849210e-01,	-1.48900050379279104e-02
-1.97325976952247184e-01,	3.04353692505980322e-01
6.08298385518237339e-01,	5.18028706634550473e-01
1.62904922218550530e+00,	1.25314191333846958e+00
1.31407613015279034e+00,	2.17846612460535383e+00
1.41493920379020599e+00,	2.77491638363962023e+00
1.35129523388195327e+00,	1.19894888199525429e+00
-8.47131044242141917e-01,	-1.57483262751401476e+00
6.40248862587526668e-01,	2.38498776482520114e+00
-2.09004315225189652e+00,	-6.41432114977791623e-01
3.80088512467888862e+00,	1.61289138382533603e+00
1.33919862209939255e+00,	1.04052360125430021e+00
1.34572337374464324e+00,	-2.08988639675908749e-01
-2.67731542637578701e-01,	-3.30893158229143391e-01
-1.60935738994613131e+00,	8.42945448302539702e-01
1.58132792067265115e+00,	2.68024380160718678e+00
1.74464359503830391e+00,	1.41729782843126118e+00
-1.97260250235477913e-01,	6.44151295401756641e-01
2.01345363921344678e+00,	1.03427547658794894e+00
7.69752570094753175e-01,	2.07293796729369939e+00
3.64674584693346515e-01,	-2.12860849118076745e+00
3.59458929117299775e+00,	1.77056957221226541e+00
-1.17159519455337713e+00,	2.32258550742728886e-01
-2.76998580050835130e+00,	4.50092714112055925e-01
3.77401604843502092e+00,	-1.72917981092521300e+00
2.98401851629356107e+00,	2.23718096794336997e-02
2.64536755332649953e+00,	-1.30545968551375169e+00
2.26725923534587359e+00,	-6.65646569517454600e-01
2.98014410465360591e-01,	1.05170686235642658e-01
1.11658933833980556e+00,	9.32616613114933268e-02
-5.82244748715051164e-01,	-3.50743401164755400e-02
3.47314812291763308e+00,	-6.57607520199085860e-01
3.20001555977913155e+00,	-4.87192344282012968e-01
1.72445854232166362e+00,	2.18151956124688162e+00
3.39019623967683525e+00,	-4.95405596078584531e-01
2.08213344335956219e+00,	-2.12143439985869930e+00
1.51588201489378571e-01,	3.68182911311098238e+00
3.31870512725222255e+00,	-1.56681011766553002e+00
-3.25256424289381063e-01,	3.33695674792708274e+00
4.04208613375711323e+00,	-1.82861005075328452e-02
-1.27350346187859120e+00,	2.14180272908664326e+00
1.08161220447568907e+00,	1.60920730299005132e+00
1.88047790271265747e+00,	2.43766275035628005e-01
2.02108147435327679e+00,	1.12030397281991001e+00
2.08227749370962467e+00,	1.83956172959514674e+00
7.95144742439769514e-01,	1.35856260413325325e+00
-7.61489549351350492e-01,	-6.61535306599969841e-01
-1.67203453566606797e+00,	-1.35339253448855468e+00
1.31216410462565936e+00,	2.93149596123146150e+00
1.59175398451644612e+00,	-1.26856182828043895e-01
4.84718174054979967e-02,	-3.46827991369236976e-01
-7.63297541544207259e-01,	-1.51431272031906927e-01
4.29807706763411013e-01,	-5.59663585187018198e-01
1.26734844161261839e+00,	3.53570150171232456e+00
2.44768062855619029e+00,	1.25625176255740323e+00
-1.32491805569954324e-01,	2.11300181910717311e-01
-2.20457968167447538e+00,	-1.01827928996069983e+00
-9.46817425076456942e-01,	3.52832393004610001e+00
2.80039436394466712e+00,	2.45499250002340208e+00
3.61783577622401165e+00,	2.97039286853050832e+00
-1.73587624634810922e-01,	1.17421873839800583e+00
1.93002978766327549e+00,	-1.38373219121229507e+00
2.06875417138042650e+00,	-1.98407372943365057e+00
-4.02418529332921660e-01,	3.83789922369740655e+00
3.93205853636322900e+00,	-6.73399825290605047e-01
-6.99365849511773163e-01,	3.33414609194922917e+00
-1.56037126736937526e+00,	2.47804687254042655e+00
8.96163127898932377e-01,	1.24933433380488879e+00
2.09098752597010984e+00,	1.88858609151727364e+00
2.17321152219340252e+00,	7.50413481951421102e-01
3.01812264062658153e+00,	9.26910782839065583e-01
-5.73777405758552281e-02,	2.76887370524503185e+00
2.98676469227331243e+00,	3.05736107780575228e+00
1.50309692152207131e+00,	2.39932896436592857e+00
-5.86328495121242410e-01,	3.06617570766755165e-01
6.66856970493296508e-01,	3.58179375861437554e+00
2.65993852142806730e+00,	1.12246719382629356e+00
2.65489255881728603e+00,	1.40502921122385804e+00
4.96103442041906106e+00,	-2.42099197102914748e-01
2.58849332298287127e+00,	1.32019186799397104e+00
3.10449287256964901e+00,	4.65403412802841532e-01
2.69341690895390196e+00,	8.92424765885257543e-01
5.94626170179818447e-01,	-4.28639757143743139e-01
4.04610037421747282e-01,	-5.87963788690076150e-01
1.07131812898095902e+00,	6.41393337495196891e-01
-7.36477546104986169e-01,	-1.28891125308440158e+00
8.07787430669195894e-01,	3.07199001016169193e+00
-5.71152579969614771e-01,	4.24511002385795777e+00
4.04925178514062267e+00,	-6.17429333959580662e-01
6.78925906718277627e-02,	3.52491471729897876e+00
-2.33740127167247694e-02,	2.45302321186977812e+00
6.04909056119555366e-01,	-8.58748145907529015e-01
-2.70579613346513570e+00,	-9.47352055030229900e-01
2.27070227664482305e+00,	9.64055565554496674e-01
5.10418065927225051e-02,	3.06365962753977961e+00
1.29801425091566713e+00,	1.45520774614653892e+00
1.04771844102584955e+00,	9.18078957502015514e-01
-1.75393657596484398e+00,	-6.23773198665595469e-02
4.90613047221318710e-01,	6.27410480400274584e-01
-1.99004339010269149e+00,	4.59502993064593690e-01
1.19638263098915676e+00,	1.30031902977520053e+00
2.61859815644248384e+00,	-2.19285324877450893e-01
-1.29372644772620982e+00,	3.77026204570703172e+00
-1.16727760555532745e-01,	-3.34659649337861853e-01
-6.05635236918664499e-01,	-6.82937377012993729e-01
2.60876079108914949e+00,	8.95470487622578526e-01
1.73595693478732604e+00,	2.24692454729261781e+00
-6.65949713486344241e-01,	-2.33288609044656148e-01
2.02671125359160959e-01,	3.71696459205699625e+00
3.40709900742667982e+00,	-2.19766987895356802e+00
-1.56875150336244928e+00,	3.06074772561324782e+00
3.50363427277845219e+00,	8.56271232761835338e-02
-1.19254834442054669e+00,	3.22296355006255464e+00
1.69934262451634432e+00,	-3.23601884860422850e-01
-1.17540473417865243e+00,	3.63940914015609351e+00
-5.33231698452571595e-02,	5.24010445560456350e+00
3.02252501571604526e+00,	-1.16334913942321050e+00
3.42191447976780694e-02,	-6.92525697216375580e-01
2.63527935693401183e+00,	-4.00606814232719488e-01
-2.04773870806794767e+00,	4.04980636492374835e+00
2.50378099328469395e+00,	4.40158292163119191e-01
1.89801674196866554e+00,	1.26194236724851999e-01
2.48077514449536496e+00,	-2.49598023602453267e+00
-8.29182806377842474e-01,	2.18865062633924445e+00
5.07915481134632030e-01,	3.12949394011616233e+00
-3.26230897848824863e-01,	-1.05179115748209262e+00
9.73776673124745251e-01,	2.73346868815068245e+00
4.18144142561054899e+00,	5.57973692163777457e-01
1.74969726350552413e+00,	9.24365077019164261e-01
-4.32841286565500000e-02,	-9.69426475950900812e-02
-1.00576540176274509e+00,	-1.20932656096677515e+00
7.64168244278358832e-01,	-2.39817475272193464e-01
2.11568161650989434e-01,	1.97685076802843307e+00
1.77065116342458873e+00,	-1.68763309277958418e+00
3.98918316087230451e+00,	-7.66788514500000074e-01
3.84495341974674476e+00,	2.75919047108943161e-01
5.46830305902838987e-01,	2.06839705386000894e+00
1.89514077656118496e+00,	2.56801294832269433e-01
3.45977821166703903e+00,	-2.67887741650627786e-01
3.32135177309188956e-01,	2.86996496831919323e+00
5.76232450616026015e-01,	4.02214018504809179e+00
-2.46065299550588645e-01,	2.68158708016559544e+00
2.50656948431835280e-01,	3.38521292435026000e+00
-7.67459511424124718e-01,	3.13601759458549934e+00
-7.33431045228348788e-01,	2.55593009823710560e+00
-1.12851977271039838e+00,	3.81541428902946578e+00
2.78055681188046533e+00,	-1.44435035986990923e-01
2.00379329251392591e+00,	4.51240321084950224e+00
1.83413507248236707e+00,	-8.32051437519528814e-01
1.65727338134251223e+00,	5.63679268888327867e-01
-1.04652687905062303e+00,	3.47539302046726295e+00
2.20871631612086422e-01,	2.88033489927899389e+00
5.18397790468969388e-01,	3.18971134458749850e+00
7.33893934366591227e-01,	3.28306217454306681e+00
-9.16601393640864792e-01,	2.47836358660414069e+00
-3.39251206695361074e-01,	1.63487751493841693e+00
3.50031488703703975e+00,	2.06339587423389803e+00
2.74574471787289820e+00,	-5.83588807242385377e-01
4.91216298086634851e+00,	4.97866302363950131e-01
3.76275905461053384e+00,	-6.02977038342581761e-01
3.88296743061534499e+00,	2.67496350645717695e-01
1.30752683986934159e+00,	-2.37806395049025926e-01
3.59633660707036906e+00,	1.25994254568886110e+00
-2.40587942829998486e-01,	1.32451325104448459e+00
7.60775831567359478e-02,	3.72351934411697982e+00
2.22088462139746490e+00,	1.93698258918232114e+00
-1.30077046822697073e+00,	3.27822234742043284e+00
1.78863441713017757e+00,	-1.45420714562617226e+00
4.47816880090840996e+00,	-5.62747562715589233e-01
-3.70873174869365663e-01,	3.41334980859024872e+00
2.98489436242263739e+00,	-1.40537031087821646e-02
-8.15046169169748480e-01,	3.81896277104636317e+00
8.10919922592654663e-01,	1.97649995389133837e+00
2.76694861079626797e+00,	2.17266960410141152e+00
2.58997554480342052e+00,	3.66442721688931972e+00
1.85921059866502070e+00,	1.70111193931417382e+00
-8.28802035023010752e-02,	-1.39107015919556698e+00
2.93199374279305536e+00,	1.62241590563761484e+00
3.28373563007748714e+00,	-1.93985472228891442e+00
2.79040374750201714e+00,	3.42152044323518617e-02
1.13489837122941362e+00,	1.97879183870525877e+00
9.08257114939379440e-01,	-3.88608185262549810e-01
2.72840917466525967e+00,	2.88903185907460269e+00
3.29265401586856798e+00,	5.85498209383262802e-01
3.25633373837066831e+00,	1.33671458097478824e+00
1.90330610657647892e-01,	2.40086428372928173e+00
-3.14784408636661628e-01,	3.44874032951278409e+00
1.61965480683609969e-01,	4.18235105193919576e+00
3.54553972198754508e+00,	-1.82438624075117239e-01
3.43043922615206931e+00,	1.21396570893040101e+00
4.74212501055355773e+00,	1.51713011311767043e+00
4.25883377204229951e+00,	-4.21593188462725532e-01
3.01114240932785426e+00,	-1.38627689634536222e+00
-7.24183038061734452e-01,	3.83555614966115943e+00
2.22508470653071289e+00,	-1.39187246626933825e+00
8.98928059528787404e-02,	3.44321955716209338e+00
1.15096178151561412e+00,	2.18490818309670631e+00
3.77699184325254941e-02,	-1.34842755294283267e+00
1.00907646903679615e+00,	2.11752694965691990e-01
7.21030522115917227e-01,	1.50686508122857221e+00
2.14898719598120769e+00,	3.07116238547478737e+00
3.82724499474814550e+00,	-1.51989935297609069e+00
3.07479625202540019e+00,	-2.38316472353444375e+00
-7.59021495776548094e-01,	2.03594792828529902e+00
9.63930008489135792e-01,	2.65830864444107684e+00
4.64959578392592110e-01,	1.42838501998692369e+00
5.65881051341642238e-01,	2.64607529081380655e+00
7.46063580556572514e-01,	4.12982722337205921e+00
2.61277402209419751e-01,	3.89800542564266372e+00
-9.87103172467681422e-01,	3.01684439749395716e+00
4.30358944756775585e+00,	1.41875674301351565e-02
1.41304298744050771e+00,	3.29851699323375103e+00
3.72611127410943643e+00,	-7.71694916679093856e-03
3.20652621408626270e+00,	-1.14499512236058393e-01
-1.90465156163438709e+00,	2.86411743046005274e+00
1.24395695215858604e+00,	2.10357227167764194e+00
2.24359054381057677e+00,	1.02315846396415777e+00
2.18514333715154185e+00,	1.70558465184948416e+00
-1.05106873549021138e-01,	-1.76551891849051151e-01
3.85843422175362960e+00,	2.56994677199549826e-01
-1.11600265372801877e+00,	2.66859300372939190e+00
-1.63500285826923192e-01,	3.82022450135695912e+00
2.01840477282025296e-02,	2.69080868814681207e+00
-2.18558145689080080e-01,	-1.99928900784184599e-01
1.13074363097348352e+00,	1.12461407792112578e+00
1.19895879275348838e-01,	1.25959224574548090e+00
-4.27631089418860633e-01,	-1.38518681066150662e+00
2.06236725044796154e+00,	3.37291641677228782e+00
8.26502792746002246e-01,	5.40181263298514791e-01
1.02917800878987453e+00,	-2.42823163930785624e+00
1.28189157729551251e-01,	1.97484214220002685e+00
1.42976131664593042e+00,	2.57966231386166456e+00
6.42924865767571019e-01,	3.37830931350782215e+00
3.44625084672000981e-01,	3.16510512686399448e+00
1.03780292791208684e+00,	4.45283883036130312e-01
-1.15699372323811800e+00,	2.93906215218769784e+00
-1.34311422389951418e-01,	1.67063652791955608e+00
8.87480723051560449e-01,	1.62221671337597639e+00
2.14680053353881783e+00,	-7.49602073940842661e-01
2.85674183250752645e+00,	3.61059815353787839e-01
-7.57662137633924426e-01,	2.33222138162194836e+00
1.31628461322230650e+00,	3.80909292968580626e+00
1.19542534265451739e+00,	3.88588493998226570e+00
9.92821304731990262e-01,	3.13290506659740497e+00
3.53740929104134416e+00,	-1.78901369897237550e+00
1.23639323258981793e+00,	3.95429064007935027e+00
-4.70186690061503376e-01,	-7.19969691869862816e-01
3.43247677502408388e+00,	1.60314248788103586e+00
1.85809962690953268e+00,	2.90953478736988247e+00
1.72810502994227266e+00,	1.84862720579226392e+00
4.29856959449539655e+00,	5.44088440907591786e-01
2.24522920608610121e+00,	2.50004765815285879e+00
7.33747134592085959e-01,	-1.28254031429394566e-01
1.51086894933042815e+00,	3.72715631280991300e+00
3.94678654530726014e+00,	4.16130541837262002e-01
3.42883754396147378e-01,	5.48818012151863655e-01
3.26527160265332395e+00,	1.17870440838320811e+00
3.96964658036938278e+00,	-2.78977285118055018e+00
-1.18645478121220016e+00,	1.04360330629028297e+00
-3.53405222232796190e-01,	2.32022673992199469e+00
7.48274816176954460e-01,	3.43938005058764729e+00
2.58328545343423910e+00,	-9.78922649879997997e-01
3.64152187557206197e+00,	-1.21540192782418388e+00
2.28920527162829890e+00,	1.36526549841041012e-01
-2.72241064762667406e-01,	-1.06796852573002643e-01
3.54019930574922448e+00,	2.54096257066158571e-01
-3.75848310944991382e-01,	5.97814431723992623e-01
-9.10520967828499561e-01,	1.24724044787364785e+00
1.24818987367595291e+00,	2.29639318292456762e+00
2.67056908413392513e+00,	-8.39030774151991454e-01
1.07996916491219719e+00,	3.72130027773139505e+00
5.33606149961570164e+00,	7.45606358828817872e-01
3.22526860347020738e+00,	1.46798166069418035e-01
-2.46689099227216047e-01,	3.28860767687322442e+00
3.93066280045681538e+00,	8.57435873254885128e-01
